{"uid":"d5eb0a8dc57cf67a","name":"Verify that Search API will throw error if date to is invalid","fullName":"features.APITests.steps.test_search_steps#test_verify_that_search_api_will_throw_error_if_date_to_is_invalid","historyId":"f903d79fdd95282f6cc19404021f824d","time":{"start":1766418949381,"stop":1766418960342,"duration":10961},"description":"/home/runner/work/imms_fhir_api_automation/imms_fhir_api_automation/features/APITests/search.feature: Verify that Search API will throw error if date to is invalid","descriptionHtml":"<p>/home/runner/work/imms_fhir_api_automation/imms_fhir_api_automation/features/APITests/search.feature: Verify that Search API will throw error if date to is invalid</p>\n","status":"failed","statusMessage":"AssertionError: \n Expected status code: 400, but got: 502. Response: {'fault': {'faultstring': 'Unexpected EOF at target', 'detail': {'errorcode': 'messaging.adaptors.http.flow.UnexpectedEOFAtTarget'}}}","statusTrace":"fixturefunc = <function The_request_will_have_status_code at 0x7f57e55b8ae0>\nrequest = <FixtureRequest for <Function test_verify_that_search_api_will_throw_error_if_date_to_is_invalid[2025-05-01-2025-05-32]>>\nkwargs = {'context': <utilities.context.ScenarioContext object at 0x7f57e491f9d0>, 'statusCode': '400'}\n\n    def call_fixture_func(\n        fixturefunc: _FixtureFunc[FixtureValue], request: FixtureRequest, kwargs\n    ) -> FixtureValue:\n        if is_generator(fixturefunc):\n            fixturefunc = cast(\n                Callable[..., Generator[FixtureValue, None, None]], fixturefunc\n            )\n            generator = fixturefunc(**kwargs)\n            try:\n                fixture_result = next(generator)\n            except StopIteration:\n                raise ValueError(f\"{request.fixturename} did not yield a value\") from None\n            finalizer = functools.partial(_teardown_yield_fixture, fixturefunc, generator)\n            request.addfinalizer(finalizer)\n        else:\n            fixturefunc = cast(Callable[..., FixtureValue], fixturefunc)\n>           fixture_result = fixturefunc(**kwargs)\n\nvenv/lib/python3.11/site-packages/_pytest/fixtures.py:898: \n_ _ _ _ _ _ _ _ _ _ _ _ _ _ _ _ _ _ _ _ _ _ _ _ _ _ _ _ _ _ _ _ _ _ _ _ _ _ _ _ \n\ncontext = <utilities.context.ScenarioContext object at 0x7f57e491f9d0>\nstatusCode = '400'\n\n    @then(parsers.parse(\"The request will be unsuccessful with the status code '{statusCode}'\"))\n    @then(parsers.parse(\"The request will be successful with the status code '{statusCode}'\"))\n    def The_request_will_have_status_code(context, statusCode):\n        print(context.response.status_code)\n        print(int(statusCode))\n>       assert context.response.status_code == int(statusCode), f\"\\n Expected status code: {statusCode}, but got: {context.response.status_code}. Response: {context.response.json()} \\n\"\nE       AssertionError: \nE        Expected status code: 400, but got: 502. Response: {'fault': {'faultstring': 'Unexpected EOF at target', 'detail': {'errorcode': 'messaging.adaptors.http.flow.UnexpectedEOFAtTarget'}}}\n\nfeatures/APITests/steps/common_steps.py:66: AssertionError","flaky":false,"newFailed":true,"newBroken":false,"newPassed":false,"retriesCount":0,"retriesStatusChange":false,"beforeStages":[{"name":"setup_environment","time":{"start":1766418420490,"stop":1766418420491,"duration":1},"status":"passed","steps":[],"attachments":[],"parameters":[],"stepsCount":0,"shouldDisplayMessage":false,"attachmentsCount":0,"hasContent":false,"attachmentStep":false},{"name":"global_context","time":{"start":1766418420493,"stop":1766418422277,"duration":1784},"status":"passed","steps":[],"attachments":[],"parameters":[],"stepsCount":0,"shouldDisplayMessage":false,"attachmentsCount":0,"hasContent":false,"attachmentStep":false},{"name":"context","time":{"start":1766418949382,"stop":1766418951161,"duration":1779},"status":"passed","steps":[],"attachments":[],"parameters":[],"stepsCount":0,"shouldDisplayMessage":false,"attachmentsCount":0,"hasContent":false,"attachmentStep":false},{"name":"_pytest_bdd_example","time":{"start":1766418973614,"stop":1766418973614,"duration":0},"status":"passed","steps":[],"attachments":[],"parameters":[],"stepsCount":0,"shouldDisplayMessage":false,"attachmentsCount":0,"hasContent":false,"attachmentStep":false}],"testStage":{"description":"/home/runner/work/imms_fhir_api_automation/imms_fhir_api_automation/features/APITests/search.feature: Verify that Search API will throw error if date to is invalid","status":"failed","statusMessage":"AssertionError: \n Expected status code: 400, but got: 502. Response: {'fault': {'faultstring': 'Unexpected EOF at target', 'detail': {'errorcode': 'messaging.adaptors.http.flow.UnexpectedEOFAtTarget'}}}","statusTrace":"fixturefunc = <function The_request_will_have_status_code at 0x7f57e55b8ae0>\nrequest = <FixtureRequest for <Function test_verify_that_search_api_will_throw_error_if_date_to_is_invalid[2025-05-01-2025-05-32]>>\nkwargs = {'context': <utilities.context.ScenarioContext object at 0x7f57e491f9d0>, 'statusCode': '400'}\n\n    def call_fixture_func(\n        fixturefunc: _FixtureFunc[FixtureValue], request: FixtureRequest, kwargs\n    ) -> FixtureValue:\n        if is_generator(fixturefunc):\n            fixturefunc = cast(\n                Callable[..., Generator[FixtureValue, None, None]], fixturefunc\n            )\n            generator = fixturefunc(**kwargs)\n            try:\n                fixture_result = next(generator)\n            except StopIteration:\n                raise ValueError(f\"{request.fixturename} did not yield a value\") from None\n            finalizer = functools.partial(_teardown_yield_fixture, fixturefunc, generator)\n            request.addfinalizer(finalizer)\n        else:\n            fixturefunc = cast(Callable[..., FixtureValue], fixturefunc)\n>           fixture_result = fixturefunc(**kwargs)\n\nvenv/lib/python3.11/site-packages/_pytest/fixtures.py:898: \n_ _ _ _ _ _ _ _ _ _ _ _ _ _ _ _ _ _ _ _ _ _ _ _ _ _ _ _ _ _ _ _ _ _ _ _ _ _ _ _ \n\ncontext = <utilities.context.ScenarioContext object at 0x7f57e491f9d0>\nstatusCode = '400'\n\n    @then(parsers.parse(\"The request will be unsuccessful with the status code '{statusCode}'\"))\n    @then(parsers.parse(\"The request will be successful with the status code '{statusCode}'\"))\n    def The_request_will_have_status_code(context, statusCode):\n        print(context.response.status_code)\n        print(int(statusCode))\n>       assert context.response.status_code == int(statusCode), f\"\\n Expected status code: {statusCode}, but got: {context.response.status_code}. Response: {context.response.json()} \\n\"\nE       AssertionError: \nE        Expected status code: 400, but got: 502. Response: {'fault': {'faultstring': 'Unexpected EOF at target', 'detail': {'errorcode': 'messaging.adaptors.http.flow.UnexpectedEOFAtTarget'}}}\n\nfeatures/APITests/steps/common_steps.py:66: AssertionError","steps":[],"attachments":[{"uid":"8fcab62e1c9a02a1","name":"Step Passed: Send a search request with GET method with valid Date From '2025-05-01' and invalid Date To '2025-05-32'","source":"8fcab62e1c9a02a1.txt","type":"text/plain","size":123},{"uid":"bfee16c5441d7e21","name":"Step Failed: The request will be unsuccessful with the status code '400'","source":"bfee16c5441d7e21.txt","type":"text/plain","size":278},{"uid":"3adc79dbeba0cdce","name":"stdout","source":"3adc79dbeba0cdce.txt","type":"text/plain","size":207}],"parameters":[],"stepsCount":0,"shouldDisplayMessage":true,"attachmentsCount":3,"hasContent":true,"attachmentStep":false},"afterStages":[],"labels":[{"name":"epic","value":"Immunization Service"},{"name":"suite","value":"Search the immunization of a patient"},{"name":"feature","value":"Search the immunization of a patient"},{"name":"tag","value":"functional"},{"name":"tag","value":"supplier_name_RAVS"},{"name":"tag","value":"vaccine_type_RSV"},{"name":"tag","value":"Search_Feature"},{"name":"parentSuite","value":"features.APITests.steps"},{"name":"host","value":"runnervmh13bl"},{"name":"thread","value":"2559-MainThread"},{"name":"framework","value":"pytest"},{"name":"language","value":"cpython3"},{"name":"package","value":"features.APITests.steps.test_search_steps"},{"name":"resultFormat","value":"allure2"}],"parameters":[{"name":"_pytest_bdd_example","value":"{'DateFrom': '2025-05-01', 'DateTo': '2025-05-32'}"}],"links":[],"hidden":false,"retry":false,"extra":{"severity":"normal","retries":[],"categories":[{"name":"Product defects","matchedStatuses":[],"flaky":false}],"history":{"statistic":{"failed":1,"broken":0,"skipped":0,"passed":5,"unknown":0,"total":6},"items":[{"uid":"bbc3b07345880040","reportUrl":"https://NHSDigital.github.io/imms_fhir_api_automation/202/#testresult/bbc3b07345880040","status":"passed","time":{"start":1766413654923,"stop":1766413657829,"duration":2906}},{"uid":"d2854c651935de95","reportUrl":"https://NHSDigital.github.io/imms_fhir_api_automation/199/#testresult/d2854c651935de95","status":"passed","time":{"start":1766269345384,"stop":1766269348491,"duration":3107}},{"uid":"b470d356691c5505","reportUrl":"https://NHSDigital.github.io/imms_fhir_api_automation/197/#testresult/b470d356691c5505","status":"passed","time":{"start":1766170974070,"stop":1766170977111,"duration":3041}},{"uid":"4eb9db4460371a23","reportUrl":"https://NHSDigital.github.io/imms_fhir_api_automation/196/#testresult/4eb9db4460371a23","status":"passed","time":{"start":1765967717775,"stop":1765967721021,"duration":3246}},{"uid":"d7e6c684d525c7b6","reportUrl":"https://NHSDigital.github.io/imms_fhir_api_automation/194/#testresult/d7e6c684d525c7b6","status":"passed","time":{"start":1765899656416,"stop":1765899659430,"duration":3014}}]},"tags":["Search_Feature","functional","supplier_name_RAVS","vaccine_type_RSV"]},"source":"d5eb0a8dc57cf67a.json","parameterValues":["{'DateFrom': '2025-05-01', 'DateTo': '2025-05-32'}"]}