{"uid":"26d042ee75aacf9c","name":"Verify that the POST method of Search API will be successful with all the valid parameters","fullName":"features.APITests.steps.test_search_steps#test_verify_that_the_post_method_of_search_api_will_be_successful_with_all_the_valid_parameters","historyId":"d97854b8f7bdff596d7eec2c4b3f609a","time":{"start":1762279804852,"stop":1762279807864,"duration":3012},"description":"/home/runner/work/imms_fhir_api_automation/imms_fhir_api_automation/features/APITests/search.feature: Verify that the POST method of Search API will be successful with all the valid parameters","descriptionHtml":"<p>/home/runner/work/imms_fhir_api_automation/imms_fhir_api_automation/features/APITests/search.feature: Verify that the POST method of Search API will be successful with all the valid parameters</p>\n","status":"failed","statusMessage":"AssertionError: \n Expected status code: 200, but got: 400. Response: {'resourceType': 'OperationOutcome', 'id': 'b857f803-28da-4509-a0fa-d7b38a898bce', 'meta': {'profile': ['https://simplifier.net/guide/UKCoreDevelopment2/ProfileUKCore-OperationOutcome']}, 'issue': [{'severity': 'error', 'code': 'invalid', 'details': {'coding': [{'system': 'https://fhir.nhs.uk/Codesystem/http-error-codes', 'code': 'INVALID'}]}, 'diagnostics': 'immunization-target must be one or more of the following: RSV, SHINGLES, MMR, MMRV, PCV13, MENACWY, COVID, FLU, HPV, PERTUSSIS, 3IN1'}]}","statusTrace":"fixturefunc = <function The_request_will_have_status_code at 0x7f11617c05e0>\nrequest = <FixtureRequest for <Function test_verify_that_the_post_method_of_search_api_will_be_successful_with_all_the_valid_parameters[SupersedeNhsNo-COVID19]>>\nkwargs = {'context': <utilities.context.ScenarioContext object at 0x7f11609bfa90>, 'statusCode': '200'}\n\n    def call_fixture_func(\n        fixturefunc: _FixtureFunc[FixtureValue], request: FixtureRequest, kwargs\n    ) -> FixtureValue:\n        if is_generator(fixturefunc):\n            fixturefunc = cast(\n                Callable[..., Generator[FixtureValue, None, None]], fixturefunc\n            )\n            generator = fixturefunc(**kwargs)\n            try:\n                fixture_result = next(generator)\n            except StopIteration:\n                raise ValueError(f\"{request.fixturename} did not yield a value\") from None\n            finalizer = functools.partial(_teardown_yield_fixture, fixturefunc, generator)\n            request.addfinalizer(finalizer)\n        else:\n            fixturefunc = cast(Callable[..., FixtureValue], fixturefunc)\n>           fixture_result = fixturefunc(**kwargs)\n\nvenv/lib/python3.11/site-packages/_pytest/fixtures.py:898: \n_ _ _ _ _ _ _ _ _ _ _ _ _ _ _ _ _ _ _ _ _ _ _ _ _ _ _ _ _ _ _ _ _ _ _ _ _ _ _ _ \n\ncontext = <utilities.context.ScenarioContext object at 0x7f11609bfa90>\nstatusCode = '200'\n\n    @then(parsers.parse(\"The request will be unsuccessful with the status code '{statusCode}'\"))\n    @then(parsers.parse(\"The request will be successful with the status code '{statusCode}'\"))\n    def The_request_will_have_status_code(context, statusCode):\n        print(context.response.status_code)\n        print(int(statusCode))\n>       assert context.response.status_code == int(statusCode), f\"\\n Expected status code: {statusCode}, but got: {context.response.status_code}. Response: {context.response.json()} \\n\"\nE       AssertionError: \nE        Expected status code: 200, but got: 400. Response: {'resourceType': 'OperationOutcome', 'id': 'b857f803-28da-4509-a0fa-d7b38a898bce', 'meta': {'profile': ['https://simplifier.net/guide/UKCoreDevelopment2/ProfileUKCore-OperationOutcome']}, 'issue': [{'severity': 'error', 'code': 'invalid', 'details': {'coding': [{'system': 'https://fhir.nhs.uk/Codesystem/http-error-codes', 'code': 'INVALID'}]}, 'diagnostics': 'immunization-target must be one or more of the following: RSV, SHINGLES, MMR, MMRV, PCV13, MENACWY, COVID, FLU, HPV, PERTUSSIS, 3IN1'}]}\n\nfeatures/APITests/steps/common_steps.py:66: AssertionError","flaky":false,"newFailed":false,"newBroken":false,"newPassed":false,"retriesCount":0,"retriesStatusChange":false,"beforeStages":[{"name":"setup_environment","time":{"start":1762279578820,"stop":1762279578820,"duration":0},"status":"passed","steps":[],"attachments":[],"parameters":[],"stepsCount":0,"shouldDisplayMessage":false,"attachmentsCount":0,"hasContent":false,"attachmentStep":false},{"name":"global_context","time":{"start":1762279578823,"stop":1762279580439,"duration":1616},"status":"passed","steps":[],"attachments":[],"parameters":[],"stepsCount":0,"shouldDisplayMessage":false,"attachmentsCount":0,"hasContent":false,"attachmentStep":false},{"name":"context","time":{"start":1762279804852,"stop":1762279806027,"duration":1175},"status":"passed","steps":[],"attachments":[],"parameters":[],"stepsCount":0,"shouldDisplayMessage":false,"attachmentsCount":0,"hasContent":false,"attachmentStep":false},{"name":"_pytest_bdd_example","time":{"start":1762279865091,"stop":1762279865091,"duration":0},"status":"passed","steps":[],"attachments":[],"parameters":[],"stepsCount":0,"shouldDisplayMessage":false,"attachmentsCount":0,"hasContent":false,"attachmentStep":false}],"testStage":{"description":"/home/runner/work/imms_fhir_api_automation/imms_fhir_api_automation/features/APITests/search.feature: Verify that the POST method of Search API will be successful with all the valid parameters","status":"failed","statusMessage":"AssertionError: \n Expected status code: 200, but got: 400. Response: {'resourceType': 'OperationOutcome', 'id': 'b857f803-28da-4509-a0fa-d7b38a898bce', 'meta': {'profile': ['https://simplifier.net/guide/UKCoreDevelopment2/ProfileUKCore-OperationOutcome']}, 'issue': [{'severity': 'error', 'code': 'invalid', 'details': {'coding': [{'system': 'https://fhir.nhs.uk/Codesystem/http-error-codes', 'code': 'INVALID'}]}, 'diagnostics': 'immunization-target must be one or more of the following: RSV, SHINGLES, MMR, MMRV, PCV13, MENACWY, COVID, FLU, HPV, PERTUSSIS, 3IN1'}]}","statusTrace":"fixturefunc = <function The_request_will_have_status_code at 0x7f11617c05e0>\nrequest = <FixtureRequest for <Function test_verify_that_the_post_method_of_search_api_will_be_successful_with_all_the_valid_parameters[SupersedeNhsNo-COVID19]>>\nkwargs = {'context': <utilities.context.ScenarioContext object at 0x7f11609bfa90>, 'statusCode': '200'}\n\n    def call_fixture_func(\n        fixturefunc: _FixtureFunc[FixtureValue], request: FixtureRequest, kwargs\n    ) -> FixtureValue:\n        if is_generator(fixturefunc):\n            fixturefunc = cast(\n                Callable[..., Generator[FixtureValue, None, None]], fixturefunc\n            )\n            generator = fixturefunc(**kwargs)\n            try:\n                fixture_result = next(generator)\n            except StopIteration:\n                raise ValueError(f\"{request.fixturename} did not yield a value\") from None\n            finalizer = functools.partial(_teardown_yield_fixture, fixturefunc, generator)\n            request.addfinalizer(finalizer)\n        else:\n            fixturefunc = cast(Callable[..., FixtureValue], fixturefunc)\n>           fixture_result = fixturefunc(**kwargs)\n\nvenv/lib/python3.11/site-packages/_pytest/fixtures.py:898: \n_ _ _ _ _ _ _ _ _ _ _ _ _ _ _ _ _ _ _ _ _ _ _ _ _ _ _ _ _ _ _ _ _ _ _ _ _ _ _ _ \n\ncontext = <utilities.context.ScenarioContext object at 0x7f11609bfa90>\nstatusCode = '200'\n\n    @then(parsers.parse(\"The request will be unsuccessful with the status code '{statusCode}'\"))\n    @then(parsers.parse(\"The request will be successful with the status code '{statusCode}'\"))\n    def The_request_will_have_status_code(context, statusCode):\n        print(context.response.status_code)\n        print(int(statusCode))\n>       assert context.response.status_code == int(statusCode), f\"\\n Expected status code: {statusCode}, but got: {context.response.status_code}. Response: {context.response.json()} \\n\"\nE       AssertionError: \nE        Expected status code: 200, but got: 400. Response: {'resourceType': 'OperationOutcome', 'id': 'b857f803-28da-4509-a0fa-d7b38a898bce', 'meta': {'profile': ['https://simplifier.net/guide/UKCoreDevelopment2/ProfileUKCore-OperationOutcome']}, 'issue': [{'severity': 'error', 'code': 'invalid', 'details': {'coding': [{'system': 'https://fhir.nhs.uk/Codesystem/http-error-codes', 'code': 'INVALID'}]}, 'diagnostics': 'immunization-target must be one or more of the following: RSV, SHINGLES, MMR, MMRV, PCV13, MENACWY, COVID, FLU, HPV, PERTUSSIS, 3IN1'}]}\n\nfeatures/APITests/steps/common_steps.py:66: AssertionError","steps":[],"attachments":[{"uid":"2a968be3cae747bd","name":"Step Passed: Valid vaccination record is created with Patient 'SupersedeNhsNo' and vaccine_type 'COVID19'","source":"2a968be3cae747bd.txt","type":"text/plain","size":111},{"uid":"ab18407abdaf8fc8","name":"Step Passed: Send a search request with POST method for Immunization event created","source":"ab18407abdaf8fc8.txt","type":"text/plain","size":88},{"uid":"362d093cd3213e23","name":"Step Failed: The request will be successful with the status code '200'","source":"362d093cd3213e23.txt","type":"text/plain","size":641},{"uid":"47579cbe79a3166d","name":"stdout","source":"47579cbe79a3166d.txt","type":"text/plain","size":5048}],"parameters":[],"stepsCount":0,"shouldDisplayMessage":true,"attachmentsCount":4,"hasContent":true,"attachmentStep":false},"afterStages":[],"labels":[{"name":"epic","value":"Immunization Service"},{"name":"suite","value":"Search the immunization of a patient"},{"name":"feature","value":"Search the immunization of a patient"},{"name":"tag","value":"supplier_name_Postman_Auth"},{"name":"tag","value":"Delete_cleanUp"},{"name":"tag","value":"Search_Feature"},{"name":"parentSuite","value":"features.APITests.steps"},{"name":"host","value":"runnervmf2e7y"},{"name":"thread","value":"2486-MainThread"},{"name":"framework","value":"pytest"},{"name":"language","value":"cpython3"},{"name":"package","value":"features.APITests.steps.test_search_steps"},{"name":"resultFormat","value":"allure2"}],"parameters":[{"name":"_pytest_bdd_example","value":"{'Patient': 'SupersedeNhsNo', 'Vaccine_type': 'COVID19'}"}],"links":[],"hidden":false,"retry":false,"extra":{"severity":"normal","retries":[],"categories":[{"name":"Product defects","matchedStatuses":[],"flaky":false}],"history":{"statistic":{"failed":2,"broken":0,"skipped":0,"passed":0,"unknown":0,"total":2},"items":[{"uid":"2c0908f97045e170","reportUrl":"https://NHSDigital.github.io/imms_fhir_api_automation/129/#testresult/2c0908f97045e170","status":"failed","statusDetails":"AssertionError: \n Expected status code: 200, but got: 400. Response: {'resourceType': 'OperationOutcome', 'id': '8e7fb71f-e591-4e5f-84b7-cfac090abc90', 'meta': {'profile': ['https://simplifier.net/guide/UKCoreDevelopment2/ProfileUKCore-OperationOutcome']}, 'issue': [{'severity': 'error', 'code': 'invalid', 'details': {'coding': [{'system': 'https://fhir.nhs.uk/Codesystem/http-error-codes', 'code': 'INVALID'}]}, 'diagnostics': 'immunization-target must be one or more of the following: RSV, SHINGLES, MMR, MMRV, PCV13, MENACWY, COVID, FLU, HPV, PERTUSSIS, 3IN1'}]}","time":{"start":1762274292132,"stop":1762274295099,"duration":2967}}]},"tags":["Search_Feature","supplier_name_Postman_Auth","Delete_cleanUp"]},"source":"26d042ee75aacf9c.json","parameterValues":["{'Patient': 'SupersedeNhsNo', 'Vaccine_type': 'COVID19'}"]}