{"uid":"34628d3070858110","name":"Verify that the GET method of Search API will be successful with all the valid parameters","fullName":"features.APITests.steps.test_search_steps#test_verify_that_the_get_method_of_search_api_will_be_successful_with_all_the_valid_parameters","historyId":"6a07bdb4da4f42c36abed7b16e6db7ad","time":{"start":1762279772911,"stop":1762279775831,"duration":2920},"description":"/home/runner/work/imms_fhir_api_automation/imms_fhir_api_automation/features/APITests/search.feature: Verify that the GET method of Search API will be successful with all the valid parameters","descriptionHtml":"<p>/home/runner/work/imms_fhir_api_automation/imms_fhir_api_automation/features/APITests/search.feature: Verify that the GET method of Search API will be successful with all the valid parameters</p>\n","status":"failed","statusMessage":"AssertionError: \n Expected status code: 200, but got: 400. Response: {'resourceType': 'OperationOutcome', 'id': 'f7da9cf6-7f56-4314-acc6-03860c634ff4', 'meta': {'profile': ['https://simplifier.net/guide/UKCoreDevelopment2/ProfileUKCore-OperationOutcome']}, 'issue': [{'severity': 'error', 'code': 'invalid', 'details': {'coding': [{'system': 'https://fhir.nhs.uk/Codesystem/http-error-codes', 'code': 'INVALID'}]}, 'diagnostics': 'immunization-target must be one or more of the following: RSV, SHINGLES, MMR, MMRV, PCV13, MENACWY, COVID, FLU, HPV, PERTUSSIS, 3IN1'}]}","statusTrace":"fixturefunc = <function The_request_will_have_status_code at 0x7f11617c05e0>\nrequest = <FixtureRequest for <Function test_verify_that_the_get_method_of_search_api_will_be_successful_with_all_the_valid_parameters[SupersedeNhsNo-COVID19]>>\nkwargs = {'context': <utilities.context.ScenarioContext object at 0x7f11604a1510>, 'statusCode': '200'}\n\n    def call_fixture_func(\n        fixturefunc: _FixtureFunc[FixtureValue], request: FixtureRequest, kwargs\n    ) -> FixtureValue:\n        if is_generator(fixturefunc):\n            fixturefunc = cast(\n                Callable[..., Generator[FixtureValue, None, None]], fixturefunc\n            )\n            generator = fixturefunc(**kwargs)\n            try:\n                fixture_result = next(generator)\n            except StopIteration:\n                raise ValueError(f\"{request.fixturename} did not yield a value\") from None\n            finalizer = functools.partial(_teardown_yield_fixture, fixturefunc, generator)\n            request.addfinalizer(finalizer)\n        else:\n            fixturefunc = cast(Callable[..., FixtureValue], fixturefunc)\n>           fixture_result = fixturefunc(**kwargs)\n\nvenv/lib/python3.11/site-packages/_pytest/fixtures.py:898: \n_ _ _ _ _ _ _ _ _ _ _ _ _ _ _ _ _ _ _ _ _ _ _ _ _ _ _ _ _ _ _ _ _ _ _ _ _ _ _ _ \n\ncontext = <utilities.context.ScenarioContext object at 0x7f11604a1510>\nstatusCode = '200'\n\n    @then(parsers.parse(\"The request will be unsuccessful with the status code '{statusCode}'\"))\n    @then(parsers.parse(\"The request will be successful with the status code '{statusCode}'\"))\n    def The_request_will_have_status_code(context, statusCode):\n        print(context.response.status_code)\n        print(int(statusCode))\n>       assert context.response.status_code == int(statusCode), f\"\\n Expected status code: {statusCode}, but got: {context.response.status_code}. Response: {context.response.json()} \\n\"\nE       AssertionError: \nE        Expected status code: 200, but got: 400. Response: {'resourceType': 'OperationOutcome', 'id': 'f7da9cf6-7f56-4314-acc6-03860c634ff4', 'meta': {'profile': ['https://simplifier.net/guide/UKCoreDevelopment2/ProfileUKCore-OperationOutcome']}, 'issue': [{'severity': 'error', 'code': 'invalid', 'details': {'coding': [{'system': 'https://fhir.nhs.uk/Codesystem/http-error-codes', 'code': 'INVALID'}]}, 'diagnostics': 'immunization-target must be one or more of the following: RSV, SHINGLES, MMR, MMRV, PCV13, MENACWY, COVID, FLU, HPV, PERTUSSIS, 3IN1'}]}\n\nfeatures/APITests/steps/common_steps.py:66: AssertionError","flaky":false,"newFailed":false,"newBroken":false,"newPassed":false,"retriesCount":0,"retriesStatusChange":false,"beforeStages":[{"name":"setup_environment","time":{"start":1762279578820,"stop":1762279578820,"duration":0},"status":"passed","steps":[],"attachments":[],"parameters":[],"stepsCount":0,"shouldDisplayMessage":false,"attachmentsCount":0,"hasContent":false,"attachmentStep":false},{"name":"global_context","time":{"start":1762279578823,"stop":1762279580439,"duration":1616},"status":"passed","steps":[],"attachments":[],"parameters":[],"stepsCount":0,"shouldDisplayMessage":false,"attachmentsCount":0,"hasContent":false,"attachmentStep":false},{"name":"context","time":{"start":1762279772911,"stop":1762279774114,"duration":1203},"status":"passed","steps":[],"attachments":[],"parameters":[],"stepsCount":0,"shouldDisplayMessage":false,"attachmentsCount":0,"hasContent":false,"attachmentStep":false},{"name":"_pytest_bdd_example","time":{"start":1762279865091,"stop":1762279865091,"duration":0},"status":"passed","steps":[],"attachments":[],"parameters":[],"stepsCount":0,"shouldDisplayMessage":false,"attachmentsCount":0,"hasContent":false,"attachmentStep":false}],"testStage":{"description":"/home/runner/work/imms_fhir_api_automation/imms_fhir_api_automation/features/APITests/search.feature: Verify that the GET method of Search API will be successful with all the valid parameters","status":"failed","statusMessage":"AssertionError: \n Expected status code: 200, but got: 400. Response: {'resourceType': 'OperationOutcome', 'id': 'f7da9cf6-7f56-4314-acc6-03860c634ff4', 'meta': {'profile': ['https://simplifier.net/guide/UKCoreDevelopment2/ProfileUKCore-OperationOutcome']}, 'issue': [{'severity': 'error', 'code': 'invalid', 'details': {'coding': [{'system': 'https://fhir.nhs.uk/Codesystem/http-error-codes', 'code': 'INVALID'}]}, 'diagnostics': 'immunization-target must be one or more of the following: RSV, SHINGLES, MMR, MMRV, PCV13, MENACWY, COVID, FLU, HPV, PERTUSSIS, 3IN1'}]}","statusTrace":"fixturefunc = <function The_request_will_have_status_code at 0x7f11617c05e0>\nrequest = <FixtureRequest for <Function test_verify_that_the_get_method_of_search_api_will_be_successful_with_all_the_valid_parameters[SupersedeNhsNo-COVID19]>>\nkwargs = {'context': <utilities.context.ScenarioContext object at 0x7f11604a1510>, 'statusCode': '200'}\n\n    def call_fixture_func(\n        fixturefunc: _FixtureFunc[FixtureValue], request: FixtureRequest, kwargs\n    ) -> FixtureValue:\n        if is_generator(fixturefunc):\n            fixturefunc = cast(\n                Callable[..., Generator[FixtureValue, None, None]], fixturefunc\n            )\n            generator = fixturefunc(**kwargs)\n            try:\n                fixture_result = next(generator)\n            except StopIteration:\n                raise ValueError(f\"{request.fixturename} did not yield a value\") from None\n            finalizer = functools.partial(_teardown_yield_fixture, fixturefunc, generator)\n            request.addfinalizer(finalizer)\n        else:\n            fixturefunc = cast(Callable[..., FixtureValue], fixturefunc)\n>           fixture_result = fixturefunc(**kwargs)\n\nvenv/lib/python3.11/site-packages/_pytest/fixtures.py:898: \n_ _ _ _ _ _ _ _ _ _ _ _ _ _ _ _ _ _ _ _ _ _ _ _ _ _ _ _ _ _ _ _ _ _ _ _ _ _ _ _ \n\ncontext = <utilities.context.ScenarioContext object at 0x7f11604a1510>\nstatusCode = '200'\n\n    @then(parsers.parse(\"The request will be unsuccessful with the status code '{statusCode}'\"))\n    @then(parsers.parse(\"The request will be successful with the status code '{statusCode}'\"))\n    def The_request_will_have_status_code(context, statusCode):\n        print(context.response.status_code)\n        print(int(statusCode))\n>       assert context.response.status_code == int(statusCode), f\"\\n Expected status code: {statusCode}, but got: {context.response.status_code}. Response: {context.response.json()} \\n\"\nE       AssertionError: \nE        Expected status code: 200, but got: 400. Response: {'resourceType': 'OperationOutcome', 'id': 'f7da9cf6-7f56-4314-acc6-03860c634ff4', 'meta': {'profile': ['https://simplifier.net/guide/UKCoreDevelopment2/ProfileUKCore-OperationOutcome']}, 'issue': [{'severity': 'error', 'code': 'invalid', 'details': {'coding': [{'system': 'https://fhir.nhs.uk/Codesystem/http-error-codes', 'code': 'INVALID'}]}, 'diagnostics': 'immunization-target must be one or more of the following: RSV, SHINGLES, MMR, MMRV, PCV13, MENACWY, COVID, FLU, HPV, PERTUSSIS, 3IN1'}]}\n\nfeatures/APITests/steps/common_steps.py:66: AssertionError","steps":[],"attachments":[{"uid":"16f5be6b53791789","name":"Step Passed: Valid vaccination record is created with Patient 'SupersedeNhsNo' and vaccine_type 'COVID19'","source":"16f5be6b53791789.txt","type":"text/plain","size":111},{"uid":"6d2c06550ae6ae0","name":"Step Passed: Send a search request with GET method for Immunization event created","source":"6d2c06550ae6ae0.txt","type":"text/plain","size":87},{"uid":"c0fde459e7d2d82a","name":"Step Failed: The request will be successful with the status code '200'","source":"c0fde459e7d2d82a.txt","type":"text/plain","size":641},{"uid":"f0e134efdcee27ed","name":"stdout","source":"f0e134efdcee27ed.txt","type":"text/plain","size":5055}],"parameters":[],"stepsCount":0,"shouldDisplayMessage":true,"attachmentsCount":4,"hasContent":true,"attachmentStep":false},"afterStages":[],"labels":[{"name":"epic","value":"Immunization Service"},{"name":"suite","value":"Search the immunization of a patient"},{"name":"feature","value":"Search the immunization of a patient"},{"name":"tag","value":"supplier_name_Postman_Auth"},{"name":"tag","value":"Delete_cleanUp"},{"name":"tag","value":"Search_Feature"},{"name":"parentSuite","value":"features.APITests.steps"},{"name":"host","value":"runnervmf2e7y"},{"name":"thread","value":"2486-MainThread"},{"name":"framework","value":"pytest"},{"name":"language","value":"cpython3"},{"name":"package","value":"features.APITests.steps.test_search_steps"},{"name":"resultFormat","value":"allure2"}],"parameters":[{"name":"_pytest_bdd_example","value":"{'Patient': 'SupersedeNhsNo', 'Vaccine_type': 'COVID19'}"}],"links":[],"hidden":false,"retry":false,"extra":{"severity":"normal","retries":[],"categories":[{"name":"Product defects","matchedStatuses":[],"flaky":false}],"history":{"statistic":{"failed":2,"broken":0,"skipped":0,"passed":0,"unknown":0,"total":2},"items":[{"uid":"d098353741834b91","reportUrl":"https://NHSDigital.github.io/imms_fhir_api_automation/129/#testresult/d098353741834b91","status":"failed","statusDetails":"AssertionError: \n Expected status code: 200, but got: 400. Response: {'resourceType': 'OperationOutcome', 'id': 'f2581a2f-e797-45e3-8703-802ec8e42ad0', 'meta': {'profile': ['https://simplifier.net/guide/UKCoreDevelopment2/ProfileUKCore-OperationOutcome']}, 'issue': [{'severity': 'error', 'code': 'invalid', 'details': {'coding': [{'system': 'https://fhir.nhs.uk/Codesystem/http-error-codes', 'code': 'INVALID'}]}, 'diagnostics': 'immunization-target must be one or more of the following: RSV, SHINGLES, MMR, MMRV, PCV13, MENACWY, COVID, FLU, HPV, PERTUSSIS, 3IN1'}]}","time":{"start":1762274260121,"stop":1762274263178,"duration":3057}}]},"tags":["Search_Feature","supplier_name_Postman_Auth","Delete_cleanUp"]},"source":"34628d3070858110.json","parameterValues":["{'Patient': 'SupersedeNhsNo', 'Vaccine_type': 'COVID19'}"]}