{"uid":"6ee1d902fc61f895","name":"Verify that Search API will throw error supplier is not authorized to make Search","fullName":"features.APITests.steps.test_search_steps#test_verify_that_search_api_will_throw_error_supplier_is_not_authorized_to_make_search","historyId":"d63ae22c2fb90b9310fa587dcdb157a4","time":{"start":1762279863232,"stop":1762279865060,"duration":1828},"description":"/home/runner/work/imms_fhir_api_automation/imms_fhir_api_automation/features/APITests/search.feature: Verify that Search API will throw error supplier is not authorized to make Search","descriptionHtml":"<p>/home/runner/work/imms_fhir_api_automation/imms_fhir_api_automation/features/APITests/search.feature: Verify that Search API will throw error supplier is not authorized to make Search</p>\n","status":"failed","statusMessage":"AssertionError: \n Expected status code: 403, but got: 400. Response: {'resourceType': 'OperationOutcome', 'id': 'f973c810-c8ac-4383-a306-9949660f8b74', 'meta': {'profile': ['https://simplifier.net/guide/UKCoreDevelopment2/ProfileUKCore-OperationOutcome']}, 'issue': [{'severity': 'error', 'code': 'invalid', 'details': {'coding': [{'system': 'https://fhir.nhs.uk/Codesystem/http-error-codes', 'code': 'INVALID'}]}, 'diagnostics': 'immunization-target must be one or more of the following: RSV, SHINGLES, MMR, MMRV, PCV13, MENACWY, COVID, FLU, HPV, PERTUSSIS, 3IN1'}]}","statusTrace":"fixturefunc = <function The_request_will_have_status_code at 0x7f11617c05e0>\nrequest = <FixtureRequest for <Function test_verify_that_search_api_will_throw_error_supplier_is_not_authorized_to_make_search[9449304424-COVID19]>>\nkwargs = {'context': <utilities.context.ScenarioContext object at 0x7f11608fa890>, 'statusCode': '403'}\n\n    def call_fixture_func(\n        fixturefunc: _FixtureFunc[FixtureValue], request: FixtureRequest, kwargs\n    ) -> FixtureValue:\n        if is_generator(fixturefunc):\n            fixturefunc = cast(\n                Callable[..., Generator[FixtureValue, None, None]], fixturefunc\n            )\n            generator = fixturefunc(**kwargs)\n            try:\n                fixture_result = next(generator)\n            except StopIteration:\n                raise ValueError(f\"{request.fixturename} did not yield a value\") from None\n            finalizer = functools.partial(_teardown_yield_fixture, fixturefunc, generator)\n            request.addfinalizer(finalizer)\n        else:\n            fixturefunc = cast(Callable[..., FixtureValue], fixturefunc)\n>           fixture_result = fixturefunc(**kwargs)\n\nvenv/lib/python3.11/site-packages/_pytest/fixtures.py:898: \n_ _ _ _ _ _ _ _ _ _ _ _ _ _ _ _ _ _ _ _ _ _ _ _ _ _ _ _ _ _ _ _ _ _ _ _ _ _ _ _ \n\ncontext = <utilities.context.ScenarioContext object at 0x7f11608fa890>\nstatusCode = '403'\n\n    @then(parsers.parse(\"The request will be unsuccessful with the status code '{statusCode}'\"))\n    @then(parsers.parse(\"The request will be successful with the status code '{statusCode}'\"))\n    def The_request_will_have_status_code(context, statusCode):\n        print(context.response.status_code)\n        print(int(statusCode))\n>       assert context.response.status_code == int(statusCode), f\"\\n Expected status code: {statusCode}, but got: {context.response.status_code}. Response: {context.response.json()} \\n\"\nE       AssertionError: \nE        Expected status code: 403, but got: 400. Response: {'resourceType': 'OperationOutcome', 'id': 'f973c810-c8ac-4383-a306-9949660f8b74', 'meta': {'profile': ['https://simplifier.net/guide/UKCoreDevelopment2/ProfileUKCore-OperationOutcome']}, 'issue': [{'severity': 'error', 'code': 'invalid', 'details': {'coding': [{'system': 'https://fhir.nhs.uk/Codesystem/http-error-codes', 'code': 'INVALID'}]}, 'diagnostics': 'immunization-target must be one or more of the following: RSV, SHINGLES, MMR, MMRV, PCV13, MENACWY, COVID, FLU, HPV, PERTUSSIS, 3IN1'}]}\n\nfeatures/APITests/steps/common_steps.py:66: AssertionError","flaky":false,"newFailed":false,"newBroken":false,"newPassed":false,"retriesCount":0,"retriesStatusChange":false,"beforeStages":[{"name":"setup_environment","time":{"start":1762279578820,"stop":1762279578820,"duration":0},"status":"passed","steps":[],"attachments":[],"parameters":[],"stepsCount":0,"shouldDisplayMessage":false,"attachmentsCount":0,"hasContent":false,"attachmentStep":false},{"name":"global_context","time":{"start":1762279578823,"stop":1762279580439,"duration":1616},"status":"passed","steps":[],"attachments":[],"parameters":[],"stepsCount":0,"shouldDisplayMessage":false,"attachmentsCount":0,"hasContent":false,"attachmentStep":false},{"name":"context","time":{"start":1762279863233,"stop":1762279864482,"duration":1249},"status":"passed","steps":[],"attachments":[],"parameters":[],"stepsCount":0,"shouldDisplayMessage":false,"attachmentsCount":0,"hasContent":false,"attachmentStep":false},{"name":"_pytest_bdd_example","time":{"start":1762279865091,"stop":1762279865091,"duration":0},"status":"passed","steps":[],"attachments":[],"parameters":[],"stepsCount":0,"shouldDisplayMessage":false,"attachmentsCount":0,"hasContent":false,"attachmentStep":false}],"testStage":{"description":"/home/runner/work/imms_fhir_api_automation/imms_fhir_api_automation/features/APITests/search.feature: Verify that Search API will throw error supplier is not authorized to make Search","status":"failed","statusMessage":"AssertionError: \n Expected status code: 403, but got: 400. Response: {'resourceType': 'OperationOutcome', 'id': 'f973c810-c8ac-4383-a306-9949660f8b74', 'meta': {'profile': ['https://simplifier.net/guide/UKCoreDevelopment2/ProfileUKCore-OperationOutcome']}, 'issue': [{'severity': 'error', 'code': 'invalid', 'details': {'coding': [{'system': 'https://fhir.nhs.uk/Codesystem/http-error-codes', 'code': 'INVALID'}]}, 'diagnostics': 'immunization-target must be one or more of the following: RSV, SHINGLES, MMR, MMRV, PCV13, MENACWY, COVID, FLU, HPV, PERTUSSIS, 3IN1'}]}","statusTrace":"fixturefunc = <function The_request_will_have_status_code at 0x7f11617c05e0>\nrequest = <FixtureRequest for <Function test_verify_that_search_api_will_throw_error_supplier_is_not_authorized_to_make_search[9449304424-COVID19]>>\nkwargs = {'context': <utilities.context.ScenarioContext object at 0x7f11608fa890>, 'statusCode': '403'}\n\n    def call_fixture_func(\n        fixturefunc: _FixtureFunc[FixtureValue], request: FixtureRequest, kwargs\n    ) -> FixtureValue:\n        if is_generator(fixturefunc):\n            fixturefunc = cast(\n                Callable[..., Generator[FixtureValue, None, None]], fixturefunc\n            )\n            generator = fixturefunc(**kwargs)\n            try:\n                fixture_result = next(generator)\n            except StopIteration:\n                raise ValueError(f\"{request.fixturename} did not yield a value\") from None\n            finalizer = functools.partial(_teardown_yield_fixture, fixturefunc, generator)\n            request.addfinalizer(finalizer)\n        else:\n            fixturefunc = cast(Callable[..., FixtureValue], fixturefunc)\n>           fixture_result = fixturefunc(**kwargs)\n\nvenv/lib/python3.11/site-packages/_pytest/fixtures.py:898: \n_ _ _ _ _ _ _ _ _ _ _ _ _ _ _ _ _ _ _ _ _ _ _ _ _ _ _ _ _ _ _ _ _ _ _ _ _ _ _ _ \n\ncontext = <utilities.context.ScenarioContext object at 0x7f11608fa890>\nstatusCode = '403'\n\n    @then(parsers.parse(\"The request will be unsuccessful with the status code '{statusCode}'\"))\n    @then(parsers.parse(\"The request will be successful with the status code '{statusCode}'\"))\n    def The_request_will_have_status_code(context, statusCode):\n        print(context.response.status_code)\n        print(int(statusCode))\n>       assert context.response.status_code == int(statusCode), f\"\\n Expected status code: {statusCode}, but got: {context.response.status_code}. Response: {context.response.json()} \\n\"\nE       AssertionError: \nE        Expected status code: 403, but got: 400. Response: {'resourceType': 'OperationOutcome', 'id': 'f973c810-c8ac-4383-a306-9949660f8b74', 'meta': {'profile': ['https://simplifier.net/guide/UKCoreDevelopment2/ProfileUKCore-OperationOutcome']}, 'issue': [{'severity': 'error', 'code': 'invalid', 'details': {'coding': [{'system': 'https://fhir.nhs.uk/Codesystem/http-error-codes', 'code': 'INVALID'}]}, 'diagnostics': 'immunization-target must be one or more of the following: RSV, SHINGLES, MMR, MMRV, PCV13, MENACWY, COVID, FLU, HPV, PERTUSSIS, 3IN1'}]}\n\nfeatures/APITests/steps/common_steps.py:66: AssertionError","steps":[],"attachments":[{"uid":"378693278fd58b4e","name":"Step Passed: Send a search request with GET method with invalid NHS Number '9449304424' and valid Disease Type 'COVID19'","source":"378693278fd58b4e.txt","type":"text/plain","size":126},{"uid":"1194c89679d75f6b","name":"Step Failed: The request will be unsuccessful with the status code '403'","source":"1194c89679d75f6b.txt","type":"text/plain","size":643},{"uid":"24b6e7573ac559c5","name":"stdout","source":"24b6e7573ac559c5.txt","type":"text/plain","size":191}],"parameters":[],"stepsCount":0,"shouldDisplayMessage":true,"attachmentsCount":3,"hasContent":true,"attachmentStep":false},"afterStages":[],"labels":[{"name":"epic","value":"Immunization Service"},{"name":"suite","value":"Search the immunization of a patient"},{"name":"feature","value":"Search the immunization of a patient"},{"name":"tag","value":"supplier_name_SONAR"},{"name":"tag","value":"Search_Feature"},{"name":"parentSuite","value":"features.APITests.steps"},{"name":"host","value":"runnervmf2e7y"},{"name":"thread","value":"2486-MainThread"},{"name":"framework","value":"pytest"},{"name":"language","value":"cpython3"},{"name":"package","value":"features.APITests.steps.test_search_steps"},{"name":"resultFormat","value":"allure2"}],"parameters":[{"name":"_pytest_bdd_example","value":"{'NHSNumber': '9449304424', 'DiseaseType': 'COVID19'}"}],"links":[],"hidden":false,"retry":false,"extra":{"severity":"normal","retries":[],"categories":[{"name":"Product defects","matchedStatuses":[],"flaky":false}],"history":{"statistic":{"failed":2,"broken":0,"skipped":0,"passed":0,"unknown":0,"total":2},"items":[{"uid":"b8ea26885395f282","reportUrl":"https://NHSDigital.github.io/imms_fhir_api_automation/129/#testresult/b8ea26885395f282","status":"failed","statusDetails":"AssertionError: \n Expected status code: 403, but got: 400. Response: {'resourceType': 'OperationOutcome', 'id': '180b5331-5b9c-4ed8-83da-287c7697c352', 'meta': {'profile': ['https://simplifier.net/guide/UKCoreDevelopment2/ProfileUKCore-OperationOutcome']}, 'issue': [{'severity': 'error', 'code': 'invalid', 'details': {'coding': [{'system': 'https://fhir.nhs.uk/Codesystem/http-error-codes', 'code': 'INVALID'}]}, 'diagnostics': 'immunization-target must be one or more of the following: RSV, SHINGLES, MMR, MMRV, PCV13, MENACWY, COVID, FLU, HPV, PERTUSSIS, 3IN1'}]}","time":{"start":1762274350633,"stop":1762274352432,"duration":1799}}]},"tags":["Search_Feature","supplier_name_SONAR"]},"source":"6ee1d902fc61f895.json","parameterValues":["{'NHSNumber': '9449304424', 'DiseaseType': 'COVID19'}"]}