{"uid":"973f6534c76d5ac1","name":"Verify that the immunisation events retrieved in the response of Search API should be within Date From and Date To range","fullName":"features.APITests.steps.test_search_steps#test_verify_that_the_immunisation_events_retrieved_in_the_response_of_search_api_should_be_within_date_from_and_date_to_range","historyId":"ecf9f79f37a2e4179324151c559a7b2a","time":{"start":1762279807942,"stop":1762279809674,"duration":1732},"description":"/home/runner/work/imms_fhir_api_automation/imms_fhir_api_automation/features/APITests/search.feature: Verify that the immunisation events retrieved in the response of Search API should be within Date From and Date To range","descriptionHtml":"<p>/home/runner/work/imms_fhir_api_automation/imms_fhir_api_automation/features/APITests/search.feature: Verify that the immunisation events retrieved in the response of Search API should be within Date From and Date To range</p>\n","status":"failed","statusMessage":"AssertionError: \n Expected status code: 200, but got: 400. Response: {'resourceType': 'OperationOutcome', 'id': 'e517ce95-0b2a-42f0-9751-01c07d0a5589', 'meta': {'profile': ['https://simplifier.net/guide/UKCoreDevelopment2/ProfileUKCore-OperationOutcome']}, 'issue': [{'severity': 'error', 'code': 'invalid', 'details': {'coding': [{'system': 'https://fhir.nhs.uk/Codesystem/http-error-codes', 'code': 'INVALID'}]}, 'diagnostics': 'immunization-target must be one or more of the following: RSV, SHINGLES, MMR, MMRV, PCV13, MENACWY, COVID, FLU, HPV, PERTUSSIS, 3IN1'}]}","statusTrace":"fixturefunc = <function The_request_will_have_status_code at 0x7f11617c05e0>\nrequest = <FixtureRequest for <Function test_verify_that_the_immunisation_events_retrieved_in_the_response_of_search_api_should_be_within_date_from_and_date_to_range[9728403348-COVID19-2025-06-18-2025-06-25]>>\nkwargs = {'context': <utilities.context.ScenarioContext object at 0x7f11603bced0>, 'statusCode': '200'}\n\n    def call_fixture_func(\n        fixturefunc: _FixtureFunc[FixtureValue], request: FixtureRequest, kwargs\n    ) -> FixtureValue:\n        if is_generator(fixturefunc):\n            fixturefunc = cast(\n                Callable[..., Generator[FixtureValue, None, None]], fixturefunc\n            )\n            generator = fixturefunc(**kwargs)\n            try:\n                fixture_result = next(generator)\n            except StopIteration:\n                raise ValueError(f\"{request.fixturename} did not yield a value\") from None\n            finalizer = functools.partial(_teardown_yield_fixture, fixturefunc, generator)\n            request.addfinalizer(finalizer)\n        else:\n            fixturefunc = cast(Callable[..., FixtureValue], fixturefunc)\n>           fixture_result = fixturefunc(**kwargs)\n\nvenv/lib/python3.11/site-packages/_pytest/fixtures.py:898: \n_ _ _ _ _ _ _ _ _ _ _ _ _ _ _ _ _ _ _ _ _ _ _ _ _ _ _ _ _ _ _ _ _ _ _ _ _ _ _ _ \n\ncontext = <utilities.context.ScenarioContext object at 0x7f11603bced0>\nstatusCode = '200'\n\n    @then(parsers.parse(\"The request will be unsuccessful with the status code '{statusCode}'\"))\n    @then(parsers.parse(\"The request will be successful with the status code '{statusCode}'\"))\n    def The_request_will_have_status_code(context, statusCode):\n        print(context.response.status_code)\n        print(int(statusCode))\n>       assert context.response.status_code == int(statusCode), f\"\\n Expected status code: {statusCode}, but got: {context.response.status_code}. Response: {context.response.json()} \\n\"\nE       AssertionError: \nE        Expected status code: 200, but got: 400. Response: {'resourceType': 'OperationOutcome', 'id': 'e517ce95-0b2a-42f0-9751-01c07d0a5589', 'meta': {'profile': ['https://simplifier.net/guide/UKCoreDevelopment2/ProfileUKCore-OperationOutcome']}, 'issue': [{'severity': 'error', 'code': 'invalid', 'details': {'coding': [{'system': 'https://fhir.nhs.uk/Codesystem/http-error-codes', 'code': 'INVALID'}]}, 'diagnostics': 'immunization-target must be one or more of the following: RSV, SHINGLES, MMR, MMRV, PCV13, MENACWY, COVID, FLU, HPV, PERTUSSIS, 3IN1'}]}\n\nfeatures/APITests/steps/common_steps.py:66: AssertionError","flaky":false,"newFailed":false,"newBroken":false,"newPassed":false,"retriesCount":0,"retriesStatusChange":false,"beforeStages":[{"name":"setup_environment","time":{"start":1762279578820,"stop":1762279578820,"duration":0},"status":"passed","steps":[],"attachments":[],"parameters":[],"stepsCount":0,"shouldDisplayMessage":false,"attachmentsCount":0,"hasContent":false,"attachmentStep":false},{"name":"global_context","time":{"start":1762279578823,"stop":1762279580439,"duration":1616},"status":"passed","steps":[],"attachments":[],"parameters":[],"stepsCount":0,"shouldDisplayMessage":false,"attachmentsCount":0,"hasContent":false,"attachmentStep":false},{"name":"context","time":{"start":1762279807943,"stop":1762279809153,"duration":1210},"status":"passed","steps":[],"attachments":[],"parameters":[],"stepsCount":0,"shouldDisplayMessage":false,"attachmentsCount":0,"hasContent":false,"attachmentStep":false},{"name":"_pytest_bdd_example","time":{"start":1762279865091,"stop":1762279865091,"duration":0},"status":"passed","steps":[],"attachments":[],"parameters":[],"stepsCount":0,"shouldDisplayMessage":false,"attachmentsCount":0,"hasContent":false,"attachmentStep":false}],"testStage":{"description":"/home/runner/work/imms_fhir_api_automation/imms_fhir_api_automation/features/APITests/search.feature: Verify that the immunisation events retrieved in the response of Search API should be within Date From and Date To range","status":"failed","statusMessage":"AssertionError: \n Expected status code: 200, but got: 400. Response: {'resourceType': 'OperationOutcome', 'id': 'e517ce95-0b2a-42f0-9751-01c07d0a5589', 'meta': {'profile': ['https://simplifier.net/guide/UKCoreDevelopment2/ProfileUKCore-OperationOutcome']}, 'issue': [{'severity': 'error', 'code': 'invalid', 'details': {'coding': [{'system': 'https://fhir.nhs.uk/Codesystem/http-error-codes', 'code': 'INVALID'}]}, 'diagnostics': 'immunization-target must be one or more of the following: RSV, SHINGLES, MMR, MMRV, PCV13, MENACWY, COVID, FLU, HPV, PERTUSSIS, 3IN1'}]}","statusTrace":"fixturefunc = <function The_request_will_have_status_code at 0x7f11617c05e0>\nrequest = <FixtureRequest for <Function test_verify_that_the_immunisation_events_retrieved_in_the_response_of_search_api_should_be_within_date_from_and_date_to_range[9728403348-COVID19-2025-06-18-2025-06-25]>>\nkwargs = {'context': <utilities.context.ScenarioContext object at 0x7f11603bced0>, 'statusCode': '200'}\n\n    def call_fixture_func(\n        fixturefunc: _FixtureFunc[FixtureValue], request: FixtureRequest, kwargs\n    ) -> FixtureValue:\n        if is_generator(fixturefunc):\n            fixturefunc = cast(\n                Callable[..., Generator[FixtureValue, None, None]], fixturefunc\n            )\n            generator = fixturefunc(**kwargs)\n            try:\n                fixture_result = next(generator)\n            except StopIteration:\n                raise ValueError(f\"{request.fixturename} did not yield a value\") from None\n            finalizer = functools.partial(_teardown_yield_fixture, fixturefunc, generator)\n            request.addfinalizer(finalizer)\n        else:\n            fixturefunc = cast(Callable[..., FixtureValue], fixturefunc)\n>           fixture_result = fixturefunc(**kwargs)\n\nvenv/lib/python3.11/site-packages/_pytest/fixtures.py:898: \n_ _ _ _ _ _ _ _ _ _ _ _ _ _ _ _ _ _ _ _ _ _ _ _ _ _ _ _ _ _ _ _ _ _ _ _ _ _ _ _ \n\ncontext = <utilities.context.ScenarioContext object at 0x7f11603bced0>\nstatusCode = '200'\n\n    @then(parsers.parse(\"The request will be unsuccessful with the status code '{statusCode}'\"))\n    @then(parsers.parse(\"The request will be successful with the status code '{statusCode}'\"))\n    def The_request_will_have_status_code(context, statusCode):\n        print(context.response.status_code)\n        print(int(statusCode))\n>       assert context.response.status_code == int(statusCode), f\"\\n Expected status code: {statusCode}, but got: {context.response.status_code}. Response: {context.response.json()} \\n\"\nE       AssertionError: \nE        Expected status code: 200, but got: 400. Response: {'resourceType': 'OperationOutcome', 'id': 'e517ce95-0b2a-42f0-9751-01c07d0a5589', 'meta': {'profile': ['https://simplifier.net/guide/UKCoreDevelopment2/ProfileUKCore-OperationOutcome']}, 'issue': [{'severity': 'error', 'code': 'invalid', 'details': {'coding': [{'system': 'https://fhir.nhs.uk/Codesystem/http-error-codes', 'code': 'INVALID'}]}, 'diagnostics': 'immunization-target must be one or more of the following: RSV, SHINGLES, MMR, MMRV, PCV13, MENACWY, COVID, FLU, HPV, PERTUSSIS, 3IN1'}]}\n\nfeatures/APITests/steps/common_steps.py:66: AssertionError","steps":[],"attachments":[{"uid":"23522bf64277d2f3","name":"Step Passed: Send a search request with GET method with valid NHS Number '9728403348' and Disease Type 'COVID19' and Date From '2025-06-18' and Date To '2025-06-25'","source":"23522bf64277d2f3.txt","type":"text/plain","size":170},{"uid":"3b74f4223a98d757","name":"Step Failed: The request will be successful with the status code '200'","source":"3b74f4223a98d757.txt","type":"text/plain","size":641},{"uid":"1a9f0d4bcf66491e","name":"stdout","source":"1a9f0d4bcf66491e.txt","type":"text/plain","size":211}],"parameters":[],"stepsCount":0,"shouldDisplayMessage":true,"attachmentsCount":3,"hasContent":true,"attachmentStep":false},"afterStages":[],"labels":[{"name":"epic","value":"Immunization Service"},{"name":"suite","value":"Search the immunization of a patient"},{"name":"feature","value":"Search the immunization of a patient"},{"name":"tag","value":"supplier_name_Postman_Auth"},{"name":"tag","value":"Search_Feature"},{"name":"parentSuite","value":"features.APITests.steps"},{"name":"host","value":"runnervmf2e7y"},{"name":"thread","value":"2486-MainThread"},{"name":"framework","value":"pytest"},{"name":"language","value":"cpython3"},{"name":"package","value":"features.APITests.steps.test_search_steps"},{"name":"resultFormat","value":"allure2"}],"parameters":[{"name":"_pytest_bdd_example","value":"{'NHSNumber': '9728403348', 'vaccine_type': 'COVID19', 'DateFrom': '2025-06-18', 'DateTo': '2025-06-25'}"}],"links":[],"hidden":false,"retry":false,"extra":{"severity":"normal","retries":[],"categories":[{"name":"Product defects","matchedStatuses":[],"flaky":false}],"history":{"statistic":{"failed":2,"broken":0,"skipped":0,"passed":0,"unknown":0,"total":2},"items":[{"uid":"a4e7c39e40f64bd9","reportUrl":"https://NHSDigital.github.io/imms_fhir_api_automation/129/#testresult/a4e7c39e40f64bd9","status":"failed","statusDetails":"AssertionError: \n Expected status code: 200, but got: 400. Response: {'resourceType': 'OperationOutcome', 'id': '1afaa987-3fb9-4eea-a71d-149c203143d2', 'meta': {'profile': ['https://simplifier.net/guide/UKCoreDevelopment2/ProfileUKCore-OperationOutcome']}, 'issue': [{'severity': 'error', 'code': 'invalid', 'details': {'coding': [{'system': 'https://fhir.nhs.uk/Codesystem/http-error-codes', 'code': 'INVALID'}]}, 'diagnostics': 'immunization-target must be one or more of the following: RSV, SHINGLES, MMR, MMRV, PCV13, MENACWY, COVID, FLU, HPV, PERTUSSIS, 3IN1'}]}","time":{"start":1762274295181,"stop":1762274296927,"duration":1746}}]},"tags":["Search_Feature","supplier_name_Postman_Auth"]},"source":"973f6534c76d5ac1.json","parameterValues":["{'NHSNumber': '9728403348', 'vaccine_type': 'COVID19', 'DateFrom': '2025-06-18', 'DateTo': '2025-06-25'}"]}