{"uid":"aadaefe3add3caec","name":"Verify that Search API will throw error if both different combination of dates and include is invalid","fullName":"features.APITests.steps.test_search_steps#test_verify_that_search_api_will_throw_error_if_both_different_combination_of_dates_and_include_is_invalid","historyId":"9a731692019fd25644dfaa0f1b6dc117","time":{"start":1762279825573,"stop":1762279827776,"duration":2203},"description":"/home/runner/work/imms_fhir_api_automation/imms_fhir_api_automation/features/APITests/search.feature: Verify that Search API will throw error if both different combination of dates and include is invalid","descriptionHtml":"<p>/home/runner/work/imms_fhir_api_automation/imms_fhir_api_automation/features/APITests/search.feature: Verify that Search API will throw error if both different combination of dates and include is invalid</p>\n","status":"failed","statusMessage":"AssertionError: FAILURE: check bool(False): Expected Diagnostics: Search parameter _include may only be 'Immunization:patient' if provided., got immunization-target must be one or more of the following: RSV, SHINGLES, MMR, MMRV, PCV13, MENACWY, COVID, FLU, HPV, PERTUSSIS, 3IN1\nfeatures/APITests/steps/common_steps.py:132 in operationOutcomeInvalidParams() -> validate_error_response(error_response, expected_error)\nutilities/api_fhir_immunization_helper.py:103 in validate_error_response() -> check.is_true(\n\nFAILURE: check bool(False): Expected Diagnostics: Search parameter _include may only be 'Immunization:patient' if provided., got immunization-target must be one or more of the following: RSV, SHINGLES, MMR, MMRV, PCV13, MENACWY, COVID, FLU, HPV, PERTUSSIS, 3IN1\n------------------------------------------------------------\nFailed Checks: 2","statusTrace":"FAILURE: check bool(False): Expected Diagnostics: Search parameter _include may only be 'Immunization:patient' if provided., got immunization-target must be one or more of the following: RSV, SHINGLES, MMR, MMRV, PCV13, MENACWY, COVID, FLU, HPV, PERTUSSIS, 3IN1\nfeatures/APITests/steps/common_steps.py:132 in operationOutcomeInvalidParams() -> validate_error_response(error_response, expected_error)\nutilities/api_fhir_immunization_helper.py:103 in validate_error_response() -> check.is_true(\n\nFAILURE: check bool(False): Expected Diagnostics: Search parameter _include may only be 'Immunization:patient' if provided., got immunization-target must be one or more of the following: RSV, SHINGLES, MMR, MMRV, PCV13, MENACWY, COVID, FLU, HPV, PERTUSSIS, 3IN1\n------------------------------------------------------------\nFailed Checks: 2","flaky":false,"newFailed":false,"newBroken":false,"newPassed":false,"retriesCount":0,"retriesStatusChange":false,"beforeStages":[{"name":"setup_environment","time":{"start":1762279578820,"stop":1762279578820,"duration":0},"status":"passed","steps":[],"attachments":[],"parameters":[],"stepsCount":0,"shouldDisplayMessage":false,"attachmentsCount":0,"hasContent":false,"attachmentStep":false},{"name":"global_context","time":{"start":1762279578823,"stop":1762279580439,"duration":1616},"status":"passed","steps":[],"attachments":[],"parameters":[],"stepsCount":0,"shouldDisplayMessage":false,"attachmentsCount":0,"hasContent":false,"attachmentStep":false},{"name":"context","time":{"start":1762279825573,"stop":1762279826793,"duration":1220},"status":"passed","steps":[],"attachments":[],"parameters":[],"stepsCount":0,"shouldDisplayMessage":false,"attachmentsCount":0,"hasContent":false,"attachmentStep":false},{"name":"_pytest_bdd_example","time":{"start":1762279865091,"stop":1762279865091,"duration":0},"status":"passed","steps":[],"attachments":[],"parameters":[],"stepsCount":0,"shouldDisplayMessage":false,"attachmentsCount":0,"hasContent":false,"attachmentStep":false}],"testStage":{"description":"/home/runner/work/imms_fhir_api_automation/imms_fhir_api_automation/features/APITests/search.feature: Verify that Search API will throw error if both different combination of dates and include is invalid","status":"failed","statusMessage":"AssertionError: FAILURE: check bool(False): Expected Diagnostics: Search parameter _include may only be 'Immunization:patient' if provided., got immunization-target must be one or more of the following: RSV, SHINGLES, MMR, MMRV, PCV13, MENACWY, COVID, FLU, HPV, PERTUSSIS, 3IN1\nfeatures/APITests/steps/common_steps.py:132 in operationOutcomeInvalidParams() -> validate_error_response(error_response, expected_error)\nutilities/api_fhir_immunization_helper.py:103 in validate_error_response() -> check.is_true(\n\nFAILURE: check bool(False): Expected Diagnostics: Search parameter _include may only be 'Immunization:patient' if provided., got immunization-target must be one or more of the following: RSV, SHINGLES, MMR, MMRV, PCV13, MENACWY, COVID, FLU, HPV, PERTUSSIS, 3IN1\n------------------------------------------------------------\nFailed Checks: 2","statusTrace":"FAILURE: check bool(False): Expected Diagnostics: Search parameter _include may only be 'Immunization:patient' if provided., got immunization-target must be one or more of the following: RSV, SHINGLES, MMR, MMRV, PCV13, MENACWY, COVID, FLU, HPV, PERTUSSIS, 3IN1\nfeatures/APITests/steps/common_steps.py:132 in operationOutcomeInvalidParams() -> validate_error_response(error_response, expected_error)\nutilities/api_fhir_immunization_helper.py:103 in validate_error_response() -> check.is_true(\n\nFAILURE: check bool(False): Expected Diagnostics: Search parameter _include may only be 'Immunization:patient' if provided., got immunization-target must be one or more of the following: RSV, SHINGLES, MMR, MMRV, PCV13, MENACWY, COVID, FLU, HPV, PERTUSSIS, 3IN1\n------------------------------------------------------------\nFailed Checks: 2","steps":[],"attachments":[{"uid":"721d1644c5dd9c37","name":"Step Passed: Send a search request with GET method with valid NHS Number '9728403348' and valid Disease Type 'COVID19' and Date From '2025-05-12' and Date To '2025-05-12' and include 'abc'","source":"721d1644c5dd9c37.txt","type":"text/plain","size":194},{"uid":"82482beebb652f86","name":"Step Passed: The request will be unsuccessful with the status code '400'","source":"82482beebb652f86.txt","type":"text/plain","size":78},{"uid":"c53009a7ddaedab8","name":"Step Passed: The Search Response JSONs should contain correct error message for invalid Date From, Date To and include","source":"c53009a7ddaedab8.txt","type":"text/plain","size":124},{"uid":"4d88626b50a1839","name":"Step Passed: Send a search request with POST method with valid NHS Number '9728403348' and valid Disease Type 'COVID19' and Date From '2025-05-12' and Date To '2025-05-12' and include 'abc'","source":"4d88626b50a1839.txt","type":"text/plain","size":195},{"uid":"d35bf3f8e7879cb7","name":"Step Passed: The request will be unsuccessful with the status code '400'","source":"d35bf3f8e7879cb7.txt","type":"text/plain","size":78},{"uid":"144131bcac71711a","name":"Step Passed: The Search Response JSONs should contain correct error message for invalid Date From, Date To and include","source":"144131bcac71711a.txt","type":"text/plain","size":124},{"uid":"747c171c6b51c095","name":"stdout","source":"747c171c6b51c095.txt","type":"text/plain","size":1391}],"parameters":[],"stepsCount":0,"shouldDisplayMessage":true,"attachmentsCount":7,"hasContent":true,"attachmentStep":false},"afterStages":[],"labels":[{"name":"epic","value":"Immunization Service"},{"name":"suite","value":"Search the immunization of a patient"},{"name":"feature","value":"Search the immunization of a patient"},{"name":"tag","value":"supplier_name_Postman_Auth"},{"name":"tag","value":"Search_Feature"},{"name":"parentSuite","value":"features.APITests.steps"},{"name":"host","value":"runnervmf2e7y"},{"name":"thread","value":"2486-MainThread"},{"name":"framework","value":"pytest"},{"name":"language","value":"cpython3"},{"name":"package","value":"features.APITests.steps.test_search_steps"},{"name":"resultFormat","value":"allure2"}],"parameters":[{"name":"_pytest_bdd_example","value":"{'NHSNumber': '9728403348', 'vaccine_type': 'COVID19', 'DateFrom': '2025-05-12', 'DateTo': '2025-05-12', 'include': 'abc'}"}],"links":[],"hidden":false,"retry":false,"extra":{"severity":"normal","retries":[],"categories":[{"name":"Product defects","matchedStatuses":[],"flaky":false}],"history":{"statistic":{"failed":2,"broken":0,"skipped":0,"passed":0,"unknown":0,"total":2},"items":[{"uid":"3887d8dd6e21dd90","reportUrl":"https://NHSDigital.github.io/imms_fhir_api_automation/129/#testresult/3887d8dd6e21dd90","status":"failed","statusDetails":"AssertionError: FAILURE: check bool(False): Expected Diagnostics: Search parameter _include may only be 'Immunization:patient' if provided., got immunization-target must be one or more of the following: RSV, SHINGLES, MMR, MMRV, PCV13, MENACWY, COVID, FLU, HPV, PERTUSSIS, 3IN1\nfeatures/APITests/steps/common_steps.py:132 in operationOutcomeInvalidParams() -> validate_error_response(error_response, expected_error)\nutilities/api_fhir_immunization_helper.py:103 in validate_error_response() -> check.is_true(\n\nFAILURE: check bool(False): Expected Diagnostics: Search parameter _include may only be 'Immunization:patient' if provided., got immunization-target must be one or more of the following: RSV, SHINGLES, MMR, MMRV, PCV13, MENACWY, COVID, FLU, HPV, PERTUSSIS, 3IN1\n------------------------------------------------------------\nFailed Checks: 2","time":{"start":1762274313331,"stop":1762274315611,"duration":2280}}]},"tags":["Search_Feature","supplier_name_Postman_Auth"]},"source":"aadaefe3add3caec.json","parameterValues":["{'NHSNumber': '9728403348', 'vaccine_type': 'COVID19', 'DateFrom': '2025-05-12', 'DateTo': '2025-05-12', 'include': 'abc'}"]}