{"uid":"bdb5af172446e07e","name":"Verify that Search API will throw error if include is invalid","fullName":"features.APITests.steps.test_search_steps#test_verify_that_search_api_will_throw_error_if_include_is_invalid","historyId":"5a43602390bf7d36c690318cb65ee238","time":{"start":1762279818794,"stop":1762279821029,"duration":2235},"description":"/home/runner/work/imms_fhir_api_automation/imms_fhir_api_automation/features/APITests/search.feature: Verify that Search API will throw error if include is invalid","descriptionHtml":"<p>/home/runner/work/imms_fhir_api_automation/imms_fhir_api_automation/features/APITests/search.feature: Verify that Search API will throw error if include is invalid</p>\n","status":"failed","statusMessage":"AssertionError: FAILURE: check bool(False): Expected Diagnostics: Search parameter _include may only be 'Immunization:patient' if provided., got immunization-target must be one or more of the following: RSV, SHINGLES, MMR, MMRV, PCV13, MENACWY, COVID, FLU, HPV, PERTUSSIS, 3IN1\nfeatures/APITests/steps/common_steps.py:132 in operationOutcomeInvalidParams() -> validate_error_response(error_response, expected_error)\nutilities/api_fhir_immunization_helper.py:103 in validate_error_response() -> check.is_true(\n\nFAILURE: check bool(False): Expected Diagnostics: Search parameter _include may only be 'Immunization:patient' if provided., got immunization-target must be one or more of the following: RSV, SHINGLES, MMR, MMRV, PCV13, MENACWY, COVID, FLU, HPV, PERTUSSIS, 3IN1\n------------------------------------------------------------\nFailed Checks: 2","statusTrace":"FAILURE: check bool(False): Expected Diagnostics: Search parameter _include may only be 'Immunization:patient' if provided., got immunization-target must be one or more of the following: RSV, SHINGLES, MMR, MMRV, PCV13, MENACWY, COVID, FLU, HPV, PERTUSSIS, 3IN1\nfeatures/APITests/steps/common_steps.py:132 in operationOutcomeInvalidParams() -> validate_error_response(error_response, expected_error)\nutilities/api_fhir_immunization_helper.py:103 in validate_error_response() -> check.is_true(\n\nFAILURE: check bool(False): Expected Diagnostics: Search parameter _include may only be 'Immunization:patient' if provided., got immunization-target must be one or more of the following: RSV, SHINGLES, MMR, MMRV, PCV13, MENACWY, COVID, FLU, HPV, PERTUSSIS, 3IN1\n------------------------------------------------------------\nFailed Checks: 2","flaky":false,"newFailed":false,"newBroken":false,"newPassed":false,"retriesCount":0,"retriesStatusChange":false,"beforeStages":[{"name":"setup_environment","time":{"start":1762279578820,"stop":1762279578820,"duration":0},"status":"passed","steps":[],"attachments":[],"parameters":[],"stepsCount":0,"shouldDisplayMessage":false,"attachmentsCount":0,"hasContent":false,"attachmentStep":false},{"name":"global_context","time":{"start":1762279578823,"stop":1762279580439,"duration":1616},"status":"passed","steps":[],"attachments":[],"parameters":[],"stepsCount":0,"shouldDisplayMessage":false,"attachmentsCount":0,"hasContent":false,"attachmentStep":false},{"name":"context","time":{"start":1762279818794,"stop":1762279819991,"duration":1197},"status":"passed","steps":[],"attachments":[],"parameters":[],"stepsCount":0,"shouldDisplayMessage":false,"attachmentsCount":0,"hasContent":false,"attachmentStep":false},{"name":"_pytest_bdd_example","time":{"start":1762279865091,"stop":1762279865091,"duration":0},"status":"passed","steps":[],"attachments":[],"parameters":[],"stepsCount":0,"shouldDisplayMessage":false,"attachmentsCount":0,"hasContent":false,"attachmentStep":false}],"testStage":{"description":"/home/runner/work/imms_fhir_api_automation/imms_fhir_api_automation/features/APITests/search.feature: Verify that Search API will throw error if include is invalid","status":"failed","statusMessage":"AssertionError: FAILURE: check bool(False): Expected Diagnostics: Search parameter _include may only be 'Immunization:patient' if provided., got immunization-target must be one or more of the following: RSV, SHINGLES, MMR, MMRV, PCV13, MENACWY, COVID, FLU, HPV, PERTUSSIS, 3IN1\nfeatures/APITests/steps/common_steps.py:132 in operationOutcomeInvalidParams() -> validate_error_response(error_response, expected_error)\nutilities/api_fhir_immunization_helper.py:103 in validate_error_response() -> check.is_true(\n\nFAILURE: check bool(False): Expected Diagnostics: Search parameter _include may only be 'Immunization:patient' if provided., got immunization-target must be one or more of the following: RSV, SHINGLES, MMR, MMRV, PCV13, MENACWY, COVID, FLU, HPV, PERTUSSIS, 3IN1\n------------------------------------------------------------\nFailed Checks: 2","statusTrace":"FAILURE: check bool(False): Expected Diagnostics: Search parameter _include may only be 'Immunization:patient' if provided., got immunization-target must be one or more of the following: RSV, SHINGLES, MMR, MMRV, PCV13, MENACWY, COVID, FLU, HPV, PERTUSSIS, 3IN1\nfeatures/APITests/steps/common_steps.py:132 in operationOutcomeInvalidParams() -> validate_error_response(error_response, expected_error)\nutilities/api_fhir_immunization_helper.py:103 in validate_error_response() -> check.is_true(\n\nFAILURE: check bool(False): Expected Diagnostics: Search parameter _include may only be 'Immunization:patient' if provided., got immunization-target must be one or more of the following: RSV, SHINGLES, MMR, MMRV, PCV13, MENACWY, COVID, FLU, HPV, PERTUSSIS, 3IN1\n------------------------------------------------------------\nFailed Checks: 2","steps":[],"attachments":[{"uid":"baac328dc1861503","name":"Step Passed: Send a search request with GET method with valid NHS Number '9728403348' and valid Disease Type 'COVID19' and invalid include 'abc'","source":"baac328dc1861503.txt","type":"text/plain","size":150},{"uid":"168dd15f08c815c9","name":"Step Passed: The request will be unsuccessful with the status code '400'","source":"168dd15f08c815c9.txt","type":"text/plain","size":78},{"uid":"88887df019a59818","name":"Step Passed: The Search Response JSONs should contain correct error message for invalid include","source":"88887df019a59818.txt","type":"text/plain","size":101},{"uid":"b5d69f5fe8c652a1","name":"Step Passed: Send a search request with POST method with valid NHS Number '9728403348' and valid Disease Type 'COVID19' and invalid include 'abc'","source":"b5d69f5fe8c652a1.txt","type":"text/plain","size":151},{"uid":"372d061bd7f7a4f0","name":"Step Passed: The request will be unsuccessful with the status code '400'","source":"372d061bd7f7a4f0.txt","type":"text/plain","size":78},{"uid":"311a5fdd7c44707e","name":"Step Passed: The Search Response JSONs should contain correct error message for invalid include","source":"311a5fdd7c44707e.txt","type":"text/plain","size":101},{"uid":"79c789849637dc23","name":"stdout","source":"79c789849637dc23.txt","type":"text/plain","size":1307}],"parameters":[],"stepsCount":0,"shouldDisplayMessage":true,"attachmentsCount":7,"hasContent":true,"attachmentStep":false},"afterStages":[],"labels":[{"name":"epic","value":"Immunization Service"},{"name":"suite","value":"Search the immunization of a patient"},{"name":"feature","value":"Search the immunization of a patient"},{"name":"tag","value":"supplier_name_Postman_Auth"},{"name":"tag","value":"Search_Feature"},{"name":"parentSuite","value":"features.APITests.steps"},{"name":"host","value":"runnervmf2e7y"},{"name":"thread","value":"2486-MainThread"},{"name":"framework","value":"pytest"},{"name":"language","value":"cpython3"},{"name":"package","value":"features.APITests.steps.test_search_steps"},{"name":"resultFormat","value":"allure2"}],"parameters":[{"name":"_pytest_bdd_example","value":"{'NHSNumber': '9728403348', 'vaccine_type': 'COVID19', 'include': 'abc'}"}],"links":[],"hidden":false,"retry":false,"extra":{"severity":"normal","retries":[],"categories":[{"name":"Product defects","matchedStatuses":[],"flaky":false}],"history":{"statistic":{"failed":2,"broken":0,"skipped":0,"passed":0,"unknown":0,"total":2},"items":[{"uid":"8991a37ec9d361dc","reportUrl":"https://NHSDigital.github.io/imms_fhir_api_automation/129/#testresult/8991a37ec9d361dc","status":"failed","statusDetails":"AssertionError: FAILURE: check bool(False): Expected Diagnostics: Search parameter _include may only be 'Immunization:patient' if provided., got immunization-target must be one or more of the following: RSV, SHINGLES, MMR, MMRV, PCV13, MENACWY, COVID, FLU, HPV, PERTUSSIS, 3IN1\nfeatures/APITests/steps/common_steps.py:132 in operationOutcomeInvalidParams() -> validate_error_response(error_response, expected_error)\nutilities/api_fhir_immunization_helper.py:103 in validate_error_response() -> check.is_true(\n\nFAILURE: check bool(False): Expected Diagnostics: Search parameter _include may only be 'Immunization:patient' if provided., got immunization-target must be one or more of the following: RSV, SHINGLES, MMR, MMRV, PCV13, MENACWY, COVID, FLU, HPV, PERTUSSIS, 3IN1\n------------------------------------------------------------\nFailed Checks: 2","time":{"start":1762274305888,"stop":1762274308144,"duration":2256}}]},"tags":["Search_Feature","supplier_name_Postman_Auth"]},"source":"bdb5af172446e07e.json","parameterValues":["{'NHSNumber': '9728403348', 'vaccine_type': 'COVID19', 'include': 'abc'}"]}