{"uid":"d96e55e8e2195f5a","name":"Verify that the POST method of Search API will be successful with all the valid parameters","fullName":"features.APITests.steps.test_search_steps#test_verify_that_the_post_method_of_search_api_will_be_successful_with_all_the_valid_parameters","historyId":"a6ac7ef9a89f17de4112457a5447b919","time":{"start":1766413574109,"stop":1766413577877,"duration":3768},"description":"/home/runner/work/imms_fhir_api_automation/imms_fhir_api_automation/features/APITests/search.feature: Verify that the POST method of Search API will be successful with all the valid parameters","descriptionHtml":"<p>/home/runner/work/imms_fhir_api_automation/imms_fhir_api_automation/features/APITests/search.feature: Verify that the POST method of Search API will be successful with all the valid parameters</p>\n","status":"failed","statusMessage":"AssertionError: \n Expected status code: 200, but got: 400. Response: {'resourceType': 'OperationOutcome', 'id': '715bd395-a94e-4409-be69-231e206de20c', 'meta': {'profile': ['https://simplifier.net/guide/UKCoreDevelopment2/ProfileUKCore-OperationOutcome']}, 'issue': [{'severity': 'error', 'code': 'invalid', 'details': {'coding': [{'system': 'https://fhir.nhs.uk/Codesystem/http-error-codes', 'code': 'INVALID'}]}, 'diagnostics': '-immunization.target must be one or more of the following: ROTAVIRUS, RSV, SHINGLES, 6IN1, MMR, FLU, 3IN1, PERTUSSIS, MENB, HIB, MMRV, BCG, MENACWY, 4IN1, COVID, PNEUMOCOCCAL, HPV, HEPB'}]}","statusTrace":"fixturefunc = <function The_request_will_have_status_code at 0x7fd026f34ae0>\nrequest = <FixtureRequest for <Function test_verify_that_the_post_method_of_search_api_will_be_successful_with_all_the_valid_parameters[SFlag-3in1]>>\nkwargs = {'context': <utilities.context.ScenarioContext object at 0x7fd025ecddd0>, 'statusCode': '200'}\n\n    def call_fixture_func(\n        fixturefunc: _FixtureFunc[FixtureValue], request: FixtureRequest, kwargs\n    ) -> FixtureValue:\n        if is_generator(fixturefunc):\n            fixturefunc = cast(\n                Callable[..., Generator[FixtureValue, None, None]], fixturefunc\n            )\n            generator = fixturefunc(**kwargs)\n            try:\n                fixture_result = next(generator)\n            except StopIteration:\n                raise ValueError(f\"{request.fixturename} did not yield a value\") from None\n            finalizer = functools.partial(_teardown_yield_fixture, fixturefunc, generator)\n            request.addfinalizer(finalizer)\n        else:\n            fixturefunc = cast(Callable[..., FixtureValue], fixturefunc)\n>           fixture_result = fixturefunc(**kwargs)\n\nvenv/lib/python3.11/site-packages/_pytest/fixtures.py:898: \n_ _ _ _ _ _ _ _ _ _ _ _ _ _ _ _ _ _ _ _ _ _ _ _ _ _ _ _ _ _ _ _ _ _ _ _ _ _ _ _ \n\ncontext = <utilities.context.ScenarioContext object at 0x7fd025ecddd0>\nstatusCode = '200'\n\n    @then(parsers.parse(\"The request will be unsuccessful with the status code '{statusCode}'\"))\n    @then(parsers.parse(\"The request will be successful with the status code '{statusCode}'\"))\n    def The_request_will_have_status_code(context, statusCode):\n        print(context.response.status_code)\n        print(int(statusCode))\n>       assert context.response.status_code == int(statusCode), f\"\\n Expected status code: {statusCode}, but got: {context.response.status_code}. Response: {context.response.json()} \\n\"\nE       AssertionError: \nE        Expected status code: 200, but got: 400. Response: {'resourceType': 'OperationOutcome', 'id': '715bd395-a94e-4409-be69-231e206de20c', 'meta': {'profile': ['https://simplifier.net/guide/UKCoreDevelopment2/ProfileUKCore-OperationOutcome']}, 'issue': [{'severity': 'error', 'code': 'invalid', 'details': {'coding': [{'system': 'https://fhir.nhs.uk/Codesystem/http-error-codes', 'code': 'INVALID'}]}, 'diagnostics': '-immunization.target must be one or more of the following: ROTAVIRUS, RSV, SHINGLES, 6IN1, MMR, FLU, 3IN1, PERTUSSIS, MENB, HIB, MMRV, BCG, MENACWY, 4IN1, COVID, PNEUMOCOCCAL, HPV, HEPB'}]}\n\nfeatures/APITests/steps/common_steps.py:66: AssertionError","flaky":false,"newFailed":false,"newBroken":false,"newPassed":false,"retriesCount":0,"retriesStatusChange":false,"beforeStages":[{"name":"setup_environment","time":{"start":1766413224108,"stop":1766413224108,"duration":0},"status":"passed","steps":[],"attachments":[],"parameters":[],"stepsCount":0,"shouldDisplayMessage":false,"attachmentsCount":0,"hasContent":false,"attachmentStep":false},{"name":"global_context","time":{"start":1766413224111,"stop":1766413225790,"duration":1679},"status":"passed","steps":[],"attachments":[],"parameters":[],"stepsCount":0,"shouldDisplayMessage":false,"attachmentsCount":0,"hasContent":false,"attachmentStep":false},{"name":"context","time":{"start":1766413574109,"stop":1766413575743,"duration":1634},"status":"passed","steps":[],"attachments":[],"parameters":[],"stepsCount":0,"shouldDisplayMessage":false,"attachmentsCount":0,"hasContent":false,"attachmentStep":false},{"name":"_pytest_bdd_example","time":{"start":1766413669747,"stop":1766413669747,"duration":0},"status":"passed","steps":[],"attachments":[],"parameters":[],"stepsCount":0,"shouldDisplayMessage":false,"attachmentsCount":0,"hasContent":false,"attachmentStep":false}],"testStage":{"description":"/home/runner/work/imms_fhir_api_automation/imms_fhir_api_automation/features/APITests/search.feature: Verify that the POST method of Search API will be successful with all the valid parameters","status":"failed","statusMessage":"AssertionError: \n Expected status code: 200, but got: 400. Response: {'resourceType': 'OperationOutcome', 'id': '715bd395-a94e-4409-be69-231e206de20c', 'meta': {'profile': ['https://simplifier.net/guide/UKCoreDevelopment2/ProfileUKCore-OperationOutcome']}, 'issue': [{'severity': 'error', 'code': 'invalid', 'details': {'coding': [{'system': 'https://fhir.nhs.uk/Codesystem/http-error-codes', 'code': 'INVALID'}]}, 'diagnostics': '-immunization.target must be one or more of the following: ROTAVIRUS, RSV, SHINGLES, 6IN1, MMR, FLU, 3IN1, PERTUSSIS, MENB, HIB, MMRV, BCG, MENACWY, 4IN1, COVID, PNEUMOCOCCAL, HPV, HEPB'}]}","statusTrace":"fixturefunc = <function The_request_will_have_status_code at 0x7fd026f34ae0>\nrequest = <FixtureRequest for <Function test_verify_that_the_post_method_of_search_api_will_be_successful_with_all_the_valid_parameters[SFlag-3in1]>>\nkwargs = {'context': <utilities.context.ScenarioContext object at 0x7fd025ecddd0>, 'statusCode': '200'}\n\n    def call_fixture_func(\n        fixturefunc: _FixtureFunc[FixtureValue], request: FixtureRequest, kwargs\n    ) -> FixtureValue:\n        if is_generator(fixturefunc):\n            fixturefunc = cast(\n                Callable[..., Generator[FixtureValue, None, None]], fixturefunc\n            )\n            generator = fixturefunc(**kwargs)\n            try:\n                fixture_result = next(generator)\n            except StopIteration:\n                raise ValueError(f\"{request.fixturename} did not yield a value\") from None\n            finalizer = functools.partial(_teardown_yield_fixture, fixturefunc, generator)\n            request.addfinalizer(finalizer)\n        else:\n            fixturefunc = cast(Callable[..., FixtureValue], fixturefunc)\n>           fixture_result = fixturefunc(**kwargs)\n\nvenv/lib/python3.11/site-packages/_pytest/fixtures.py:898: \n_ _ _ _ _ _ _ _ _ _ _ _ _ _ _ _ _ _ _ _ _ _ _ _ _ _ _ _ _ _ _ _ _ _ _ _ _ _ _ _ \n\ncontext = <utilities.context.ScenarioContext object at 0x7fd025ecddd0>\nstatusCode = '200'\n\n    @then(parsers.parse(\"The request will be unsuccessful with the status code '{statusCode}'\"))\n    @then(parsers.parse(\"The request will be successful with the status code '{statusCode}'\"))\n    def The_request_will_have_status_code(context, statusCode):\n        print(context.response.status_code)\n        print(int(statusCode))\n>       assert context.response.status_code == int(statusCode), f\"\\n Expected status code: {statusCode}, but got: {context.response.status_code}. Response: {context.response.json()} \\n\"\nE       AssertionError: \nE        Expected status code: 200, but got: 400. Response: {'resourceType': 'OperationOutcome', 'id': '715bd395-a94e-4409-be69-231e206de20c', 'meta': {'profile': ['https://simplifier.net/guide/UKCoreDevelopment2/ProfileUKCore-OperationOutcome']}, 'issue': [{'severity': 'error', 'code': 'invalid', 'details': {'coding': [{'system': 'https://fhir.nhs.uk/Codesystem/http-error-codes', 'code': 'INVALID'}]}, 'diagnostics': '-immunization.target must be one or more of the following: ROTAVIRUS, RSV, SHINGLES, 6IN1, MMR, FLU, 3IN1, PERTUSSIS, MENB, HIB, MMRV, BCG, MENACWY, 4IN1, COVID, PNEUMOCOCCAL, HPV, HEPB'}]}\n\nfeatures/APITests/steps/common_steps.py:66: AssertionError","steps":[],"attachments":[{"uid":"ac5c0c92a4615855","name":"Step Passed: Valid vaccination record is created with Patient 'SFlag' and vaccine_type '3in1'","source":"ac5c0c92a4615855.txt","type":"text/plain","size":99},{"uid":"d9d06b99135229aa","name":"Step Passed: Send a search request with POST method for Immunization event created","source":"d9d06b99135229aa.txt","type":"text/plain","size":88},{"uid":"9fe1206c96a3f0e1","name":"Step Failed: The request will be successful with the status code '200'","source":"9fe1206c96a3f0e1.txt","type":"text/plain","size":694},{"uid":"641c8505d6b1580f","name":"stdout","source":"641c8505d6b1580f.txt","type":"text/plain","size":5317}],"parameters":[],"stepsCount":0,"shouldDisplayMessage":true,"attachmentsCount":4,"hasContent":true,"attachmentStep":false},"afterStages":[],"labels":[{"name":"epic","value":"Immunization Service"},{"name":"suite","value":"Search the immunization of a patient"},{"name":"feature","value":"Search the immunization of a patient"},{"name":"tag","value":"Delete_cleanUp"},{"name":"tag","value":"Search_Feature"},{"name":"tag","value":"smoke"},{"name":"tag","value":"functional"},{"name":"tag","value":"supplier_name_Postman_Auth"},{"name":"parentSuite","value":"features.APITests.steps"},{"name":"host","value":"runnervmh13bl"},{"name":"thread","value":"3218-MainThread"},{"name":"framework","value":"pytest"},{"name":"language","value":"cpython3"},{"name":"package","value":"features.APITests.steps.test_search_steps"},{"name":"resultFormat","value":"allure2"}],"parameters":[{"name":"_pytest_bdd_example","value":"{'Patient': 'SFlag', 'Vaccine_type': '3in1'}"}],"links":[],"hidden":false,"retry":false,"extra":{"severity":"normal","retries":[],"categories":[{"name":"Product defects","matchedStatuses":[],"flaky":false}],"tags":["Search_Feature","functional","smoke","supplier_name_Postman_Auth","Delete_cleanUp"]},"source":"d96e55e8e2195f5a.json","parameterValues":["{'Patient': 'SFlag', 'Vaccine_type': '3in1'}"]}