{"uid":"47cbed5de4192e8b","name":"verify that vaccination record will be get rejected if mandatory fields for site, location and unique identifiers are missing in batch file","fullName":"features.batchTests.Steps.test_create_batch_steps#test_verify_that_vaccination_record_will_be_get_rejected_if_mandatory_fields_for_site_location_and_unique_identifiers_are_missing_in_batch_file","historyId":"63f384383540719c93cb378e5eabca5d","time":{"start":1761820927395,"stop":1761820973539,"duration":46144},"description":"/home/runner/work/imms_fhir_api_automation/imms_fhir_api_automation/features/batchTests/create_batch.feature: verify that vaccination record will be get rejected if mandatory fields for site, location and unique identifiers are missing in batch file","descriptionHtml":"<p>/home/runner/work/imms_fhir_api_automation/imms_fhir_api_automation/features/batchTests/create_batch.feature: verify that vaccination record will be get rejected if mandatory fields for site, location and unique identifiers are missing in batch file</p>\n","status":"failed","statusMessage":"AssertionError: One or more records failed validation checks\nassert False","statusTrace":"fixturefunc = <function all_record_are_rejected_for_given_field_name at 0x7fccffd75940>\nrequest = <FixtureRequest for <Function test_verify_that_vaccination_record_will_be_get_rejected_if_mandatory_fields_for_site_location_and_unique_identifiers_are_missing_in_batch_file>>\nkwargs = {'context': <utilities.context.ScenarioContext object at 0x7fccfca12610>}\n\n    def call_fixture_func(\n        fixturefunc: _FixtureFunc[FixtureValue], request: FixtureRequest, kwargs\n    ) -> FixtureValue:\n        if is_generator(fixturefunc):\n            fixturefunc = cast(\n                Callable[..., Generator[FixtureValue, None, None]], fixturefunc\n            )\n            generator = fixturefunc(**kwargs)\n            try:\n                fixture_result = next(generator)\n            except StopIteration:\n                raise ValueError(f\"{request.fixturename} did not yield a value\") from None\n            finalizer = functools.partial(_teardown_yield_fixture, fixturefunc, generator)\n            request.addfinalizer(finalizer)\n        else:\n            fixturefunc = cast(Callable[..., FixtureValue], fixturefunc)\n>           fixture_result = fixturefunc(**kwargs)\n\nvenv/lib/python3.11/site-packages/_pytest/fixtures.py:898: \n_ _ _ _ _ _ _ _ _ _ _ _ _ _ _ _ _ _ _ _ _ _ _ _ _ _ _ _ _ _ _ _ _ _ _ _ _ _ _ _ \n\ncontext = <utilities.context.ScenarioContext object at 0x7fccfca12610>\n\n    @then(\"all records are rejected in the bus ack file and no imms id is generated\")\n    def all_record_are_rejected_for_given_field_name(context):\n        all_valid = validate_bus_ack_file_for_error(context)\n>       assert all_valid, \"One or more records failed validation checks\"\nE       AssertionError: One or more records failed validation checks\nE       assert False\n\nfeatures/batchTests/Steps/test_create_batch_steps.py:181: AssertionError","flaky":false,"newFailed":false,"newBroken":false,"newPassed":false,"retriesCount":0,"retriesStatusChange":false,"beforeStages":[{"name":"setup_environment","time":{"start":1761819982240,"stop":1761819982241,"duration":1},"status":"passed","steps":[],"attachments":[],"parameters":[],"shouldDisplayMessage":false,"stepsCount":0,"attachmentsCount":0,"hasContent":false},{"name":"global_context","time":{"start":1761819982243,"stop":1761819983830,"duration":1587},"status":"passed","steps":[],"attachments":[],"parameters":[],"shouldDisplayMessage":false,"stepsCount":0,"attachmentsCount":0,"hasContent":false},{"name":"_pytest_bdd_example","time":{"start":1761820927394,"stop":1761820927394,"duration":0},"status":"passed","steps":[],"attachments":[],"parameters":[],"shouldDisplayMessage":false,"stepsCount":0,"attachmentsCount":0,"hasContent":false},{"name":"context","time":{"start":1761820927396,"stop":1761820929433,"duration":2037},"status":"passed","steps":[],"attachments":[],"parameters":[],"shouldDisplayMessage":false,"stepsCount":0,"attachmentsCount":0,"hasContent":false}],"testStage":{"description":"/home/runner/work/imms_fhir_api_automation/imms_fhir_api_automation/features/batchTests/create_batch.feature: verify that vaccination record will be get rejected if mandatory fields for site, location and unique identifiers are missing in batch file","status":"failed","statusMessage":"AssertionError: One or more records failed validation checks\nassert False","statusTrace":"fixturefunc = <function all_record_are_rejected_for_given_field_name at 0x7fccffd75940>\nrequest = <FixtureRequest for <Function test_verify_that_vaccination_record_will_be_get_rejected_if_mandatory_fields_for_site_location_and_unique_identifiers_are_missing_in_batch_file>>\nkwargs = {'context': <utilities.context.ScenarioContext object at 0x7fccfca12610>}\n\n    def call_fixture_func(\n        fixturefunc: _FixtureFunc[FixtureValue], request: FixtureRequest, kwargs\n    ) -> FixtureValue:\n        if is_generator(fixturefunc):\n            fixturefunc = cast(\n                Callable[..., Generator[FixtureValue, None, None]], fixturefunc\n            )\n            generator = fixturefunc(**kwargs)\n            try:\n                fixture_result = next(generator)\n            except StopIteration:\n                raise ValueError(f\"{request.fixturename} did not yield a value\") from None\n            finalizer = functools.partial(_teardown_yield_fixture, fixturefunc, generator)\n            request.addfinalizer(finalizer)\n        else:\n            fixturefunc = cast(Callable[..., FixtureValue], fixturefunc)\n>           fixture_result = fixturefunc(**kwargs)\n\nvenv/lib/python3.11/site-packages/_pytest/fixtures.py:898: \n_ _ _ _ _ _ _ _ _ _ _ _ _ _ _ _ _ _ _ _ _ _ _ _ _ _ _ _ _ _ _ _ _ _ _ _ _ _ _ _ \n\ncontext = <utilities.context.ScenarioContext object at 0x7fccfca12610>\n\n    @then(\"all records are rejected in the bus ack file and no imms id is generated\")\n    def all_record_are_rejected_for_given_field_name(context):\n        all_valid = validate_bus_ack_file_for_error(context)\n>       assert all_valid, \"One or more records failed validation checks\"\nE       AssertionError: One or more records failed validation checks\nE       assert False\n\nfeatures/batchTests/Steps/test_create_batch_steps.py:181: AssertionError","steps":[],"attachments":[{"uid":"326ff38fd7a29dfe","name":"Step Passed: batch file is created for below data where mandatory fields for site, location, action flag, primary source and unique identifiers are missing","source":"326ff38fd7a29dfe.txt","type":"text/plain","size":161},{"uid":"5cf02c8d6880f6b7","name":"Step Passed: batch file is uploaded in s3 bucket","source":"5cf02c8d6880f6b7.txt","type":"text/plain","size":54},{"uid":"f2b038f2802370fe","name":"Step Passed: file will be moved to destination bucket and inf ack file will be created","source":"f2b038f2802370fe.txt","type":"text/plain","size":92},{"uid":"bf5ba634228be96","name":"Step Passed: inf ack file has success status for processed batch file","source":"bf5ba634228be96.txt","type":"text/plain","size":75},{"uid":"2aef61f315d93bed","name":"Step Passed: bus ack file will be created","source":"2aef61f315d93bed.txt","type":"text/plain","size":47},{"uid":"2b0a8236ccfda74","name":"Step Failed: all records are rejected in the bus ack file and no imms id is generated","source":"2b0a8236ccfda74.txt","type":"text/plain","size":160},{"uid":"7ff7bc511b585a5c","name":"stdout","source":"7ff7bc511b585a5c.txt","type":"text/plain","size":2333}],"parameters":[],"shouldDisplayMessage":true,"stepsCount":0,"attachmentsCount":7,"hasContent":true},"afterStages":[],"labels":[{"name":"epic","value":"Immunization Service"},{"name":"suite","value":"Create the immunization event for a patient through batch file"},{"name":"feature","value":"Create the immunization event for a patient through batch file"},{"name":"tag","value":"vaccine_type_HPV"},{"name":"tag","value":"supplier_name_MAVIS"},{"name":"tag","value":"Create_Batch_Feature"},{"name":"parentSuite","value":"features.batchTests.Steps"},{"name":"host","value":"runnervmwhb2z"},{"name":"thread","value":"2519-MainThread"},{"name":"framework","value":"pytest"},{"name":"language","value":"cpython3"},{"name":"package","value":"features.batchTests.Steps.test_create_batch_steps"},{"name":"resultFormat","value":"allure2"}],"parameters":[],"links":[],"hidden":false,"retry":false,"extra":{"severity":"normal","retries":[],"categories":[{"name":"Product defects","matchedStatuses":[],"flaky":false}],"tags":["vaccine_type_HPV","Create_Batch_Feature","supplier_name_MAVIS"]},"source":"47cbed5de4192e8b.json","parameterValues":[]}