{"uid":"59c41ec26b1407ae","name":"verify that vaccination file will be rejected if file is empty","fullName":"features.batchTests.Steps.test_batch_file_validation_steps#test_verify_that_vaccination_file_will_be_rejected_if_file_is_empty","historyId":"cc7f5759a7a0161769a533d53effb4e0","time":{"start":1762961532240,"stop":1762961657191,"duration":124951},"description":"/home/runner/work/imms_fhir_api_automation/imms_fhir_api_automation/features/batchTests/batch_file_validation.feature: verify that vaccination file will be rejected if file is empty","descriptionHtml":"<p>/home/runner/work/imms_fhir_api_automation/imms_fhir_api_automation/features/batchTests/batch_file_validation.feature: verify that vaccination file will be rejected if file is empty</p>\n","status":"failed","statusMessage":"AssertionError: File not found in archive after timeout","statusTrace":"fixturefunc = <function batch_file_upload_in_s3_bucket at 0x7f6b713a40e0>\nrequest = <FixtureRequest for <Function test_verify_that_vaccination_file_will_be_rejected_if_file_is_empty>>\nkwargs = {'context': <utilities.context.ScenarioContext object at 0x7f6b6e21fb50>}\n\n    def call_fixture_func(\n        fixturefunc: _FixtureFunc[FixtureValue], request: FixtureRequest, kwargs\n    ) -> FixtureValue:\n        if is_generator(fixturefunc):\n            fixturefunc = cast(\n                Callable[..., Generator[FixtureValue, None, None]], fixturefunc\n            )\n            generator = fixturefunc(**kwargs)\n            try:\n                fixture_result = next(generator)\n            except StopIteration:\n                raise ValueError(f\"{request.fixturename} did not yield a value\") from None\n            finalizer = functools.partial(_teardown_yield_fixture, fixturefunc, generator)\n            request.addfinalizer(finalizer)\n        else:\n            fixturefunc = cast(Callable[..., FixtureValue], fixturefunc)\n>           fixture_result = fixturefunc(**kwargs)\n\nvenv/lib/python3.11/site-packages/_pytest/fixtures.py:898: \n_ _ _ _ _ _ _ _ _ _ _ _ _ _ _ _ _ _ _ _ _ _ _ _ _ _ _ _ _ _ _ _ _ _ _ _ _ _ _ _ \nfeatures/batchTests/Steps/batch_common_steps.py:60: in wrapper\n    return func(*args, **kwargs)\n_ _ _ _ _ _ _ _ _ _ _ _ _ _ _ _ _ _ _ _ _ _ _ _ _ _ _ _ _ _ _ _ _ _ _ _ _ _ _ _ \n\ncontext = <utilities.context.ScenarioContext object at 0x7f6b6e21fb50>\n\n    @when(\"same batch file is uploaded again in s3 bucket\")\n    @when(\"batch file is uploaded in s3 bucket\")\n    @ignore_local_run_set_test_data\n    def batch_file_upload_in_s3_bucket(context):\n        upload_file_to_S3(context)\n        print(f\"Batch file uploaded to S3: {context.filename}\")\n        fileIsMoved = wait_for_file_to_move_archive(context)\n>       assert fileIsMoved, f\"File not found in archive after timeout\"\nE       AssertionError: File not found in archive after timeout\n\nfeatures/batchTests/Steps/batch_common_steps.py:85: AssertionError","flaky":false,"newFailed":false,"newBroken":false,"newPassed":false,"retriesCount":0,"retriesStatusChange":false,"beforeStages":[{"name":"_pytest_bdd_example","time":{"start":1762961532240,"stop":1762961532240,"duration":0},"status":"passed","steps":[],"attachments":[],"parameters":[],"stepsCount":0,"shouldDisplayMessage":false,"attachmentsCount":0,"hasContent":false,"attachmentStep":false},{"name":"context","time":{"start":1762961532240,"stop":1762961533908,"duration":1668},"status":"passed","steps":[],"attachments":[],"parameters":[],"stepsCount":0,"shouldDisplayMessage":false,"attachmentsCount":0,"hasContent":false,"attachmentStep":false}],"testStage":{"description":"/home/runner/work/imms_fhir_api_automation/imms_fhir_api_automation/features/batchTests/batch_file_validation.feature: verify that vaccination file will be rejected if file is empty","status":"failed","statusMessage":"AssertionError: File not found in archive after timeout","statusTrace":"fixturefunc = <function batch_file_upload_in_s3_bucket at 0x7f6b713a40e0>\nrequest = <FixtureRequest for <Function test_verify_that_vaccination_file_will_be_rejected_if_file_is_empty>>\nkwargs = {'context': <utilities.context.ScenarioContext object at 0x7f6b6e21fb50>}\n\n    def call_fixture_func(\n        fixturefunc: _FixtureFunc[FixtureValue], request: FixtureRequest, kwargs\n    ) -> FixtureValue:\n        if is_generator(fixturefunc):\n            fixturefunc = cast(\n                Callable[..., Generator[FixtureValue, None, None]], fixturefunc\n            )\n            generator = fixturefunc(**kwargs)\n            try:\n                fixture_result = next(generator)\n            except StopIteration:\n                raise ValueError(f\"{request.fixturename} did not yield a value\") from None\n            finalizer = functools.partial(_teardown_yield_fixture, fixturefunc, generator)\n            request.addfinalizer(finalizer)\n        else:\n            fixturefunc = cast(Callable[..., FixtureValue], fixturefunc)\n>           fixture_result = fixturefunc(**kwargs)\n\nvenv/lib/python3.11/site-packages/_pytest/fixtures.py:898: \n_ _ _ _ _ _ _ _ _ _ _ _ _ _ _ _ _ _ _ _ _ _ _ _ _ _ _ _ _ _ _ _ _ _ _ _ _ _ _ _ \nfeatures/batchTests/Steps/batch_common_steps.py:60: in wrapper\n    return func(*args, **kwargs)\n_ _ _ _ _ _ _ _ _ _ _ _ _ _ _ _ _ _ _ _ _ _ _ _ _ _ _ _ _ _ _ _ _ _ _ _ _ _ _ _ \n\ncontext = <utilities.context.ScenarioContext object at 0x7f6b6e21fb50>\n\n    @when(\"same batch file is uploaded again in s3 bucket\")\n    @when(\"batch file is uploaded in s3 bucket\")\n    @ignore_local_run_set_test_data\n    def batch_file_upload_in_s3_bucket(context):\n        upload_file_to_S3(context)\n        print(f\"Batch file uploaded to S3: {context.filename}\")\n        fileIsMoved = wait_for_file_to_move_archive(context)\n>       assert fileIsMoved, f\"File not found in archive after timeout\"\nE       AssertionError: File not found in archive after timeout\n\nfeatures/batchTests/Steps/batch_common_steps.py:85: AssertionError","steps":[],"attachments":[{"uid":"32de542df9d1a3e2","name":"Step Passed: Empty batch file is created","source":"32de542df9d1a3e2.txt","type":"text/plain","size":46},{"uid":"806c7cae0d88a500","name":"Step Failed: batch file is uploaded in s3 bucket","source":"806c7cae0d88a500.txt","type":"text/plain","size":105},{"uid":"52a057b96c1cde5e","name":"stdout","source":"52a057b96c1cde5e.txt","type":"text/plain","size":1155}],"parameters":[],"stepsCount":0,"shouldDisplayMessage":true,"attachmentsCount":3,"hasContent":true,"attachmentStep":false},"afterStages":[],"labels":[{"name":"epic","value":"Immunization Service"},{"name":"suite","value":"Validate the file level and columns validations for vaccination batch file"},{"name":"feature","value":"Validate the file level and columns validations for vaccination batch file"},{"name":"tag","value":"vaccine_type_HPV"},{"name":"tag","value":"Batch_File_Validation_Feature"},{"name":"tag","value":"supplier_name_MAVIS"},{"name":"tag","value":"functional"},{"name":"parentSuite","value":"features.batchTests.Steps"},{"name":"host","value":"runnervmw9dnm"},{"name":"thread","value":"2499-MainThread"},{"name":"framework","value":"pytest"},{"name":"language","value":"cpython3"},{"name":"package","value":"features.batchTests.Steps.test_batch_file_validation_steps"},{"name":"resultFormat","value":"allure2"}],"parameters":[],"links":[],"hidden":false,"retry":false,"extra":{"severity":"normal","retries":[],"categories":[{"name":"Product defects","matchedStatuses":[],"flaky":false}],"history":{"statistic":{"failed":2,"broken":0,"skipped":0,"passed":0,"unknown":0,"total":2},"items":[{"uid":"cd789e8649d8ecf5","reportUrl":"https://NHSDigital.github.io/imms_fhir_api_automation/142/#testresult/cd789e8649d8ecf5","status":"failed","statusDetails":"AssertionError: File not found in archive after timeout","time":{"start":1762960529742,"stop":1762960658062,"duration":128320}}]},"tags":["functional","vaccine_type_HPV","supplier_name_MAVIS","Batch_File_Validation_Feature"]},"source":"59c41ec26b1407ae.json","parameterValues":[]}