{"uid":"df4c35ac1f2e86ed","name":"verify that vaccination record will be get rejected if recorded date is invalid in batch file","fullName":"features.batchTests.Steps.test_create_batch_steps#test_verify_that_vaccination_record_will_be_get_rejected_if_recorded_date_is_invalid_in_batch_file","historyId":"855e7933a2c43f17e1174d0e1be23e39","time":{"start":1762962142886,"stop":1762962267794,"duration":124908},"description":"/home/runner/work/imms_fhir_api_automation/imms_fhir_api_automation/features/batchTests/create_batch.feature: verify that vaccination record will be get rejected if recorded_date is invalid in batch file","descriptionHtml":"<p>/home/runner/work/imms_fhir_api_automation/imms_fhir_api_automation/features/batchTests/create_batch.feature: verify that vaccination record will be get rejected if recorded_date is invalid in batch file</p>\n","status":"failed","statusMessage":"AssertionError: File not found in archive after timeout","statusTrace":"fixturefunc = <function batch_file_upload_in_s3_bucket at 0x7f6b713a40e0>\nrequest = <FixtureRequest for <Function test_verify_that_vaccination_record_will_be_get_rejected_if_recorded_date_is_invalid_in_batch_file>>\nkwargs = {'context': <utilities.context.ScenarioContext object at 0x7f6b6dede050>}\n\n    def call_fixture_func(\n        fixturefunc: _FixtureFunc[FixtureValue], request: FixtureRequest, kwargs\n    ) -> FixtureValue:\n        if is_generator(fixturefunc):\n            fixturefunc = cast(\n                Callable[..., Generator[FixtureValue, None, None]], fixturefunc\n            )\n            generator = fixturefunc(**kwargs)\n            try:\n                fixture_result = next(generator)\n            except StopIteration:\n                raise ValueError(f\"{request.fixturename} did not yield a value\") from None\n            finalizer = functools.partial(_teardown_yield_fixture, fixturefunc, generator)\n            request.addfinalizer(finalizer)\n        else:\n            fixturefunc = cast(Callable[..., FixtureValue], fixturefunc)\n>           fixture_result = fixturefunc(**kwargs)\n\nvenv/lib/python3.11/site-packages/_pytest/fixtures.py:898: \n_ _ _ _ _ _ _ _ _ _ _ _ _ _ _ _ _ _ _ _ _ _ _ _ _ _ _ _ _ _ _ _ _ _ _ _ _ _ _ _ \nfeatures/batchTests/Steps/batch_common_steps.py:60: in wrapper\n    return func(*args, **kwargs)\n_ _ _ _ _ _ _ _ _ _ _ _ _ _ _ _ _ _ _ _ _ _ _ _ _ _ _ _ _ _ _ _ _ _ _ _ _ _ _ _ \n\ncontext = <utilities.context.ScenarioContext object at 0x7f6b6dede050>\n\n    @when(\"same batch file is uploaded again in s3 bucket\")\n    @when(\"batch file is uploaded in s3 bucket\")\n    @ignore_local_run_set_test_data\n    def batch_file_upload_in_s3_bucket(context):\n        upload_file_to_S3(context)\n        print(f\"Batch file uploaded to S3: {context.filename}\")\n        fileIsMoved = wait_for_file_to_move_archive(context)\n>       assert fileIsMoved, f\"File not found in archive after timeout\"\nE       AssertionError: File not found in archive after timeout\n\nfeatures/batchTests/Steps/batch_common_steps.py:85: AssertionError","flaky":false,"newFailed":true,"newBroken":false,"newPassed":false,"retriesCount":0,"retriesStatusChange":false,"beforeStages":[{"name":"_pytest_bdd_example","time":{"start":1762962142885,"stop":1762962142885,"duration":0},"status":"passed","steps":[],"attachments":[],"parameters":[],"stepsCount":0,"shouldDisplayMessage":false,"attachmentsCount":0,"hasContent":false,"attachmentStep":false},{"name":"context","time":{"start":1762962142886,"stop":1762962144464,"duration":1578},"status":"passed","steps":[],"attachments":[],"parameters":[],"stepsCount":0,"shouldDisplayMessage":false,"attachmentsCount":0,"hasContent":false,"attachmentStep":false}],"testStage":{"description":"/home/runner/work/imms_fhir_api_automation/imms_fhir_api_automation/features/batchTests/create_batch.feature: verify that vaccination record will be get rejected if recorded_date is invalid in batch file","status":"failed","statusMessage":"AssertionError: File not found in archive after timeout","statusTrace":"fixturefunc = <function batch_file_upload_in_s3_bucket at 0x7f6b713a40e0>\nrequest = <FixtureRequest for <Function test_verify_that_vaccination_record_will_be_get_rejected_if_recorded_date_is_invalid_in_batch_file>>\nkwargs = {'context': <utilities.context.ScenarioContext object at 0x7f6b6dede050>}\n\n    def call_fixture_func(\n        fixturefunc: _FixtureFunc[FixtureValue], request: FixtureRequest, kwargs\n    ) -> FixtureValue:\n        if is_generator(fixturefunc):\n            fixturefunc = cast(\n                Callable[..., Generator[FixtureValue, None, None]], fixturefunc\n            )\n            generator = fixturefunc(**kwargs)\n            try:\n                fixture_result = next(generator)\n            except StopIteration:\n                raise ValueError(f\"{request.fixturename} did not yield a value\") from None\n            finalizer = functools.partial(_teardown_yield_fixture, fixturefunc, generator)\n            request.addfinalizer(finalizer)\n        else:\n            fixturefunc = cast(Callable[..., FixtureValue], fixturefunc)\n>           fixture_result = fixturefunc(**kwargs)\n\nvenv/lib/python3.11/site-packages/_pytest/fixtures.py:898: \n_ _ _ _ _ _ _ _ _ _ _ _ _ _ _ _ _ _ _ _ _ _ _ _ _ _ _ _ _ _ _ _ _ _ _ _ _ _ _ _ \nfeatures/batchTests/Steps/batch_common_steps.py:60: in wrapper\n    return func(*args, **kwargs)\n_ _ _ _ _ _ _ _ _ _ _ _ _ _ _ _ _ _ _ _ _ _ _ _ _ _ _ _ _ _ _ _ _ _ _ _ _ _ _ _ \n\ncontext = <utilities.context.ScenarioContext object at 0x7f6b6dede050>\n\n    @when(\"same batch file is uploaded again in s3 bucket\")\n    @when(\"batch file is uploaded in s3 bucket\")\n    @ignore_local_run_set_test_data\n    def batch_file_upload_in_s3_bucket(context):\n        upload_file_to_S3(context)\n        print(f\"Batch file uploaded to S3: {context.filename}\")\n        fileIsMoved = wait_for_file_to_move_archive(context)\n>       assert fileIsMoved, f\"File not found in archive after timeout\"\nE       AssertionError: File not found in archive after timeout\n\nfeatures/batchTests/Steps/batch_common_steps.py:85: AssertionError","steps":[],"attachments":[{"uid":"448d79b7d2d66e83","name":"Step Passed: batch file is created for below data where recorded field has invalid date","source":"448d79b7d2d66e83.txt","type":"text/plain","size":93},{"uid":"57e207e5d003d420","name":"Step Failed: batch file is uploaded in s3 bucket","source":"57e207e5d003d420.txt","type":"text/plain","size":105},{"uid":"4e779d993057ebd6","name":"stdout","source":"4e779d993057ebd6.txt","type":"text/plain","size":1155}],"parameters":[],"stepsCount":0,"shouldDisplayMessage":true,"attachmentsCount":3,"hasContent":true,"attachmentStep":false},"afterStages":[],"labels":[{"name":"epic","value":"Immunization Service"},{"name":"suite","value":"Create the immunization event for a patient through batch file"},{"name":"feature","value":"Create the immunization event for a patient through batch file"},{"name":"tag","value":"vaccine_type_HPV"},{"name":"tag","value":"Create_Batch_Feature"},{"name":"tag","value":"supplier_name_MAVIS"},{"name":"tag","value":"functional"},{"name":"parentSuite","value":"features.batchTests.Steps"},{"name":"host","value":"runnervmw9dnm"},{"name":"thread","value":"2499-MainThread"},{"name":"framework","value":"pytest"},{"name":"language","value":"cpython3"},{"name":"package","value":"features.batchTests.Steps.test_create_batch_steps"},{"name":"resultFormat","value":"allure2"}],"parameters":[],"links":[],"hidden":false,"retry":false,"extra":{"severity":"normal","retries":[],"categories":[{"name":"Product defects","matchedStatuses":[],"flaky":false}],"history":{"statistic":{"failed":1,"broken":0,"skipped":0,"passed":1,"unknown":0,"total":2},"items":[{"uid":"ff06563ca573c7f0","reportUrl":"https://NHSDigital.github.io/imms_fhir_api_automation/141/#testresult/ff06563ca573c7f0","status":"passed","time":{"start":1762768906095,"stop":1762768958046,"duration":51951}}]},"tags":["functional","vaccine_type_HPV","Create_Batch_Feature","supplier_name_MAVIS"]},"source":"df4c35ac1f2e86ed.json","parameterValues":[]}