{"uid":"49e301301e9a8998","name":"Verify that the GET method of Search API will be successful with all the valid parameters","fullName":"features.APITests.steps.test_search_steps#test_verify_that_the_get_method_of_search_api_will_be_successful_with_all_the_valid_parameters","historyId":"da1197f9af770dc7bda236fedd18dcdb","time":{"start":1768466845424,"stop":1768466862827,"duration":17403},"description":"/home/runner/work/imms_fhir_api_automation/imms_fhir_api_automation/features/APITests/search.feature: Verify that the GET method of Search API will be successful with all the valid parameters","descriptionHtml":"<p>/home/runner/work/imms_fhir_api_automation/imms_fhir_api_automation/features/APITests/search.feature: Verify that the GET method of Search API will be successful with all the valid parameters</p>\n","status":"failed","statusMessage":"AssertionError: \n Expected status code: 200, but got: 502. Response: {'fault': {'faultstring': 'Unexpected EOF at target', 'detail': {'errorcode': 'messaging.adaptors.http.flow.UnexpectedEOFAtTarget'}}}","statusTrace":"fixturefunc = <function The_request_will_have_status_code at 0x7f7c2a4acae0>\nrequest = <FixtureRequest for <Function test_verify_that_the_get_method_of_search_api_will_be_successful_with_all_the_valid_parameters[SupersedeNhsNo-COVID]>>\nkwargs = {'context': <utilities.context.ScenarioContext object at 0x7f7c29917510>, 'statusCode': '200'}\n\n    def call_fixture_func(\n        fixturefunc: _FixtureFunc[FixtureValue], request: FixtureRequest, kwargs\n    ) -> FixtureValue:\n        if is_generator(fixturefunc):\n            fixturefunc = cast(\n                Callable[..., Generator[FixtureValue, None, None]], fixturefunc\n            )\n            generator = fixturefunc(**kwargs)\n            try:\n                fixture_result = next(generator)\n            except StopIteration:\n                raise ValueError(f\"{request.fixturename} did not yield a value\") from None\n            finalizer = functools.partial(_teardown_yield_fixture, fixturefunc, generator)\n            request.addfinalizer(finalizer)\n        else:\n            fixturefunc = cast(Callable[..., FixtureValue], fixturefunc)\n>           fixture_result = fixturefunc(**kwargs)\n\nvenv/lib/python3.11/site-packages/_pytest/fixtures.py:898: \n_ _ _ _ _ _ _ _ _ _ _ _ _ _ _ _ _ _ _ _ _ _ _ _ _ _ _ _ _ _ _ _ _ _ _ _ _ _ _ _ \n\ncontext = <utilities.context.ScenarioContext object at 0x7f7c29917510>\nstatusCode = '200'\n\n    @then(parsers.parse(\"The request will be unsuccessful with the status code '{statusCode}'\"))\n    @then(parsers.parse(\"The request will be successful with the status code '{statusCode}'\"))\n    def The_request_will_have_status_code(context, statusCode):\n        print(context.response.status_code)\n        print(int(statusCode))\n>       assert context.response.status_code == int(statusCode), f\"\\n Expected status code: {statusCode}, but got: {context.response.status_code}. Response: {context.response.json()} \\n\"\nE       AssertionError: \nE        Expected status code: 200, but got: 502. Response: {'fault': {'faultstring': 'Unexpected EOF at target', 'detail': {'errorcode': 'messaging.adaptors.http.flow.UnexpectedEOFAtTarget'}}}\n\nfeatures/APITests/steps/common_steps.py:66: AssertionError","flaky":false,"newFailed":true,"newBroken":false,"newPassed":false,"retriesCount":0,"retriesStatusChange":false,"beforeStages":[{"name":"setup_environment","time":{"start":1768466459462,"stop":1768466459463,"duration":1},"status":"passed","steps":[],"attachments":[],"parameters":[],"stepsCount":0,"shouldDisplayMessage":false,"attachmentsCount":0,"hasContent":false,"attachmentStep":false},{"name":"global_context","time":{"start":1768466459465,"stop":1768466461262,"duration":1797},"status":"passed","steps":[],"attachments":[],"parameters":[],"stepsCount":0,"shouldDisplayMessage":false,"attachmentsCount":0,"hasContent":false,"attachmentStep":false},{"name":"context","time":{"start":1768466845424,"stop":1768466849123,"duration":3699},"status":"passed","steps":[],"attachments":[],"parameters":[],"stepsCount":0,"shouldDisplayMessage":false,"attachmentsCount":0,"hasContent":false,"attachmentStep":false},{"name":"_pytest_bdd_example","time":{"start":1768467017607,"stop":1768467017607,"duration":0},"status":"passed","steps":[],"attachments":[],"parameters":[],"stepsCount":0,"shouldDisplayMessage":false,"attachmentsCount":0,"hasContent":false,"attachmentStep":false}],"testStage":{"description":"/home/runner/work/imms_fhir_api_automation/imms_fhir_api_automation/features/APITests/search.feature: Verify that the GET method of Search API will be successful with all the valid parameters","status":"failed","statusMessage":"AssertionError: \n Expected status code: 200, but got: 502. Response: {'fault': {'faultstring': 'Unexpected EOF at target', 'detail': {'errorcode': 'messaging.adaptors.http.flow.UnexpectedEOFAtTarget'}}}","statusTrace":"fixturefunc = <function The_request_will_have_status_code at 0x7f7c2a4acae0>\nrequest = <FixtureRequest for <Function test_verify_that_the_get_method_of_search_api_will_be_successful_with_all_the_valid_parameters[SupersedeNhsNo-COVID]>>\nkwargs = {'context': <utilities.context.ScenarioContext object at 0x7f7c29917510>, 'statusCode': '200'}\n\n    def call_fixture_func(\n        fixturefunc: _FixtureFunc[FixtureValue], request: FixtureRequest, kwargs\n    ) -> FixtureValue:\n        if is_generator(fixturefunc):\n            fixturefunc = cast(\n                Callable[..., Generator[FixtureValue, None, None]], fixturefunc\n            )\n            generator = fixturefunc(**kwargs)\n            try:\n                fixture_result = next(generator)\n            except StopIteration:\n                raise ValueError(f\"{request.fixturename} did not yield a value\") from None\n            finalizer = functools.partial(_teardown_yield_fixture, fixturefunc, generator)\n            request.addfinalizer(finalizer)\n        else:\n            fixturefunc = cast(Callable[..., FixtureValue], fixturefunc)\n>           fixture_result = fixturefunc(**kwargs)\n\nvenv/lib/python3.11/site-packages/_pytest/fixtures.py:898: \n_ _ _ _ _ _ _ _ _ _ _ _ _ _ _ _ _ _ _ _ _ _ _ _ _ _ _ _ _ _ _ _ _ _ _ _ _ _ _ _ \n\ncontext = <utilities.context.ScenarioContext object at 0x7f7c29917510>\nstatusCode = '200'\n\n    @then(parsers.parse(\"The request will be unsuccessful with the status code '{statusCode}'\"))\n    @then(parsers.parse(\"The request will be successful with the status code '{statusCode}'\"))\n    def The_request_will_have_status_code(context, statusCode):\n        print(context.response.status_code)\n        print(int(statusCode))\n>       assert context.response.status_code == int(statusCode), f\"\\n Expected status code: {statusCode}, but got: {context.response.status_code}. Response: {context.response.json()} \\n\"\nE       AssertionError: \nE        Expected status code: 200, but got: 502. Response: {'fault': {'faultstring': 'Unexpected EOF at target', 'detail': {'errorcode': 'messaging.adaptors.http.flow.UnexpectedEOFAtTarget'}}}\n\nfeatures/APITests/steps/common_steps.py:66: AssertionError","steps":[],"attachments":[{"uid":"d0ffca008e09f1a2","name":"Step Passed: Valid vaccination record is created with Patient 'SupersedeNhsNo' and vaccine_type 'COVID'","source":"d0ffca008e09f1a2.txt","type":"text/plain","size":109},{"uid":"aeda2749fc1e72d7","name":"Step Passed: Send a search request with GET method for Immunization event created","source":"aeda2749fc1e72d7.txt","type":"text/plain","size":87},{"uid":"4bb4ff31a80b2044","name":"Step Failed: The request will be successful with the status code '200'","source":"4bb4ff31a80b2044.txt","type":"text/plain","size":276},{"uid":"4176ad31acceffcf","name":"stdout","source":"4176ad31acceffcf.txt","type":"text/plain","size":4784}],"parameters":[],"stepsCount":0,"shouldDisplayMessage":true,"attachmentsCount":4,"hasContent":true,"attachmentStep":false},"afterStages":[],"labels":[{"name":"epic","value":"Immunization Service"},{"name":"suite","value":"Search the immunization of a patient"},{"name":"feature","value":"Search the immunization of a patient"},{"name":"tag","value":"supplier_name_TPP"},{"name":"tag","value":"Search_Feature"},{"name":"tag","value":"smoke"},{"name":"tag","value":"functional"},{"name":"tag","value":"Delete_cleanUp"},{"name":"parentSuite","value":"features.APITests.steps"},{"name":"host","value":"runnervmi13qx"},{"name":"thread","value":"2547-MainThread"},{"name":"framework","value":"pytest"},{"name":"language","value":"cpython3"},{"name":"package","value":"features.APITests.steps.test_search_steps"},{"name":"resultFormat","value":"allure2"}],"parameters":[{"name":"_pytest_bdd_example","value":"{'Patient': 'SupersedeNhsNo', 'Vaccine_type': 'COVID'}"}],"links":[],"hidden":false,"retry":false,"extra":{"severity":"normal","retries":[],"categories":[{"name":"Product defects","matchedStatuses":[],"flaky":false}],"history":{"statistic":{"failed":1,"broken":0,"skipped":0,"passed":1,"unknown":0,"total":2},"items":[{"uid":"53658c459ddff4d2","reportUrl":"https://NHSDigital.github.io/imms_fhir_api_automation/235/#testresult/53658c459ddff4d2","status":"passed","time":{"start":1768404134107,"stop":1768404138279,"duration":4172}}]},"tags":["Search_Feature","supplier_name_TPP","functional","smoke","Delete_cleanUp"]},"source":"49e301301e9a8998.json","parameterValues":["{'Patient': 'SupersedeNhsNo', 'Vaccine_type': 'COVID'}"]}