{"uid":"35945c6d911f2318","name":"Verify that Search API will throw error if date to is invalid","fullName":"features.APITests.steps.test_search_steps#test_verify_that_search_api_will_throw_error_if_date_to_is_invalid","historyId":"f903d79fdd95282f6cc19404021f824d","time":{"start":1766419880651,"stop":1766419891054,"duration":10403},"description":"/home/runner/work/imms_fhir_api_automation/imms_fhir_api_automation/features/APITests/search.feature: Verify that Search API will throw error if date to is invalid","descriptionHtml":"<p>/home/runner/work/imms_fhir_api_automation/imms_fhir_api_automation/features/APITests/search.feature: Verify that Search API will throw error if date to is invalid</p>\n","status":"failed","statusMessage":"AssertionError: \n Expected status code: 400, but got: 502. Response: {'fault': {'faultstring': 'Unexpected EOF at target', 'detail': {'errorcode': 'messaging.adaptors.http.flow.UnexpectedEOFAtTarget'}}}","statusTrace":"fixturefunc = <function The_request_will_have_status_code at 0x7f6caee40ae0>\nrequest = <FixtureRequest for <Function test_verify_that_search_api_will_throw_error_if_date_to_is_invalid[2025-05-01-2025-05-32]>>\nkwargs = {'context': <utilities.context.ScenarioContext object at 0x7f6cae0afad0>, 'statusCode': '400'}\n\n    def call_fixture_func(\n        fixturefunc: _FixtureFunc[FixtureValue], request: FixtureRequest, kwargs\n    ) -> FixtureValue:\n        if is_generator(fixturefunc):\n            fixturefunc = cast(\n                Callable[..., Generator[FixtureValue, None, None]], fixturefunc\n            )\n            generator = fixturefunc(**kwargs)\n            try:\n                fixture_result = next(generator)\n            except StopIteration:\n                raise ValueError(f\"{request.fixturename} did not yield a value\") from None\n            finalizer = functools.partial(_teardown_yield_fixture, fixturefunc, generator)\n            request.addfinalizer(finalizer)\n        else:\n            fixturefunc = cast(Callable[..., FixtureValue], fixturefunc)\n>           fixture_result = fixturefunc(**kwargs)\n\nvenv/lib/python3.11/site-packages/_pytest/fixtures.py:898: \n_ _ _ _ _ _ _ _ _ _ _ _ _ _ _ _ _ _ _ _ _ _ _ _ _ _ _ _ _ _ _ _ _ _ _ _ _ _ _ _ \n\ncontext = <utilities.context.ScenarioContext object at 0x7f6cae0afad0>\nstatusCode = '400'\n\n    @then(parsers.parse(\"The request will be unsuccessful with the status code '{statusCode}'\"))\n    @then(parsers.parse(\"The request will be successful with the status code '{statusCode}'\"))\n    def The_request_will_have_status_code(context, statusCode):\n        print(context.response.status_code)\n        print(int(statusCode))\n>       assert context.response.status_code == int(statusCode), f\"\\n Expected status code: {statusCode}, but got: {context.response.status_code}. Response: {context.response.json()} \\n\"\nE       AssertionError: \nE        Expected status code: 400, but got: 502. Response: {'fault': {'faultstring': 'Unexpected EOF at target', 'detail': {'errorcode': 'messaging.adaptors.http.flow.UnexpectedEOFAtTarget'}}}\n\nfeatures/APITests/steps/common_steps.py:66: AssertionError","flaky":false,"newFailed":false,"newBroken":false,"newPassed":false,"retriesCount":0,"retriesStatusChange":false,"beforeStages":[{"name":"setup_environment","time":{"start":1766419436304,"stop":1766419436304,"duration":0},"status":"passed","steps":[],"attachments":[],"parameters":[],"stepsCount":0,"shouldDisplayMessage":false,"attachmentsCount":0,"hasContent":false,"attachmentStep":false},{"name":"global_context","time":{"start":1766419436307,"stop":1766419438006,"duration":1699},"status":"passed","steps":[],"attachments":[],"parameters":[],"stepsCount":0,"shouldDisplayMessage":false,"attachmentsCount":0,"hasContent":false,"attachmentStep":false},{"name":"context","time":{"start":1766419880652,"stop":1766419881796,"duration":1144},"status":"passed","steps":[],"attachments":[],"parameters":[],"stepsCount":0,"shouldDisplayMessage":false,"attachmentsCount":0,"hasContent":false,"attachmentStep":false},{"name":"_pytest_bdd_example","time":{"start":1766419900532,"stop":1766419900532,"duration":0},"status":"passed","steps":[],"attachments":[],"parameters":[],"stepsCount":0,"shouldDisplayMessage":false,"attachmentsCount":0,"hasContent":false,"attachmentStep":false}],"testStage":{"description":"/home/runner/work/imms_fhir_api_automation/imms_fhir_api_automation/features/APITests/search.feature: Verify that Search API will throw error if date to is invalid","status":"failed","statusMessage":"AssertionError: \n Expected status code: 400, but got: 502. Response: {'fault': {'faultstring': 'Unexpected EOF at target', 'detail': {'errorcode': 'messaging.adaptors.http.flow.UnexpectedEOFAtTarget'}}}","statusTrace":"fixturefunc = <function The_request_will_have_status_code at 0x7f6caee40ae0>\nrequest = <FixtureRequest for <Function test_verify_that_search_api_will_throw_error_if_date_to_is_invalid[2025-05-01-2025-05-32]>>\nkwargs = {'context': <utilities.context.ScenarioContext object at 0x7f6cae0afad0>, 'statusCode': '400'}\n\n    def call_fixture_func(\n        fixturefunc: _FixtureFunc[FixtureValue], request: FixtureRequest, kwargs\n    ) -> FixtureValue:\n        if is_generator(fixturefunc):\n            fixturefunc = cast(\n                Callable[..., Generator[FixtureValue, None, None]], fixturefunc\n            )\n            generator = fixturefunc(**kwargs)\n            try:\n                fixture_result = next(generator)\n            except StopIteration:\n                raise ValueError(f\"{request.fixturename} did not yield a value\") from None\n            finalizer = functools.partial(_teardown_yield_fixture, fixturefunc, generator)\n            request.addfinalizer(finalizer)\n        else:\n            fixturefunc = cast(Callable[..., FixtureValue], fixturefunc)\n>           fixture_result = fixturefunc(**kwargs)\n\nvenv/lib/python3.11/site-packages/_pytest/fixtures.py:898: \n_ _ _ _ _ _ _ _ _ _ _ _ _ _ _ _ _ _ _ _ _ _ _ _ _ _ _ _ _ _ _ _ _ _ _ _ _ _ _ _ \n\ncontext = <utilities.context.ScenarioContext object at 0x7f6cae0afad0>\nstatusCode = '400'\n\n    @then(parsers.parse(\"The request will be unsuccessful with the status code '{statusCode}'\"))\n    @then(parsers.parse(\"The request will be successful with the status code '{statusCode}'\"))\n    def The_request_will_have_status_code(context, statusCode):\n        print(context.response.status_code)\n        print(int(statusCode))\n>       assert context.response.status_code == int(statusCode), f\"\\n Expected status code: {statusCode}, but got: {context.response.status_code}. Response: {context.response.json()} \\n\"\nE       AssertionError: \nE        Expected status code: 400, but got: 502. Response: {'fault': {'faultstring': 'Unexpected EOF at target', 'detail': {'errorcode': 'messaging.adaptors.http.flow.UnexpectedEOFAtTarget'}}}\n\nfeatures/APITests/steps/common_steps.py:66: AssertionError","steps":[],"attachments":[{"uid":"33e7ded3714af692","name":"Step Passed: Send a search request with GET method with valid Date From '2025-05-01' and invalid Date To '2025-05-32'","source":"33e7ded3714af692.txt","type":"text/plain","size":123},{"uid":"88cb7c963878fe17","name":"Step Passed: The request will be unsuccessful with the status code '400'","source":"88cb7c963878fe17.txt","type":"text/plain","size":78},{"uid":"b49c7c0552ab3ac1","name":"Step Passed: The Search Response JSONs should contain correct error message for invalid Date To","source":"b49c7c0552ab3ac1.txt","type":"text/plain","size":101},{"uid":"45050bad3448346b","name":"Step Passed: Send a search request with POST method with valid Date From '2025-05-01' and invalid Date To '2025-05-32'","source":"45050bad3448346b.txt","type":"text/plain","size":124},{"uid":"733e61c0429620c2","name":"Step Failed: The request will be unsuccessful with the status code '400'","source":"733e61c0429620c2.txt","type":"text/plain","size":278},{"uid":"ae10efe63ffc67f0","name":"stdout","source":"ae10efe63ffc67f0.txt","type":"text/plain","size":836}],"parameters":[],"stepsCount":0,"shouldDisplayMessage":true,"attachmentsCount":6,"hasContent":true,"attachmentStep":false},"afterStages":[],"labels":[{"name":"epic","value":"Immunization Service"},{"name":"suite","value":"Search the immunization of a patient"},{"name":"feature","value":"Search the immunization of a patient"},{"name":"tag","value":"Search_Feature"},{"name":"tag","value":"vaccine_type_RSV"},{"name":"tag","value":"functional"},{"name":"tag","value":"supplier_name_RAVS"},{"name":"parentSuite","value":"features.APITests.steps"},{"name":"host","value":"runnervmh13bl"},{"name":"thread","value":"2575-MainThread"},{"name":"framework","value":"pytest"},{"name":"language","value":"cpython3"},{"name":"package","value":"features.APITests.steps.test_search_steps"},{"name":"resultFormat","value":"allure2"}],"parameters":[{"name":"_pytest_bdd_example","value":"{'DateFrom': '2025-05-01', 'DateTo': '2025-05-32'}"}],"links":[],"hidden":false,"retry":false,"extra":{"severity":"normal","retries":[],"categories":[{"name":"Product defects","matchedStatuses":[],"flaky":false}],"history":{"statistic":{"failed":2,"broken":0,"skipped":0,"passed":5,"unknown":0,"total":7},"items":[{"uid":"d5eb0a8dc57cf67a","reportUrl":"https://NHSDigital.github.io/imms_fhir_api_automation/204/#testresult/d5eb0a8dc57cf67a","status":"failed","statusDetails":"AssertionError: \n Expected status code: 400, but got: 502. Response: {'fault': {'faultstring': 'Unexpected EOF at target', 'detail': {'errorcode': 'messaging.adaptors.http.flow.UnexpectedEOFAtTarget'}}}","time":{"start":1766418949381,"stop":1766418960342,"duration":10961}},{"uid":"bbc3b07345880040","reportUrl":"https://NHSDigital.github.io/imms_fhir_api_automation/202/#testresult/bbc3b07345880040","status":"passed","time":{"start":1766413654923,"stop":1766413657829,"duration":2906}},{"uid":"d2854c651935de95","reportUrl":"https://NHSDigital.github.io/imms_fhir_api_automation/199/#testresult/d2854c651935de95","status":"passed","time":{"start":1766269345384,"stop":1766269348491,"duration":3107}},{"uid":"b470d356691c5505","reportUrl":"https://NHSDigital.github.io/imms_fhir_api_automation/197/#testresult/b470d356691c5505","status":"passed","time":{"start":1766170974070,"stop":1766170977111,"duration":3041}},{"uid":"4eb9db4460371a23","reportUrl":"https://NHSDigital.github.io/imms_fhir_api_automation/196/#testresult/4eb9db4460371a23","status":"passed","time":{"start":1765967717775,"stop":1765967721021,"duration":3246}},{"uid":"d7e6c684d525c7b6","reportUrl":"https://NHSDigital.github.io/imms_fhir_api_automation/194/#testresult/d7e6c684d525c7b6","status":"passed","time":{"start":1765899656416,"stop":1765899659430,"duration":3014}}]},"tags":["Search_Feature","functional","supplier_name_RAVS","vaccine_type_RSV"]},"source":"35945c6d911f2318.json","parameterValues":["{'DateFrom': '2025-05-01', 'DateTo': '2025-05-32'}"]}