{"uid":"e69f5717b3ddad92","name":"verify that vaccination record will be get rejected if mandatory fields for site, location and unique identifiers are missing in batch file","fullName":"features.batchTests.Steps.test_create_batch_steps#test_verify_that_vaccination_record_will_be_get_rejected_if_mandatory_fields_for_site_location_and_unique_identifiers_are_missing_in_batch_file","historyId":"63f384383540719c93cb378e5eabca5d","time":{"start":1762168890033,"stop":1762168934349,"duration":44316},"description":"/home/runner/work/imms_fhir_api_automation/imms_fhir_api_automation/features/batchTests/create_batch.feature: verify that vaccination record will be get rejected if mandatory fields for site, location and unique identifiers are missing in batch file","descriptionHtml":"<p>/home/runner/work/imms_fhir_api_automation/imms_fhir_api_automation/features/batchTests/create_batch.feature: verify that vaccination record will be get rejected if mandatory fields for site, location and unique identifiers are missing in batch file</p>\n","status":"failed","statusMessage":"AssertionError: One or more records failed validation checks\nassert False","statusTrace":"fixturefunc = <function all_record_are_rejected_for_given_field_name at 0x7fe74e3df380>\nrequest = <FixtureRequest for <Function test_verify_that_vaccination_record_will_be_get_rejected_if_mandatory_fields_for_site_location_and_unique_identifiers_are_missing_in_batch_file>>\nkwargs = {'context': <utilities.context.ScenarioContext object at 0x7fe74d77d050>}\n\n    def call_fixture_func(\n        fixturefunc: _FixtureFunc[FixtureValue], request: FixtureRequest, kwargs\n    ) -> FixtureValue:\n        if is_generator(fixturefunc):\n            fixturefunc = cast(\n                Callable[..., Generator[FixtureValue, None, None]], fixturefunc\n            )\n            generator = fixturefunc(**kwargs)\n            try:\n                fixture_result = next(generator)\n            except StopIteration:\n                raise ValueError(f\"{request.fixturename} did not yield a value\") from None\n            finalizer = functools.partial(_teardown_yield_fixture, fixturefunc, generator)\n            request.addfinalizer(finalizer)\n        else:\n            fixturefunc = cast(Callable[..., FixtureValue], fixturefunc)\n>           fixture_result = fixturefunc(**kwargs)\n\nvenv/lib/python3.11/site-packages/_pytest/fixtures.py:898: \n_ _ _ _ _ _ _ _ _ _ _ _ _ _ _ _ _ _ _ _ _ _ _ _ _ _ _ _ _ _ _ _ _ _ _ _ _ _ _ _ \n\ncontext = <utilities.context.ScenarioContext object at 0x7fe74d77d050>\n\n    @then(\"all records are rejected in the bus ack file and no imms id is generated\")\n    def all_record_are_rejected_for_given_field_name(context):\n        all_valid = validate_bus_ack_file_for_error(context)\n>       assert all_valid, \"One or more records failed validation checks\"\nE       AssertionError: One or more records failed validation checks\nE       assert False\n\nfeatures/batchTests/Steps/test_create_batch_steps.py:193: AssertionError","flaky":true,"newFailed":true,"newBroken":false,"newPassed":false,"retriesCount":0,"retriesStatusChange":false,"beforeStages":[{"name":"setup_environment","time":{"start":1762168076668,"stop":1762168076668,"duration":0},"status":"passed","steps":[],"attachments":[],"parameters":[],"shouldDisplayMessage":false,"stepsCount":0,"attachmentsCount":0,"hasContent":false},{"name":"global_context","time":{"start":1762168076670,"stop":1762168078269,"duration":1599},"status":"passed","steps":[],"attachments":[],"parameters":[],"shouldDisplayMessage":false,"stepsCount":0,"attachmentsCount":0,"hasContent":false},{"name":"_pytest_bdd_example","time":{"start":1762168890033,"stop":1762168890033,"duration":0},"status":"passed","steps":[],"attachments":[],"parameters":[],"shouldDisplayMessage":false,"stepsCount":0,"attachmentsCount":0,"hasContent":false},{"name":"context","time":{"start":1762168890034,"stop":1762168891359,"duration":1325},"status":"passed","steps":[],"attachments":[],"parameters":[],"shouldDisplayMessage":false,"stepsCount":0,"attachmentsCount":0,"hasContent":false}],"testStage":{"description":"/home/runner/work/imms_fhir_api_automation/imms_fhir_api_automation/features/batchTests/create_batch.feature: verify that vaccination record will be get rejected if mandatory fields for site, location and unique identifiers are missing in batch file","status":"failed","statusMessage":"AssertionError: One or more records failed validation checks\nassert False","statusTrace":"fixturefunc = <function all_record_are_rejected_for_given_field_name at 0x7fe74e3df380>\nrequest = <FixtureRequest for <Function test_verify_that_vaccination_record_will_be_get_rejected_if_mandatory_fields_for_site_location_and_unique_identifiers_are_missing_in_batch_file>>\nkwargs = {'context': <utilities.context.ScenarioContext object at 0x7fe74d77d050>}\n\n    def call_fixture_func(\n        fixturefunc: _FixtureFunc[FixtureValue], request: FixtureRequest, kwargs\n    ) -> FixtureValue:\n        if is_generator(fixturefunc):\n            fixturefunc = cast(\n                Callable[..., Generator[FixtureValue, None, None]], fixturefunc\n            )\n            generator = fixturefunc(**kwargs)\n            try:\n                fixture_result = next(generator)\n            except StopIteration:\n                raise ValueError(f\"{request.fixturename} did not yield a value\") from None\n            finalizer = functools.partial(_teardown_yield_fixture, fixturefunc, generator)\n            request.addfinalizer(finalizer)\n        else:\n            fixturefunc = cast(Callable[..., FixtureValue], fixturefunc)\n>           fixture_result = fixturefunc(**kwargs)\n\nvenv/lib/python3.11/site-packages/_pytest/fixtures.py:898: \n_ _ _ _ _ _ _ _ _ _ _ _ _ _ _ _ _ _ _ _ _ _ _ _ _ _ _ _ _ _ _ _ _ _ _ _ _ _ _ _ \n\ncontext = <utilities.context.ScenarioContext object at 0x7fe74d77d050>\n\n    @then(\"all records are rejected in the bus ack file and no imms id is generated\")\n    def all_record_are_rejected_for_given_field_name(context):\n        all_valid = validate_bus_ack_file_for_error(context)\n>       assert all_valid, \"One or more records failed validation checks\"\nE       AssertionError: One or more records failed validation checks\nE       assert False\n\nfeatures/batchTests/Steps/test_create_batch_steps.py:193: AssertionError","steps":[],"attachments":[{"uid":"3efa5f5f7ae0d241","name":"Step Passed: batch file is created for below data where mandatory fields for site, location, action flag, primary source and unique identifiers are missing","source":"3efa5f5f7ae0d241.txt","type":"text/plain","size":161},{"uid":"7c8d27e742aef4a2","name":"Step Passed: batch file is uploaded in s3 bucket","source":"7c8d27e742aef4a2.txt","type":"text/plain","size":54},{"uid":"5a60005fd44ee2ab","name":"Step Passed: file will be moved to destination bucket and inf ack file will be created","source":"5a60005fd44ee2ab.txt","type":"text/plain","size":92},{"uid":"edbf28c5ba0ec576","name":"Step Passed: inf ack file has success status for processed batch file","source":"edbf28c5ba0ec576.txt","type":"text/plain","size":75},{"uid":"8289e3a09597c490","name":"Step Passed: bus ack file will be created","source":"8289e3a09597c490.txt","type":"text/plain","size":47},{"uid":"3bf5b86029ea6dc1","name":"Step Failed: all records are rejected in the bus ack file and no imms id is generated","source":"3bf5b86029ea6dc1.txt","type":"text/plain","size":160},{"uid":"bde9ee8b36ed2668","name":"stdout","source":"bde9ee8b36ed2668.txt","type":"text/plain","size":2418}],"parameters":[],"shouldDisplayMessage":true,"stepsCount":0,"attachmentsCount":7,"hasContent":true},"afterStages":[],"labels":[{"name":"epic","value":"Immunization Service"},{"name":"suite","value":"Create the immunization event for a patient through batch file"},{"name":"feature","value":"Create the immunization event for a patient through batch file"},{"name":"tag","value":"vaccine_type_HPV"},{"name":"tag","value":"supplier_name_MAVIS"},{"name":"tag","value":"Create_Batch_Feature"},{"name":"parentSuite","value":"features.batchTests.Steps"},{"name":"host","value":"runnervmf2e7y"},{"name":"thread","value":"2459-MainThread"},{"name":"framework","value":"pytest"},{"name":"language","value":"cpython3"},{"name":"package","value":"features.batchTests.Steps.test_create_batch_steps"},{"name":"resultFormat","value":"allure2"}],"parameters":[],"links":[],"hidden":false,"retry":false,"extra":{"severity":"normal","retries":[],"categories":[{"name":"Product defects","matchedStatuses":[],"flaky":false}],"history":{"statistic":{"failed":4,"broken":0,"skipped":0,"passed":3,"unknown":0,"total":7},"items":[{"uid":"49cbc4b923eeb175","reportUrl":"https://NHSDigital.github.io/imms_fhir_api_automation/119//#testresult/49cbc4b923eeb175","status":"passed","time":{"start":1761839399790,"stop":1761839444846,"duration":45056}},{"uid":"4791385f2d90018c","reportUrl":"https://NHSDigital.github.io/imms_fhir_api_automation/118//#testresult/4791385f2d90018c","status":"passed","time":{"start":1761837382642,"stop":1761837423583,"duration":40941}},{"uid":"7ba7f7ac789f31d0","reportUrl":"https://NHSDigital.github.io/imms_fhir_api_automation/117//#testresult/7ba7f7ac789f31d0","status":"passed","time":{"start":1761835854092,"stop":1761835893405,"duration":39313}},{"uid":"8ad07d8d323d81e2","reportUrl":"https://NHSDigital.github.io/imms_fhir_api_automation/116//#testresult/8ad07d8d323d81e2","status":"failed","statusDetails":"AssertionError: One or more records failed validation checks\nassert False","time":{"start":1761833229604,"stop":1761833273564,"duration":43960}},{"uid":"53c86dd01d19f0cd","reportUrl":"https://NHSDigital.github.io/imms_fhir_api_automation/115//#testresult/53c86dd01d19f0cd","status":"failed","statusDetails":"AssertionError: One or more records failed validation checks\nassert False","time":{"start":1761821819238,"stop":1761821858839,"duration":39601}},{"uid":"47cbed5de4192e8b","reportUrl":"https://NHSDigital.github.io/imms_fhir_api_automation/114//#testresult/47cbed5de4192e8b","status":"failed","statusDetails":"AssertionError: One or more records failed validation checks\nassert False","time":{"start":1761820927395,"stop":1761820973539,"duration":46144}}]},"tags":["vaccine_type_HPV","Create_Batch_Feature","supplier_name_MAVIS"]},"source":"e69f5717b3ddad92.json","parameterValues":[]}