{"uid":"4c54330e683e899b","name":"verify that vaccination file will be rejected if the processed file is duplicate","fullName":"features.batchTests.Steps.test_batch_file_validation_steps#test_verify_that_vaccination_file_will_be_rejected_if_the_processed_file_is_duplicate","historyId":"e6fab513dfcdd46bfe63cc0cf64df815","time":{"start":1763031124708,"stop":1763031251529,"duration":126821},"description":"/home/runner/work/imms_fhir_api_automation/imms_fhir_api_automation/features/batchTests/batch_file_validation.feature: verify that vaccination file will be rejected if the processed file is duplicate","descriptionHtml":"<p>/home/runner/work/imms_fhir_api_automation/imms_fhir_api_automation/features/batchTests/batch_file_validation.feature: verify that vaccination file will be rejected if the processed file is duplicate</p>\n","status":"failed","statusMessage":"AssertionError: File not found in archive after timeout","statusTrace":"fixturefunc = <function batch_file_upload_in_s3_bucket at 0x7f463bf14180>\nrequest = <FixtureRequest for <Function test_verify_that_vaccination_file_will_be_rejected_if_the_processed_file_is_duplicate>>\nkwargs = {'context': <utilities.context.ScenarioContext object at 0x7f4638f7e350>}\n\n    def call_fixture_func(\n        fixturefunc: _FixtureFunc[FixtureValue], request: FixtureRequest, kwargs\n    ) -> FixtureValue:\n        if is_generator(fixturefunc):\n            fixturefunc = cast(\n                Callable[..., Generator[FixtureValue, None, None]], fixturefunc\n            )\n            generator = fixturefunc(**kwargs)\n            try:\n                fixture_result = next(generator)\n            except StopIteration:\n                raise ValueError(f\"{request.fixturename} did not yield a value\") from None\n            finalizer = functools.partial(_teardown_yield_fixture, fixturefunc, generator)\n            request.addfinalizer(finalizer)\n        else:\n            fixturefunc = cast(Callable[..., FixtureValue], fixturefunc)\n>           fixture_result = fixturefunc(**kwargs)\n\nvenv/lib/python3.11/site-packages/_pytest/fixtures.py:898: \n_ _ _ _ _ _ _ _ _ _ _ _ _ _ _ _ _ _ _ _ _ _ _ _ _ _ _ _ _ _ _ _ _ _ _ _ _ _ _ _ \nfeatures/batchTests/Steps/batch_common_steps.py:60: in wrapper\n    return func(*args, **kwargs)\n_ _ _ _ _ _ _ _ _ _ _ _ _ _ _ _ _ _ _ _ _ _ _ _ _ _ _ _ _ _ _ _ _ _ _ _ _ _ _ _ \n\ncontext = <utilities.context.ScenarioContext object at 0x7f4638f7e350>\n\n    @when(\"same batch file is uploaded again in s3 bucket\")\n    @when(\"batch file is uploaded in s3 bucket\")\n    @ignore_local_run_set_test_data\n    def batch_file_upload_in_s3_bucket(context):\n        upload_file_to_S3(context)\n        print(f\"Batch file uploaded to S3: {context.filename}\")\n        fileIsMoved = wait_for_file_to_move_archive(context)\n>       assert fileIsMoved, f\"File not found in archive after timeout\"\nE       AssertionError: File not found in archive after timeout\n\nfeatures/batchTests/Steps/batch_common_steps.py:85: AssertionError","flaky":false,"newFailed":false,"newBroken":false,"newPassed":false,"retriesCount":0,"retriesStatusChange":false,"beforeStages":[{"name":"setup_environment","time":{"start":1763031018527,"stop":1763031018527,"duration":0},"status":"passed","steps":[],"attachments":[],"parameters":[],"stepsCount":0,"shouldDisplayMessage":false,"attachmentsCount":0,"hasContent":false,"attachmentStep":false},{"name":"global_context","time":{"start":1763031018528,"stop":1763031020077,"duration":1549},"status":"passed","steps":[],"attachments":[],"parameters":[],"stepsCount":0,"shouldDisplayMessage":false,"attachmentsCount":0,"hasContent":false,"attachmentStep":false},{"name":"_pytest_bdd_example","time":{"start":1763031124707,"stop":1763031124707,"duration":0},"status":"passed","steps":[],"attachments":[],"parameters":[],"stepsCount":0,"shouldDisplayMessage":false,"attachmentsCount":0,"hasContent":false,"attachmentStep":false},{"name":"context","time":{"start":1763031124708,"stop":1763031126586,"duration":1878},"status":"passed","steps":[],"attachments":[],"parameters":[],"stepsCount":0,"shouldDisplayMessage":false,"attachmentsCount":0,"hasContent":false,"attachmentStep":false}],"testStage":{"description":"/home/runner/work/imms_fhir_api_automation/imms_fhir_api_automation/features/batchTests/batch_file_validation.feature: verify that vaccination file will be rejected if the processed file is duplicate","status":"failed","statusMessage":"AssertionError: File not found in archive after timeout","statusTrace":"fixturefunc = <function batch_file_upload_in_s3_bucket at 0x7f463bf14180>\nrequest = <FixtureRequest for <Function test_verify_that_vaccination_file_will_be_rejected_if_the_processed_file_is_duplicate>>\nkwargs = {'context': <utilities.context.ScenarioContext object at 0x7f4638f7e350>}\n\n    def call_fixture_func(\n        fixturefunc: _FixtureFunc[FixtureValue], request: FixtureRequest, kwargs\n    ) -> FixtureValue:\n        if is_generator(fixturefunc):\n            fixturefunc = cast(\n                Callable[..., Generator[FixtureValue, None, None]], fixturefunc\n            )\n            generator = fixturefunc(**kwargs)\n            try:\n                fixture_result = next(generator)\n            except StopIteration:\n                raise ValueError(f\"{request.fixturename} did not yield a value\") from None\n            finalizer = functools.partial(_teardown_yield_fixture, fixturefunc, generator)\n            request.addfinalizer(finalizer)\n        else:\n            fixturefunc = cast(Callable[..., FixtureValue], fixturefunc)\n>           fixture_result = fixturefunc(**kwargs)\n\nvenv/lib/python3.11/site-packages/_pytest/fixtures.py:898: \n_ _ _ _ _ _ _ _ _ _ _ _ _ _ _ _ _ _ _ _ _ _ _ _ _ _ _ _ _ _ _ _ _ _ _ _ _ _ _ _ \nfeatures/batchTests/Steps/batch_common_steps.py:60: in wrapper\n    return func(*args, **kwargs)\n_ _ _ _ _ _ _ _ _ _ _ _ _ _ _ _ _ _ _ _ _ _ _ _ _ _ _ _ _ _ _ _ _ _ _ _ _ _ _ _ \n\ncontext = <utilities.context.ScenarioContext object at 0x7f4638f7e350>\n\n    @when(\"same batch file is uploaded again in s3 bucket\")\n    @when(\"batch file is uploaded in s3 bucket\")\n    @ignore_local_run_set_test_data\n    def batch_file_upload_in_s3_bucket(context):\n        upload_file_to_S3(context)\n        print(f\"Batch file uploaded to S3: {context.filename}\")\n        fileIsMoved = wait_for_file_to_move_archive(context)\n>       assert fileIsMoved, f\"File not found in archive after timeout\"\nE       AssertionError: File not found in archive after timeout\n\nfeatures/batchTests/Steps/batch_common_steps.py:85: AssertionError","steps":[],"attachments":[{"uid":"b2ee5e15215e54cf","name":"Step Passed: batch file is created for below data as full dataset","source":"b2ee5e15215e54cf.txt","type":"text/plain","size":71},{"uid":"237d1a32c061192f","name":"Step Failed: batch file is uploaded in s3 bucket","source":"237d1a32c061192f.txt","type":"text/plain","size":105},{"uid":"e8ba87429d6bceeb","name":"stdout","source":"e8ba87429d6bceeb.txt","type":"text/plain","size":1155}],"parameters":[],"stepsCount":0,"shouldDisplayMessage":true,"attachmentsCount":3,"hasContent":true,"attachmentStep":false},"afterStages":[],"labels":[{"name":"epic","value":"Immunization Service"},{"name":"suite","value":"Validate the file level and columns validations for vaccination batch file"},{"name":"feature","value":"Validate the file level and columns validations for vaccination batch file"},{"name":"tag","value":"supplier_name_MAVIS"},{"name":"tag","value":"Batch_File_Validation_Feature"},{"name":"tag","value":"vaccine_type_HPV"},{"name":"parentSuite","value":"features.batchTests.Steps"},{"name":"host","value":"runnervmw9dnm"},{"name":"thread","value":"2512-MainThread"},{"name":"framework","value":"pytest"},{"name":"language","value":"cpython3"},{"name":"package","value":"features.batchTests.Steps.test_batch_file_validation_steps"},{"name":"resultFormat","value":"allure2"}],"parameters":[],"links":[],"hidden":false,"retry":false,"extra":{"severity":"normal","retries":[],"categories":[{"name":"Product defects","matchedStatuses":[],"flaky":false}],"history":{"statistic":{"failed":3,"broken":0,"skipped":0,"passed":0,"unknown":0,"total":3},"items":[{"uid":"bb297a505d0a5685","reportUrl":"https://NHSDigital.github.io/imms_fhir_api_automation/143/#testresult/bb297a505d0a5685","status":"failed","statusDetails":"AssertionError: File not found in archive after timeout","time":{"start":1762961407429,"stop":1762961532153,"duration":124724}},{"uid":"b43f6150272d69dc","reportUrl":"https://NHSDigital.github.io/imms_fhir_api_automation/142/#testresult/b43f6150272d69dc","status":"failed","statusDetails":"AssertionError: File not found in archive after timeout","time":{"start":1762960403864,"stop":1762960529656,"duration":125792}}]},"tags":["vaccine_type_HPV","supplier_name_MAVIS","Batch_File_Validation_Feature"]},"source":"4c54330e683e899b.json","parameterValues":[]}