{"uid":"3887d8dd6e21dd90","name":"Verify that Search API will throw error if both different combination of dates and include is invalid","fullName":"features.APITests.steps.test_search_steps#test_verify_that_search_api_will_throw_error_if_both_different_combination_of_dates_and_include_is_invalid","historyId":"9a731692019fd25644dfaa0f1b6dc117","time":{"start":1762274313331,"stop":1762274315611,"duration":2280},"description":"/home/runner/work/imms_fhir_api_automation/imms_fhir_api_automation/features/APITests/search.feature: Verify that Search API will throw error if both different combination of dates and include is invalid","descriptionHtml":"<p>/home/runner/work/imms_fhir_api_automation/imms_fhir_api_automation/features/APITests/search.feature: Verify that Search API will throw error if both different combination of dates and include is invalid</p>\n","status":"failed","statusMessage":"AssertionError: FAILURE: check bool(False): Expected Diagnostics: Search parameter _include may only be 'Immunization:patient' if provided., got immunization-target must be one or more of the following: RSV, SHINGLES, MMR, MMRV, PCV13, MENACWY, COVID, FLU, HPV, PERTUSSIS, 3IN1\nfeatures/APITests/steps/common_steps.py:132 in operationOutcomeInvalidParams() -> validate_error_response(error_response, expected_error)\nutilities/api_fhir_immunization_helper.py:103 in validate_error_response() -> check.is_true(\n\nFAILURE: check bool(False): Expected Diagnostics: Search parameter _include may only be 'Immunization:patient' if provided., got immunization-target must be one or more of the following: RSV, SHINGLES, MMR, MMRV, PCV13, MENACWY, COVID, FLU, HPV, PERTUSSIS, 3IN1\n------------------------------------------------------------\nFailed Checks: 2","statusTrace":"FAILURE: check bool(False): Expected Diagnostics: Search parameter _include may only be 'Immunization:patient' if provided., got immunization-target must be one or more of the following: RSV, SHINGLES, MMR, MMRV, PCV13, MENACWY, COVID, FLU, HPV, PERTUSSIS, 3IN1\nfeatures/APITests/steps/common_steps.py:132 in operationOutcomeInvalidParams() -> validate_error_response(error_response, expected_error)\nutilities/api_fhir_immunization_helper.py:103 in validate_error_response() -> check.is_true(\n\nFAILURE: check bool(False): Expected Diagnostics: Search parameter _include may only be 'Immunization:patient' if provided., got immunization-target must be one or more of the following: RSV, SHINGLES, MMR, MMRV, PCV13, MENACWY, COVID, FLU, HPV, PERTUSSIS, 3IN1\n------------------------------------------------------------\nFailed Checks: 2","flaky":false,"newFailed":false,"newBroken":false,"newPassed":false,"retriesCount":0,"retriesStatusChange":false,"beforeStages":[{"name":"setup_environment","time":{"start":1762274063195,"stop":1762274063195,"duration":0},"status":"passed","steps":[],"attachments":[],"parameters":[],"stepsCount":0,"shouldDisplayMessage":false,"attachmentsCount":0,"hasContent":false,"attachmentStep":false},{"name":"global_context","time":{"start":1762274063198,"stop":1762274064846,"duration":1648},"status":"passed","steps":[],"attachments":[],"parameters":[],"stepsCount":0,"shouldDisplayMessage":false,"attachmentsCount":0,"hasContent":false,"attachmentStep":false},{"name":"context","time":{"start":1762274313332,"stop":1762274314564,"duration":1232},"status":"passed","steps":[],"attachments":[],"parameters":[],"stepsCount":0,"shouldDisplayMessage":false,"attachmentsCount":0,"hasContent":false,"attachmentStep":false},{"name":"_pytest_bdd_example","time":{"start":1762274352461,"stop":1762274352461,"duration":0},"status":"passed","steps":[],"attachments":[],"parameters":[],"stepsCount":0,"shouldDisplayMessage":false,"attachmentsCount":0,"hasContent":false,"attachmentStep":false}],"testStage":{"description":"/home/runner/work/imms_fhir_api_automation/imms_fhir_api_automation/features/APITests/search.feature: Verify that Search API will throw error if both different combination of dates and include is invalid","status":"failed","statusMessage":"AssertionError: FAILURE: check bool(False): Expected Diagnostics: Search parameter _include may only be 'Immunization:patient' if provided., got immunization-target must be one or more of the following: RSV, SHINGLES, MMR, MMRV, PCV13, MENACWY, COVID, FLU, HPV, PERTUSSIS, 3IN1\nfeatures/APITests/steps/common_steps.py:132 in operationOutcomeInvalidParams() -> validate_error_response(error_response, expected_error)\nutilities/api_fhir_immunization_helper.py:103 in validate_error_response() -> check.is_true(\n\nFAILURE: check bool(False): Expected Diagnostics: Search parameter _include may only be 'Immunization:patient' if provided., got immunization-target must be one or more of the following: RSV, SHINGLES, MMR, MMRV, PCV13, MENACWY, COVID, FLU, HPV, PERTUSSIS, 3IN1\n------------------------------------------------------------\nFailed Checks: 2","statusTrace":"FAILURE: check bool(False): Expected Diagnostics: Search parameter _include may only be 'Immunization:patient' if provided., got immunization-target must be one or more of the following: RSV, SHINGLES, MMR, MMRV, PCV13, MENACWY, COVID, FLU, HPV, PERTUSSIS, 3IN1\nfeatures/APITests/steps/common_steps.py:132 in operationOutcomeInvalidParams() -> validate_error_response(error_response, expected_error)\nutilities/api_fhir_immunization_helper.py:103 in validate_error_response() -> check.is_true(\n\nFAILURE: check bool(False): Expected Diagnostics: Search parameter _include may only be 'Immunization:patient' if provided., got immunization-target must be one or more of the following: RSV, SHINGLES, MMR, MMRV, PCV13, MENACWY, COVID, FLU, HPV, PERTUSSIS, 3IN1\n------------------------------------------------------------\nFailed Checks: 2","steps":[],"attachments":[{"uid":"9119f1e788d3546a","name":"Step Passed: Send a search request with GET method with valid NHS Number '9728403348' and valid Disease Type 'COVID19' and Date From '2025-05-12' and Date To '2025-05-12' and include 'abc'","source":"9119f1e788d3546a.txt","type":"text/plain","size":194},{"uid":"e1578fc843505123","name":"Step Passed: The request will be unsuccessful with the status code '400'","source":"e1578fc843505123.txt","type":"text/plain","size":78},{"uid":"e0ce46f2ec683657","name":"Step Passed: The Search Response JSONs should contain correct error message for invalid Date From, Date To and include","source":"e0ce46f2ec683657.txt","type":"text/plain","size":124},{"uid":"174c28bc5b8f8b9c","name":"Step Passed: Send a search request with POST method with valid NHS Number '9728403348' and valid Disease Type 'COVID19' and Date From '2025-05-12' and Date To '2025-05-12' and include 'abc'","source":"174c28bc5b8f8b9c.txt","type":"text/plain","size":195},{"uid":"8348766607884670","name":"Step Passed: The request will be unsuccessful with the status code '400'","source":"8348766607884670.txt","type":"text/plain","size":78},{"uid":"b5066543db802615","name":"Step Passed: The Search Response JSONs should contain correct error message for invalid Date From, Date To and include","source":"b5066543db802615.txt","type":"text/plain","size":124},{"uid":"c1dd2989571b3fee","name":"stdout","source":"c1dd2989571b3fee.txt","type":"text/plain","size":1391}],"parameters":[],"stepsCount":0,"shouldDisplayMessage":true,"attachmentsCount":7,"hasContent":true,"attachmentStep":false},"afterStages":[],"labels":[{"name":"epic","value":"Immunization Service"},{"name":"suite","value":"Search the immunization of a patient"},{"name":"feature","value":"Search the immunization of a patient"},{"name":"tag","value":"Search_Feature"},{"name":"tag","value":"supplier_name_Postman_Auth"},{"name":"parentSuite","value":"features.APITests.steps"},{"name":"host","value":"runnervmf2e7y"},{"name":"thread","value":"2487-MainThread"},{"name":"framework","value":"pytest"},{"name":"language","value":"cpython3"},{"name":"package","value":"features.APITests.steps.test_search_steps"},{"name":"resultFormat","value":"allure2"}],"parameters":[{"name":"_pytest_bdd_example","value":"{'NHSNumber': '9728403348', 'vaccine_type': 'COVID19', 'DateFrom': '2025-05-12', 'DateTo': '2025-05-12', 'include': 'abc'}"}],"links":[],"hidden":false,"retry":false,"extra":{"severity":"normal","retries":[],"categories":[{"name":"Product defects","matchedStatuses":[],"flaky":false}],"tags":["Search_Feature","supplier_name_Postman_Auth"]},"source":"3887d8dd6e21dd90.json","parameterValues":["{'NHSNumber': '9728403348', 'vaccine_type': 'COVID19', 'DateFrom': '2025-05-12', 'DateTo': '2025-05-12', 'include': 'abc'}"]}