{"uid":"86fa665f81607a3f","name":"Verify that Search API will throw error if both different combination of dates and include is invalid","fullName":"features.APITests.steps.test_search_steps#test_verify_that_search_api_will_throw_error_if_both_different_combination_of_dates_and_include_is_invalid","historyId":"90fcbca4b225f988d4313fb0b7e13222","time":{"start":1762274310904,"stop":1762274313329,"duration":2425},"description":"/home/runner/work/imms_fhir_api_automation/imms_fhir_api_automation/features/APITests/search.feature: Verify that Search API will throw error if both different combination of dates and include is invalid","descriptionHtml":"<p>/home/runner/work/imms_fhir_api_automation/imms_fhir_api_automation/features/APITests/search.feature: Verify that Search API will throw error if both different combination of dates and include is invalid</p>\n","status":"failed","statusMessage":"AssertionError: FAILURE: check bool(False): Expected Diagnostics: Search parameter -date.from must be in format: YYYY-MM-DD; Search parameter _include may only be 'Immunization:patient' if provided., got immunization-target must be one or more of the following: RSV, SHINGLES, MMR, MMRV, PCV13, MENACWY, COVID, FLU, HPV, PERTUSSIS, 3IN1\nfeatures/APITests/steps/common_steps.py:132 in operationOutcomeInvalidParams() -> validate_error_response(error_response, expected_error)\nutilities/api_fhir_immunization_helper.py:103 in validate_error_response() -> check.is_true(\n\nFAILURE: check bool(False): Expected Diagnostics: Search parameter -date.from must be in format: YYYY-MM-DD; Search parameter _include may only be 'Immunization:patient' if provided., got immunization-target must be one or more of the following: RSV, SHINGLES, MMR, MMRV, PCV13, MENACWY, COVID, FLU, HPV, PERTUSSIS, 3IN1\n------------------------------------------------------------\nFailed Checks: 2","statusTrace":"FAILURE: check bool(False): Expected Diagnostics: Search parameter -date.from must be in format: YYYY-MM-DD; Search parameter _include may only be 'Immunization:patient' if provided., got immunization-target must be one or more of the following: RSV, SHINGLES, MMR, MMRV, PCV13, MENACWY, COVID, FLU, HPV, PERTUSSIS, 3IN1\nfeatures/APITests/steps/common_steps.py:132 in operationOutcomeInvalidParams() -> validate_error_response(error_response, expected_error)\nutilities/api_fhir_immunization_helper.py:103 in validate_error_response() -> check.is_true(\n\nFAILURE: check bool(False): Expected Diagnostics: Search parameter -date.from must be in format: YYYY-MM-DD; Search parameter _include may only be 'Immunization:patient' if provided., got immunization-target must be one or more of the following: RSV, SHINGLES, MMR, MMRV, PCV13, MENACWY, COVID, FLU, HPV, PERTUSSIS, 3IN1\n------------------------------------------------------------\nFailed Checks: 2","flaky":false,"newFailed":false,"newBroken":false,"newPassed":false,"retriesCount":0,"retriesStatusChange":false,"beforeStages":[{"name":"setup_environment","time":{"start":1762274063195,"stop":1762274063195,"duration":0},"status":"passed","steps":[],"attachments":[],"parameters":[],"stepsCount":0,"shouldDisplayMessage":false,"attachmentsCount":0,"hasContent":false,"attachmentStep":false},{"name":"global_context","time":{"start":1762274063198,"stop":1762274064846,"duration":1648},"status":"passed","steps":[],"attachments":[],"parameters":[],"stepsCount":0,"shouldDisplayMessage":false,"attachmentsCount":0,"hasContent":false,"attachmentStep":false},{"name":"context","time":{"start":1762274310904,"stop":1762274312207,"duration":1303},"status":"passed","steps":[],"attachments":[],"parameters":[],"stepsCount":0,"shouldDisplayMessage":false,"attachmentsCount":0,"hasContent":false,"attachmentStep":false},{"name":"_pytest_bdd_example","time":{"start":1762274352461,"stop":1762274352461,"duration":0},"status":"passed","steps":[],"attachments":[],"parameters":[],"stepsCount":0,"shouldDisplayMessage":false,"attachmentsCount":0,"hasContent":false,"attachmentStep":false}],"testStage":{"description":"/home/runner/work/imms_fhir_api_automation/imms_fhir_api_automation/features/APITests/search.feature: Verify that Search API will throw error if both different combination of dates and include is invalid","status":"failed","statusMessage":"AssertionError: FAILURE: check bool(False): Expected Diagnostics: Search parameter -date.from must be in format: YYYY-MM-DD; Search parameter _include may only be 'Immunization:patient' if provided., got immunization-target must be one or more of the following: RSV, SHINGLES, MMR, MMRV, PCV13, MENACWY, COVID, FLU, HPV, PERTUSSIS, 3IN1\nfeatures/APITests/steps/common_steps.py:132 in operationOutcomeInvalidParams() -> validate_error_response(error_response, expected_error)\nutilities/api_fhir_immunization_helper.py:103 in validate_error_response() -> check.is_true(\n\nFAILURE: check bool(False): Expected Diagnostics: Search parameter -date.from must be in format: YYYY-MM-DD; Search parameter _include may only be 'Immunization:patient' if provided., got immunization-target must be one or more of the following: RSV, SHINGLES, MMR, MMRV, PCV13, MENACWY, COVID, FLU, HPV, PERTUSSIS, 3IN1\n------------------------------------------------------------\nFailed Checks: 2","statusTrace":"FAILURE: check bool(False): Expected Diagnostics: Search parameter -date.from must be in format: YYYY-MM-DD; Search parameter _include may only be 'Immunization:patient' if provided., got immunization-target must be one or more of the following: RSV, SHINGLES, MMR, MMRV, PCV13, MENACWY, COVID, FLU, HPV, PERTUSSIS, 3IN1\nfeatures/APITests/steps/common_steps.py:132 in operationOutcomeInvalidParams() -> validate_error_response(error_response, expected_error)\nutilities/api_fhir_immunization_helper.py:103 in validate_error_response() -> check.is_true(\n\nFAILURE: check bool(False): Expected Diagnostics: Search parameter -date.from must be in format: YYYY-MM-DD; Search parameter _include may only be 'Immunization:patient' if provided., got immunization-target must be one or more of the following: RSV, SHINGLES, MMR, MMRV, PCV13, MENACWY, COVID, FLU, HPV, PERTUSSIS, 3IN1\n------------------------------------------------------------\nFailed Checks: 2","steps":[],"attachments":[{"uid":"734db1619cb69933","name":"Step Passed: Send a search request with GET method with valid NHS Number '9728403348' and valid Disease Type 'COVID19' and Date From '2025-13-01' and Date To '2025-12-01' and include 'abc'","source":"734db1619cb69933.txt","type":"text/plain","size":194},{"uid":"ce8876862e10bfb8","name":"Step Passed: The request will be unsuccessful with the status code '400'","source":"ce8876862e10bfb8.txt","type":"text/plain","size":78},{"uid":"98579247139f4cfe","name":"Step Passed: The Search Response JSONs should contain correct error message for invalid Date From, Date To and include","source":"98579247139f4cfe.txt","type":"text/plain","size":124},{"uid":"8a2e39575964d720","name":"Step Passed: Send a search request with POST method with valid NHS Number '9728403348' and valid Disease Type 'COVID19' and Date From '2025-13-01' and Date To '2025-12-01' and include 'abc'","source":"8a2e39575964d720.txt","type":"text/plain","size":195},{"uid":"4b142637fe29e5d0","name":"Step Passed: The request will be unsuccessful with the status code '400'","source":"4b142637fe29e5d0.txt","type":"text/plain","size":78},{"uid":"f888b225a37e6b27","name":"Step Passed: The Search Response JSONs should contain correct error message for invalid Date From, Date To and include","source":"f888b225a37e6b27.txt","type":"text/plain","size":124},{"uid":"358ded53a8a9853","name":"stdout","source":"358ded53a8a9853.txt","type":"text/plain","size":1391}],"parameters":[],"stepsCount":0,"shouldDisplayMessage":true,"attachmentsCount":7,"hasContent":true,"attachmentStep":false},"afterStages":[],"labels":[{"name":"epic","value":"Immunization Service"},{"name":"suite","value":"Search the immunization of a patient"},{"name":"feature","value":"Search the immunization of a patient"},{"name":"tag","value":"Search_Feature"},{"name":"tag","value":"supplier_name_Postman_Auth"},{"name":"parentSuite","value":"features.APITests.steps"},{"name":"host","value":"runnervmf2e7y"},{"name":"thread","value":"2487-MainThread"},{"name":"framework","value":"pytest"},{"name":"language","value":"cpython3"},{"name":"package","value":"features.APITests.steps.test_search_steps"},{"name":"resultFormat","value":"allure2"}],"parameters":[{"name":"_pytest_bdd_example","value":"{'NHSNumber': '9728403348', 'vaccine_type': 'COVID19', 'DateFrom': '2025-13-01', 'DateTo': '2025-12-01', 'include': 'abc'}"}],"links":[],"hidden":false,"retry":false,"extra":{"severity":"normal","retries":[],"categories":[{"name":"Product defects","matchedStatuses":[],"flaky":false}],"tags":["Search_Feature","supplier_name_Postman_Auth"]},"source":"86fa665f81607a3f.json","parameterValues":["{'NHSNumber': '9728403348', 'vaccine_type': 'COVID19', 'DateFrom': '2025-13-01', 'DateTo': '2025-12-01', 'include': 'abc'}"]}