{"uid":"8991a37ec9d361dc","name":"Verify that Search API will throw error if include is invalid","fullName":"features.APITests.steps.test_search_steps#test_verify_that_search_api_will_throw_error_if_include_is_invalid","historyId":"5a43602390bf7d36c690318cb65ee238","time":{"start":1762274305888,"stop":1762274308144,"duration":2256},"description":"/home/runner/work/imms_fhir_api_automation/imms_fhir_api_automation/features/APITests/search.feature: Verify that Search API will throw error if include is invalid","descriptionHtml":"<p>/home/runner/work/imms_fhir_api_automation/imms_fhir_api_automation/features/APITests/search.feature: Verify that Search API will throw error if include is invalid</p>\n","status":"failed","statusMessage":"AssertionError: FAILURE: check bool(False): Expected Diagnostics: Search parameter _include may only be 'Immunization:patient' if provided., got immunization-target must be one or more of the following: RSV, SHINGLES, MMR, MMRV, PCV13, MENACWY, COVID, FLU, HPV, PERTUSSIS, 3IN1\nfeatures/APITests/steps/common_steps.py:132 in operationOutcomeInvalidParams() -> validate_error_response(error_response, expected_error)\nutilities/api_fhir_immunization_helper.py:103 in validate_error_response() -> check.is_true(\n\nFAILURE: check bool(False): Expected Diagnostics: Search parameter _include may only be 'Immunization:patient' if provided., got immunization-target must be one or more of the following: RSV, SHINGLES, MMR, MMRV, PCV13, MENACWY, COVID, FLU, HPV, PERTUSSIS, 3IN1\n------------------------------------------------------------\nFailed Checks: 2","statusTrace":"FAILURE: check bool(False): Expected Diagnostics: Search parameter _include may only be 'Immunization:patient' if provided., got immunization-target must be one or more of the following: RSV, SHINGLES, MMR, MMRV, PCV13, MENACWY, COVID, FLU, HPV, PERTUSSIS, 3IN1\nfeatures/APITests/steps/common_steps.py:132 in operationOutcomeInvalidParams() -> validate_error_response(error_response, expected_error)\nutilities/api_fhir_immunization_helper.py:103 in validate_error_response() -> check.is_true(\n\nFAILURE: check bool(False): Expected Diagnostics: Search parameter _include may only be 'Immunization:patient' if provided., got immunization-target must be one or more of the following: RSV, SHINGLES, MMR, MMRV, PCV13, MENACWY, COVID, FLU, HPV, PERTUSSIS, 3IN1\n------------------------------------------------------------\nFailed Checks: 2","flaky":false,"newFailed":false,"newBroken":false,"newPassed":false,"retriesCount":0,"retriesStatusChange":false,"beforeStages":[{"name":"setup_environment","time":{"start":1762274063195,"stop":1762274063195,"duration":0},"status":"passed","steps":[],"attachments":[],"parameters":[],"stepsCount":0,"shouldDisplayMessage":false,"attachmentsCount":0,"hasContent":false,"attachmentStep":false},{"name":"global_context","time":{"start":1762274063198,"stop":1762274064846,"duration":1648},"status":"passed","steps":[],"attachments":[],"parameters":[],"stepsCount":0,"shouldDisplayMessage":false,"attachmentsCount":0,"hasContent":false,"attachmentStep":false},{"name":"context","time":{"start":1762274305888,"stop":1762274307137,"duration":1249},"status":"passed","steps":[],"attachments":[],"parameters":[],"stepsCount":0,"shouldDisplayMessage":false,"attachmentsCount":0,"hasContent":false,"attachmentStep":false},{"name":"_pytest_bdd_example","time":{"start":1762274352461,"stop":1762274352461,"duration":0},"status":"passed","steps":[],"attachments":[],"parameters":[],"stepsCount":0,"shouldDisplayMessage":false,"attachmentsCount":0,"hasContent":false,"attachmentStep":false}],"testStage":{"description":"/home/runner/work/imms_fhir_api_automation/imms_fhir_api_automation/features/APITests/search.feature: Verify that Search API will throw error if include is invalid","status":"failed","statusMessage":"AssertionError: FAILURE: check bool(False): Expected Diagnostics: Search parameter _include may only be 'Immunization:patient' if provided., got immunization-target must be one or more of the following: RSV, SHINGLES, MMR, MMRV, PCV13, MENACWY, COVID, FLU, HPV, PERTUSSIS, 3IN1\nfeatures/APITests/steps/common_steps.py:132 in operationOutcomeInvalidParams() -> validate_error_response(error_response, expected_error)\nutilities/api_fhir_immunization_helper.py:103 in validate_error_response() -> check.is_true(\n\nFAILURE: check bool(False): Expected Diagnostics: Search parameter _include may only be 'Immunization:patient' if provided., got immunization-target must be one or more of the following: RSV, SHINGLES, MMR, MMRV, PCV13, MENACWY, COVID, FLU, HPV, PERTUSSIS, 3IN1\n------------------------------------------------------------\nFailed Checks: 2","statusTrace":"FAILURE: check bool(False): Expected Diagnostics: Search parameter _include may only be 'Immunization:patient' if provided., got immunization-target must be one or more of the following: RSV, SHINGLES, MMR, MMRV, PCV13, MENACWY, COVID, FLU, HPV, PERTUSSIS, 3IN1\nfeatures/APITests/steps/common_steps.py:132 in operationOutcomeInvalidParams() -> validate_error_response(error_response, expected_error)\nutilities/api_fhir_immunization_helper.py:103 in validate_error_response() -> check.is_true(\n\nFAILURE: check bool(False): Expected Diagnostics: Search parameter _include may only be 'Immunization:patient' if provided., got immunization-target must be one or more of the following: RSV, SHINGLES, MMR, MMRV, PCV13, MENACWY, COVID, FLU, HPV, PERTUSSIS, 3IN1\n------------------------------------------------------------\nFailed Checks: 2","steps":[],"attachments":[{"uid":"f6f080e376b8f4db","name":"Step Passed: Send a search request with GET method with valid NHS Number '9728403348' and valid Disease Type 'COVID19' and invalid include 'abc'","source":"f6f080e376b8f4db.txt","type":"text/plain","size":150},{"uid":"4633a76d9aea4a20","name":"Step Passed: The request will be unsuccessful with the status code '400'","source":"4633a76d9aea4a20.txt","type":"text/plain","size":78},{"uid":"eebd24debf725168","name":"Step Passed: The Search Response JSONs should contain correct error message for invalid include","source":"eebd24debf725168.txt","type":"text/plain","size":101},{"uid":"78ad1d96af0145b2","name":"Step Passed: Send a search request with POST method with valid NHS Number '9728403348' and valid Disease Type 'COVID19' and invalid include 'abc'","source":"78ad1d96af0145b2.txt","type":"text/plain","size":151},{"uid":"fbfeed312923b5c0","name":"Step Passed: The request will be unsuccessful with the status code '400'","source":"fbfeed312923b5c0.txt","type":"text/plain","size":78},{"uid":"7dbc9052384763d","name":"Step Passed: The Search Response JSONs should contain correct error message for invalid include","source":"7dbc9052384763d.txt","type":"text/plain","size":101},{"uid":"d1dd623aeeb14510","name":"stdout","source":"d1dd623aeeb14510.txt","type":"text/plain","size":1307}],"parameters":[],"stepsCount":0,"shouldDisplayMessage":true,"attachmentsCount":7,"hasContent":true,"attachmentStep":false},"afterStages":[],"labels":[{"name":"epic","value":"Immunization Service"},{"name":"suite","value":"Search the immunization of a patient"},{"name":"feature","value":"Search the immunization of a patient"},{"name":"tag","value":"Search_Feature"},{"name":"tag","value":"supplier_name_Postman_Auth"},{"name":"parentSuite","value":"features.APITests.steps"},{"name":"host","value":"runnervmf2e7y"},{"name":"thread","value":"2487-MainThread"},{"name":"framework","value":"pytest"},{"name":"language","value":"cpython3"},{"name":"package","value":"features.APITests.steps.test_search_steps"},{"name":"resultFormat","value":"allure2"}],"parameters":[{"name":"_pytest_bdd_example","value":"{'NHSNumber': '9728403348', 'vaccine_type': 'COVID19', 'include': 'abc'}"}],"links":[],"hidden":false,"retry":false,"extra":{"severity":"normal","retries":[],"categories":[{"name":"Product defects","matchedStatuses":[],"flaky":false}],"tags":["Search_Feature","supplier_name_Postman_Auth"]},"source":"8991a37ec9d361dc.json","parameterValues":["{'NHSNumber': '9728403348', 'vaccine_type': 'COVID19', 'include': 'abc'}"]}