{"uid":"ca9b82694ddd9893","name":"verify that vaccination record will be get rejected if Person nhs number, name and gender is invalid in batch file","fullName":"features.batchTests.Steps.test_create_batch_steps#test_verify_that_vaccination_record_will_be_get_rejected_if_person_nhs_number_name_and_gender_is_invalid_in_batch_file","historyId":"4a5570ecca2f32806c8b87174b4f6f04","time":{"start":1768302777769,"stop":1768302817398,"duration":39629},"description":"/home/runner/work/imms_fhir_api_automation/imms_fhir_api_automation/features/batchTests/create_batch.feature: verify that vaccination record will be get rejected if Person nhs number, name and gender is invalid in batch file","descriptionHtml":"<p>/home/runner/work/imms_fhir_api_automation/imms_fhir_api_automation/features/batchTests/create_batch.feature: verify that vaccination record will be get rejected if Person nhs number, name and gender is invalid in batch file</p>\n","status":"failed","statusMessage":"AssertionError: One or more records failed validation checks","statusTrace":"fixturefunc = <function all_record_are_rejected_for_given_field_name at 0x7f39d4261bc0>\nrequest = <FixtureRequest for <Function test_verify_that_vaccination_record_will_be_get_rejected_if_person_nhs_number_name_and_gender_is_invalid_in_batch_file>>\nkwargs = {'context': <utilities.context.ScenarioContext object at 0x7f39d3f93b50>}\n\n    def call_fixture_func(\n        fixturefunc: _FixtureFunc[FixtureValue], request: FixtureRequest, kwargs\n    ) -> FixtureValue:\n        if is_generator(fixturefunc):\n            fixturefunc = cast(\n                Callable[..., Generator[FixtureValue, None, None]], fixturefunc\n            )\n            generator = fixturefunc(**kwargs)\n            try:\n                fixture_result = next(generator)\n            except StopIteration:\n                raise ValueError(f\"{request.fixturename} did not yield a value\") from None\n            finalizer = functools.partial(_teardown_yield_fixture, fixturefunc, generator)\n            request.addfinalizer(finalizer)\n        else:\n            fixturefunc = cast(Callable[..., FixtureValue], fixturefunc)\n>           fixture_result = fixturefunc(**kwargs)\n\nvenv/lib/python3.11/site-packages/_pytest/fixtures.py:898: \n_ _ _ _ _ _ _ _ _ _ _ _ _ _ _ _ _ _ _ _ _ _ _ _ _ _ _ _ _ _ _ _ _ _ _ _ _ _ _ _ \n\ncontext = <utilities.context.ScenarioContext object at 0x7f39d3f93b50>\n\n    @then(\"all records are rejected in the bus ack file and no imms id is generated\")\n    def all_record_are_rejected_for_given_field_name(context):\n        file_rows = read_and_validate_bus_ack_file_content(context)\n        all_valid = validate_bus_ack_file_for_error(context, file_rows)\n>       assert all_valid, \"One or more records failed validation checks\"\nE       AssertionError: One or more records failed validation checks\n\nfeatures/batchTests/Steps/batch_common_steps.py:182: AssertionError","flaky":false,"newFailed":false,"newBroken":false,"newPassed":false,"retriesCount":0,"retriesStatusChange":false,"beforeStages":[{"name":"setup_environment","time":{"start":1768302471244,"stop":1768302471244,"duration":0},"status":"passed","steps":[],"attachments":[],"parameters":[],"stepsCount":0,"shouldDisplayMessage":false,"attachmentsCount":0,"hasContent":false,"attachmentStep":false},{"name":"global_context","time":{"start":1768302471246,"stop":1768302473041,"duration":1795},"status":"passed","steps":[],"attachments":[],"parameters":[],"stepsCount":0,"shouldDisplayMessage":false,"attachmentsCount":0,"hasContent":false,"attachmentStep":false},{"name":"_pytest_bdd_example","time":{"start":1768302777769,"stop":1768302777769,"duration":0},"status":"passed","steps":[],"attachments":[],"parameters":[],"stepsCount":0,"shouldDisplayMessage":false,"attachmentsCount":0,"hasContent":false,"attachmentStep":false},{"name":"context","time":{"start":1768302777770,"stop":1768302779578,"duration":1808},"status":"passed","steps":[],"attachments":[],"parameters":[],"stepsCount":0,"shouldDisplayMessage":false,"attachmentsCount":0,"hasContent":false,"attachmentStep":false}],"testStage":{"description":"/home/runner/work/imms_fhir_api_automation/imms_fhir_api_automation/features/batchTests/create_batch.feature: verify that vaccination record will be get rejected if Person nhs number, name and gender is invalid in batch file","status":"failed","statusMessage":"AssertionError: One or more records failed validation checks","statusTrace":"fixturefunc = <function all_record_are_rejected_for_given_field_name at 0x7f39d4261bc0>\nrequest = <FixtureRequest for <Function test_verify_that_vaccination_record_will_be_get_rejected_if_person_nhs_number_name_and_gender_is_invalid_in_batch_file>>\nkwargs = {'context': <utilities.context.ScenarioContext object at 0x7f39d3f93b50>}\n\n    def call_fixture_func(\n        fixturefunc: _FixtureFunc[FixtureValue], request: FixtureRequest, kwargs\n    ) -> FixtureValue:\n        if is_generator(fixturefunc):\n            fixturefunc = cast(\n                Callable[..., Generator[FixtureValue, None, None]], fixturefunc\n            )\n            generator = fixturefunc(**kwargs)\n            try:\n                fixture_result = next(generator)\n            except StopIteration:\n                raise ValueError(f\"{request.fixturename} did not yield a value\") from None\n            finalizer = functools.partial(_teardown_yield_fixture, fixturefunc, generator)\n            request.addfinalizer(finalizer)\n        else:\n            fixturefunc = cast(Callable[..., FixtureValue], fixturefunc)\n>           fixture_result = fixturefunc(**kwargs)\n\nvenv/lib/python3.11/site-packages/_pytest/fixtures.py:898: \n_ _ _ _ _ _ _ _ _ _ _ _ _ _ _ _ _ _ _ _ _ _ _ _ _ _ _ _ _ _ _ _ _ _ _ _ _ _ _ _ \n\ncontext = <utilities.context.ScenarioContext object at 0x7f39d3f93b50>\n\n    @then(\"all records are rejected in the bus ack file and no imms id is generated\")\n    def all_record_are_rejected_for_given_field_name(context):\n        file_rows = read_and_validate_bus_ack_file_content(context)\n        all_valid = validate_bus_ack_file_for_error(context, file_rows)\n>       assert all_valid, \"One or more records failed validation checks\"\nE       AssertionError: One or more records failed validation checks\n\nfeatures/batchTests/Steps/batch_common_steps.py:182: AssertionError","steps":[],"attachments":[{"uid":"c386cc17f1268cb2","name":"Step Passed: batch file is created for below data where Person detail has invalid data","source":"c386cc17f1268cb2.txt","type":"text/plain","size":92},{"uid":"e1b4a42c98edb720","name":"Step Passed: batch file is uploaded in s3 bucket","source":"e1b4a42c98edb720.txt","type":"text/plain","size":54},{"uid":"416a31d9b0b495a9","name":"Step Passed: file will be moved to destination bucket and inf ack file will be created","source":"416a31d9b0b495a9.txt","type":"text/plain","size":92},{"uid":"9f923f6f9241da0c","name":"Step Passed: inf ack file has success status for processed batch file","source":"9f923f6f9241da0c.txt","type":"text/plain","size":75},{"uid":"dd5c972de4b4b58a","name":"Step Passed: bus ack file will be created","source":"dd5c972de4b4b58a.txt","type":"text/plain","size":47},{"uid":"f76c77f202dd6087","name":"Step Failed: all records are rejected in the bus ack file and no imms id is generated","source":"f76c77f202dd6087.txt","type":"text/plain","size":147},{"uid":"2c66a1f1e9ab9354","name":"stdout","source":"2c66a1f1e9ab9354.txt","type":"text/plain","size":1535}],"parameters":[],"stepsCount":0,"shouldDisplayMessage":true,"attachmentsCount":7,"hasContent":true,"attachmentStep":false},"afterStages":[],"labels":[{"name":"epic","value":"Immunization Service"},{"name":"suite","value":"Create the immunization event for a patient through batch file"},{"name":"feature","value":"Create the immunization event for a patient through batch file"},{"name":"tag","value":"Create_Batch_Feature"},{"name":"tag","value":"vaccine_type_FLU"},{"name":"tag","value":"functional"},{"name":"tag","value":"supplier_name_MAVIS"},{"name":"parentSuite","value":"features.batchTests.Steps"},{"name":"host","value":"runnervmi13qx"},{"name":"thread","value":"2563-MainThread"},{"name":"framework","value":"pytest"},{"name":"language","value":"cpython3"},{"name":"package","value":"features.batchTests.Steps.test_create_batch_steps"},{"name":"resultFormat","value":"allure2"}],"parameters":[],"links":[],"hidden":false,"retry":false,"extra":{"severity":"normal","retries":[],"categories":[{"name":"Product defects","matchedStatuses":[],"flaky":false}],"history":{"statistic":{"failed":2,"broken":0,"skipped":0,"passed":5,"unknown":0,"total":7},"items":[{"uid":"3fb23e73fb93b244","reportUrl":"https://NHSDigital.github.io/imms_fhir_api_automation/224/#testresult/3fb23e73fb93b244","status":"failed","statusDetails":"AssertionError: One or more records failed validation checks","time":{"start":1768208523352,"stop":1768208563624,"duration":40272}},{"uid":"1ec55e78ad8cfc62","reportUrl":"https://NHSDigital.github.io/imms_fhir_api_automation/220/#testresult/1ec55e78ad8cfc62","status":"passed","time":{"start":1767954508423,"stop":1767954559925,"duration":51502}},{"uid":"e2b20d0fdfad653f","reportUrl":"https://NHSDigital.github.io/imms_fhir_api_automation/218/#testresult/e2b20d0fdfad653f","status":"passed","time":{"start":1767863901252,"stop":1767863941892,"duration":40640}},{"uid":"7af828d81418d3ca","reportUrl":"https://NHSDigital.github.io/imms_fhir_api_automation/215/#testresult/7af828d81418d3ca","status":"passed","time":{"start":1767713783948,"stop":1767713824922,"duration":40974}},{"uid":"e2ebb32ba1144b4f","reportUrl":"https://NHSDigital.github.io/imms_fhir_api_automation/213/#testresult/e2ebb32ba1144b4f","status":"passed","time":{"start":1767173393966,"stop":1767173433122,"duration":39156}},{"uid":"166a4216e2329504","reportUrl":"https://NHSDigital.github.io/imms_fhir_api_automation/210/#testresult/166a4216e2329504","status":"passed","time":{"start":1766482675367,"stop":1766482715918,"duration":40551}}]},"tags":["vaccine_type_FLU","functional","Create_Batch_Feature","supplier_name_MAVIS"]},"source":"ca9b82694ddd9893.json","parameterValues":[]}