{"uid":"35658d50d692daa8","name":"verify that vaccination file will be rejected if one of mandatory column is missing","fullName":"features.batchTests.Steps.test_batch_file_validation_steps#test_verify_that_vaccination_file_will_be_rejected_if_one_of_mandatory_column_is_missing","historyId":"9897617361a492b1077eae21fa18c354","time":{"start":1762960658136,"stop":1762960784513,"duration":126377},"description":"/home/runner/work/imms_fhir_api_automation/imms_fhir_api_automation/features/batchTests/batch_file_validation.feature: verify that vaccination file will be rejected if one of mandatory column is missing","descriptionHtml":"<p>/home/runner/work/imms_fhir_api_automation/imms_fhir_api_automation/features/batchTests/batch_file_validation.feature: verify that vaccination file will be rejected if one of mandatory column is missing</p>\n","status":"failed","statusMessage":"AssertionError: File not found in archive after timeout","statusTrace":"fixturefunc = <function batch_file_upload_in_s3_bucket at 0x7fb14be500e0>\nrequest = <FixtureRequest for <Function test_verify_that_vaccination_file_will_be_rejected_if_one_of_mandatory_column_is_missing>>\nkwargs = {'context': <utilities.context.ScenarioContext object at 0x7fb148d08d10>}\n\n    def call_fixture_func(\n        fixturefunc: _FixtureFunc[FixtureValue], request: FixtureRequest, kwargs\n    ) -> FixtureValue:\n        if is_generator(fixturefunc):\n            fixturefunc = cast(\n                Callable[..., Generator[FixtureValue, None, None]], fixturefunc\n            )\n            generator = fixturefunc(**kwargs)\n            try:\n                fixture_result = next(generator)\n            except StopIteration:\n                raise ValueError(f\"{request.fixturename} did not yield a value\") from None\n            finalizer = functools.partial(_teardown_yield_fixture, fixturefunc, generator)\n            request.addfinalizer(finalizer)\n        else:\n            fixturefunc = cast(Callable[..., FixtureValue], fixturefunc)\n>           fixture_result = fixturefunc(**kwargs)\n\nvenv/lib/python3.11/site-packages/_pytest/fixtures.py:898: \n_ _ _ _ _ _ _ _ _ _ _ _ _ _ _ _ _ _ _ _ _ _ _ _ _ _ _ _ _ _ _ _ _ _ _ _ _ _ _ _ \nfeatures/batchTests/Steps/batch_common_steps.py:60: in wrapper\n    return func(*args, **kwargs)\n_ _ _ _ _ _ _ _ _ _ _ _ _ _ _ _ _ _ _ _ _ _ _ _ _ _ _ _ _ _ _ _ _ _ _ _ _ _ _ _ \n\ncontext = <utilities.context.ScenarioContext object at 0x7fb148d08d10>\n\n    @when(\"same batch file is uploaded again in s3 bucket\")\n    @when(\"batch file is uploaded in s3 bucket\")\n    @ignore_local_run_set_test_data\n    def batch_file_upload_in_s3_bucket(context):\n        upload_file_to_S3(context)\n        print(f\"Batch file uploaded to S3: {context.filename}\")\n        fileIsMoved = wait_for_file_to_move_archive(context)\n>       assert fileIsMoved, f\"File not found in archive after timeout\"\nE       AssertionError: File not found in archive after timeout\n\nfeatures/batchTests/Steps/batch_common_steps.py:85: AssertionError","flaky":false,"newFailed":false,"newBroken":false,"newPassed":false,"retriesCount":0,"retriesStatusChange":false,"beforeStages":[{"name":"_pytest_bdd_example","time":{"start":1762960658136,"stop":1762960658136,"duration":0},"status":"passed","steps":[],"attachments":[],"parameters":[],"stepsCount":0,"shouldDisplayMessage":false,"attachmentsCount":0,"hasContent":false,"attachmentStep":false},{"name":"context","time":{"start":1762960658137,"stop":1762960660289,"duration":2152},"status":"passed","steps":[],"attachments":[],"parameters":[],"stepsCount":0,"shouldDisplayMessage":false,"attachmentsCount":0,"hasContent":false,"attachmentStep":false}],"testStage":{"description":"/home/runner/work/imms_fhir_api_automation/imms_fhir_api_automation/features/batchTests/batch_file_validation.feature: verify that vaccination file will be rejected if one of mandatory column is missing","status":"failed","statusMessage":"AssertionError: File not found in archive after timeout","statusTrace":"fixturefunc = <function batch_file_upload_in_s3_bucket at 0x7fb14be500e0>\nrequest = <FixtureRequest for <Function test_verify_that_vaccination_file_will_be_rejected_if_one_of_mandatory_column_is_missing>>\nkwargs = {'context': <utilities.context.ScenarioContext object at 0x7fb148d08d10>}\n\n    def call_fixture_func(\n        fixturefunc: _FixtureFunc[FixtureValue], request: FixtureRequest, kwargs\n    ) -> FixtureValue:\n        if is_generator(fixturefunc):\n            fixturefunc = cast(\n                Callable[..., Generator[FixtureValue, None, None]], fixturefunc\n            )\n            generator = fixturefunc(**kwargs)\n            try:\n                fixture_result = next(generator)\n            except StopIteration:\n                raise ValueError(f\"{request.fixturename} did not yield a value\") from None\n            finalizer = functools.partial(_teardown_yield_fixture, fixturefunc, generator)\n            request.addfinalizer(finalizer)\n        else:\n            fixturefunc = cast(Callable[..., FixtureValue], fixturefunc)\n>           fixture_result = fixturefunc(**kwargs)\n\nvenv/lib/python3.11/site-packages/_pytest/fixtures.py:898: \n_ _ _ _ _ _ _ _ _ _ _ _ _ _ _ _ _ _ _ _ _ _ _ _ _ _ _ _ _ _ _ _ _ _ _ _ _ _ _ _ \nfeatures/batchTests/Steps/batch_common_steps.py:60: in wrapper\n    return func(*args, **kwargs)\n_ _ _ _ _ _ _ _ _ _ _ _ _ _ _ _ _ _ _ _ _ _ _ _ _ _ _ _ _ _ _ _ _ _ _ _ _ _ _ _ \n\ncontext = <utilities.context.ScenarioContext object at 0x7fb148d08d10>\n\n    @when(\"same batch file is uploaded again in s3 bucket\")\n    @when(\"batch file is uploaded in s3 bucket\")\n    @ignore_local_run_set_test_data\n    def batch_file_upload_in_s3_bucket(context):\n        upload_file_to_S3(context)\n        print(f\"Batch file uploaded to S3: {context.filename}\")\n        fileIsMoved = wait_for_file_to_move_archive(context)\n>       assert fileIsMoved, f\"File not found in archive after timeout\"\nE       AssertionError: File not found in archive after timeout\n\nfeatures/batchTests/Steps/batch_common_steps.py:85: AssertionError","steps":[],"attachments":[{"uid":"d6136a23a2421ed3","name":"Step Passed: batch file is created with missing column of patient DOB for below data","source":"d6136a23a2421ed3.txt","type":"text/plain","size":90},{"uid":"645b1ac2ef6598bf","name":"Step Failed: batch file is uploaded in s3 bucket","source":"645b1ac2ef6598bf.txt","type":"text/plain","size":105},{"uid":"a164c6cc02c4c53b","name":"stdout","source":"a164c6cc02c4c53b.txt","type":"text/plain","size":1155}],"parameters":[],"stepsCount":0,"shouldDisplayMessage":true,"attachmentsCount":3,"hasContent":true,"attachmentStep":false},"afterStages":[],"labels":[{"name":"epic","value":"Immunization Service"},{"name":"suite","value":"Validate the file level and columns validations for vaccination batch file"},{"name":"feature","value":"Validate the file level and columns validations for vaccination batch file"},{"name":"tag","value":"supplier_name_MAVIS"},{"name":"tag","value":"vaccine_type_HPV"},{"name":"tag","value":"Batch_File_Validation_Feature"},{"name":"tag","value":"functional"},{"name":"parentSuite","value":"features.batchTests.Steps"},{"name":"host","value":"runnervmw9dnm"},{"name":"thread","value":"2502-MainThread"},{"name":"framework","value":"pytest"},{"name":"language","value":"cpython3"},{"name":"package","value":"features.batchTests.Steps.test_batch_file_validation_steps"},{"name":"resultFormat","value":"allure2"}],"parameters":[],"links":[],"hidden":false,"retry":false,"extra":{"severity":"normal","retries":[],"categories":[{"name":"Product defects","matchedStatuses":[],"flaky":false}],"tags":["functional","vaccine_type_HPV","supplier_name_MAVIS","Batch_File_Validation_Feature"]},"source":"35658d50d692daa8.json","parameterValues":[]}